<?xml version="1.0" encoding="utf-8"?><testsuites name="pytest tests"><testsuite name="pytest" errors="0" failures="0" skipped="0" tests="8" time="15.577" timestamp="2026-07-09T20:34:35.720989+00:00" hostname="agent-env-376034b0-5444-43e2-97fc-f8b3c10d6b69"><testcase classname="tests.test_iter60_phone_otp.TestPhoneOtpNormalizedSendNormalizedVerify" name="test_happy_path_e164_e164" time="2.183" /><testcase classname="tests.test_iter60_phone_otp.TestPhoneOtpNormalizedSendRawVerify" name="test_reported_bug_scenario" time="2.086" /><testcase classname="tests.test_iter60_phone_otp.TestPhoneOtpRawSendRawVerify" name="test_raw_raw_flow" time="1.832" /><testcase classname="tests.test_iter60_phone_otp.TestPhoneOtpWrongOtp" name="test_wrong_otp_returns_400" time="1.728" /><testcase classname="tests.test_iter60_phone_otp.TestPhoneOtpInvalidPhone" name="test_invalid_phone_on_verify" time="1.864" /><testcase classname="tests.test_iter60_phone_otp.TestPhoneOtpExpired" name="test_expired_otp_rejected" time="1.730" /><testcase classname="tests.test_iter60_phone_otp.TestProGmailOtpRegression" name="test_pro_gmail_send_verify" time="1.962" /><testcase classname="tests.test_iter60_phone_otp.TestAuthMeAfterPhoneVerify" name="test_missing_fields_drops_verify_mobile" time="2.150" /></testsuite></testsuites>