<?xml version="1.0" encoding="utf-8"?><testsuites name="pytest tests"><testsuite name="pytest" errors="0" failures="0" skipped="0" tests="20" time="10.022" timestamp="2026-07-12T17:11:34.896006+00:00" hostname="agent-env-376034b0-5444-43e2-97fc-f8b3c10d6b69"><testcase classname="backend.tests.test_iter63_skills_suggest.TestSkillsSuggest" name="test_public_no_auth_required" time="0.253" /><testcase classname="backend.tests.test_iter63_skills_suggest.TestSkillsSuggest" name="test_empty_q_returns_popular_capped_by_limit" time="0.105" /><testcase classname="backend.tests.test_iter63_skills_suggest.TestSkillsSuggest" name="test_master_skills_all_findable" time="4.570" /><testcase classname="backend.tests.test_iter63_skills_suggest.TestSkillsSuggest" name="test_limit_capped_and_clamped" time="0.310" /><testcase classname="backend.tests.test_iter63_skills_suggest.TestSkillsSuggest" name="test_query_p_returns_p_skills" time="0.096" /><testcase classname="backend.tests.test_iter63_skills_suggest.TestSkillsSuggest" name="test_query_py_returns_python" time="0.094" /><testcase classname="backend.tests.test_iter63_skills_suggest.TestSkillsSuggest" name="test_query_java_returns_java" time="0.101" /><testcase classname="backend.tests.test_iter63_skills_suggest.TestSkillsSuggest" name="test_case_insensitive" time="0.286" /><testcase classname="backend.tests.test_iter63_skills_suggest.TestSkillsSuggest" name="test_starts_with_ordered_before_contains" time="0.090" /><testcase classname="backend.tests.test_iter63_skills_suggest.TestSkillsSuggest" name="test_query_s_uppercase_letter" time="0.092" /><testcase classname="backend.tests.test_iter63_skills_suggest.TestSkillsSuggestAggregation" name="test_aggregation_from_jobs_collection" time="0.500" /><testcase classname="backend.tests.test_iter63_skills_suggest.TestSkillsSuggestAggregation" name="test_aggregation_from_user_profile_skills" time="0.507" /><testcase classname="backend.tests.test_iter63_skills_suggest.TestSkillsSuggestAggregation" name="test_aggregation_from_expertise" time="0.518" /><testcase classname="backend.tests.test_iter63_skills_suggest.TestSkillsSuggestAggregation" name="test_aggregation_from_interview_slots" time="0.544" /><testcase classname="backend.tests.test_iter63_skills_suggest.TestSkillsSuggestAggregation" name="test_deduplication_case_insensitive" time="0.484" /><testcase classname="backend.tests.test_iter63_skills_suggest.TestAdjacentEndpointsSmoke" name="test_jobs_requires_auth_and_admin_can_list" time="0.730" /><testcase classname="backend.tests.test_iter63_skills_suggest.TestAdjacentEndpointsSmoke" name="test_auth_me_requires_token" time="0.091" /><testcase classname="backend.tests.test_iter63_skills_suggest.TestAdjacentEndpointsSmoke" name="test_admin_login_and_me" time="0.356" /><testcase classname="backend.tests.test_iter63_skills_suggest.TestAdjacentEndpointsSmoke" name="test_wallet_requires_auth" time="0.088" /><testcase classname="backend.tests.test_iter63_skills_suggest.TestAdjacentEndpointsSmoke" name="test_interviews_slots_public_or_auth_ok" time="0.098" /></testsuite></testsuites>