<?xml version="1.0" encoding="utf-8"?><testsuites name="pytest tests"><testsuite name="pytest" errors="0" failures="0" skipped="1" tests="18" time="33.064" timestamp="2026-07-08T03:43:47.731996+00:00" hostname="agent-env-376034b0-5444-43e2-97fc-f8b3c10d6b69"><testcase classname="backend.tests.test_iter57_referral_policy" name="test_health_backend_reachable" time="0.298" /><testcase classname="backend.tests.test_iter57_referral_policy.TestSignupWithReferral" name="test_signup_student_referrer_creates_ref_code" time="1.598" /><testcase classname="backend.tests.test_iter57_referral_policy.TestSignupWithReferral" name="test_signup_with_invalid_ref_code_400" time="0.149" /><testcase classname="backend.tests.test_iter57_referral_policy.TestSignupWithReferral" name="test_signup_student_with_valid_ref_creates_pending_row" time="2.409" /><testcase classname="backend.tests.test_iter57_referral_policy.TestSignupWithReferral" name="test_signup_professional_with_valid_ref_creates_pending_row" time="2.361" /><testcase classname="backend.tests.test_iter57_referral_policy.TestSignupWithReferral" name="test_self_referral_signup_no_row_created" time="1.280" /><testcase classname="backend.tests.test_iter57_referral_policy.TestEmailVerifyDoesNotCredit" name="test_email_verify_does_not_credit_referrer" time="2.500" /><testcase classname="backend.tests.test_iter57_referral_policy.TestEmailVerifyDoesNotCredit" name="test_email_verify_referral_row_stays_pending" time="2.373" /><testcase classname="backend.tests.test_iter57_referral_policy.TestEmailVerifyDoesNotCredit" name="test_student_welcome_bonus_still_100_on_verify" time="1.142" /><testcase classname="backend.tests.test_iter57_referral_policy.TestFirstDepositAwardsReferral" name="test_first_deposit_credits_referrer_and_flips_status_student" time="3.051" /><testcase classname="backend.tests.test_iter57_referral_policy.TestFirstDepositAwardsReferral" name="test_first_deposit_credits_referrer_when_referred_is_professional" time="2.803" /><testcase classname="backend.tests.test_iter57_referral_policy.TestFirstDepositAwardsReferral" name="test_second_deposit_does_not_double_reward" time="2.890" /><testcase classname="backend.tests.test_iter57_referral_policy.TestReferEndpointShape" name="test_refer_me_new_keys" time="1.180" /><testcase classname="backend.tests.test_iter57_referral_policy.TestReferEndpointShape" name="test_refer_list_row_shape" time="2.327" /><testcase classname="backend.tests.test_iter57_referral_policy.TestReferEndpointShape" name="test_refer_mine_inbound_no_referral" time="1.148" /><testcase classname="backend.tests.test_iter57_referral_policy.TestLegacySuccessfulAlias" name="test_legacy_successful_status_bucketed_as_rewarded" time="1.137" /><testcase classname="backend.tests.test_iter57_referral_policy.TestAdjacentUnchanged" name="test_first_deposit_amount_credits_ratio" time="1.355" /><testcase classname="backend.tests.test_iter57_referral_policy.TestAdjacentUnchanged" name="test_admin_transactions_search_referral_reward" time="3.005"><skipped type="pytest.skip" message="admin transactions endpoint shape differs; skipping">/app/backend/tests/test_iter57_referral_policy.py:401: admin transactions endpoint shape differs; skipping</skipped></testcase></testsuite></testsuites>