<?xml version="1.0" encoding="utf-8"?><testsuites name="pytest tests"><testsuite name="pytest" errors="0" failures="0" skipped="0" tests="12" time="5.033" timestamp="2026-07-16T17:18:15.688194+00:00" hostname="agent-env-376034b0-5444-43e2-97fc-f8b3c10d6b69"><testcase classname="backend.tests.test_iter66_multi_location_deadline.TestIter66Pro" name="test_01_multi_location_ok" time="1.386" /><testcase classname="backend.tests.test_iter66_multi_location_deadline.TestIter66Pro" name="test_02_legacy_location_only" time="0.139" /><testcase classname="backend.tests.test_iter66_multi_location_deadline.TestIter66Pro" name="test_03_empty_locations_rejected" time="0.116" /><testcase classname="backend.tests.test_iter66_multi_location_deadline.TestIter66Pro" name="test_04_missing_deadline_rejected" time="0.146" /><testcase classname="backend.tests.test_iter66_multi_location_deadline.TestIter66Pro" name="test_05_yesterday_deadline_rejected" time="0.134" /><testcase classname="backend.tests.test_iter66_multi_location_deadline.TestIter66Pro" name="test_06_duplicate_locations_dedup" time="0.122" /><testcase classname="backend.tests.test_iter66_multi_location_deadline.TestIter66FiltersAndApply" name="test_07_get_jobs_by_location_hyderabad" time="1.391" /><testcase classname="backend.tests.test_iter66_multi_location_deadline.TestIter66FiltersAndApply" name="test_08_apply_closed_when_deadline_passed" time="0.417" /><testcase classname="backend.tests.test_iter66_multi_location_deadline.TestIter66FiltersAndApply" name="test_09_apply_ok_when_deadline_future" time="0.243" /><testcase classname="backend.tests.test_iter66_multi_location_deadline.TestIter66Admin" name="test_10_admin_multi_location_ok" time="0.574" /><testcase classname="backend.tests.test_iter66_multi_location_deadline.TestIter66Admin" name="test_11_admin_draft_no_deadline_ok" time="0.121" /><testcase classname="backend.tests.test_iter66_multi_location_deadline.TestIter66Admin" name="test_12_admin_publish_without_deadline_rejected" time="0.127" /></testsuite></testsuites>