<?xml version="1.0" encoding="utf-8"?><testsuites name="pytest tests"><testsuite name="pytest" errors="0" failures="1" skipped="0" tests="9" time="5.165" timestamp="2026-07-20T13:41:17.687128+00:00" hostname="agent-env-376034b0-5444-43e2-97fc-f8b3c10d6b69"><testcase classname="tests.test_iter71_topic.TestSlotCreateTopicRules" name="test_1_career_guidance_overrides_skill_set" time="1.909" /><testcase classname="tests.test_iter71_topic.TestSlotCreateTopicRules" name="test_2_hr_discussion_overrides_empty_skill_set" time="0.124" /><testcase classname="tests.test_iter71_topic.TestSlotCreateTopicRules" name="test_3_technical_uses_provided_skills" time="0.111" /><testcase classname="tests.test_iter71_topic.TestSlotCreateTopicRules" name="test_4_technical_empty_skills_400" time="0.107" /><testcase classname="tests.test_iter71_topic.TestSlotCreateTopicRules" name="test_5_missing_topic_400" time="0.121" /><testcase classname="tests.test_iter71_topic.TestSlotCreateTopicRules" name="test_6_invalid_topic_400" time="0.102"><failure message="AssertionError: Expected 400 per spec, got 422: {&quot;detail&quot;:[{&quot;type&quot;:&quot;literal_error&quot;,&quot;loc&quot;:[&quot;body&quot;,&quot;topic&quot;],&quot;msg&quot;:&quot;Input should be 'Career Guidance', 'Technical Discussion' or 'HR Discussion'&quot;,&quot;input&quot;:&quot;Random&quot;,&quot;ctx&quot;:{&quot;expected&quot;:&quot;'Career Guidance', 'Technical Discussion' or 'HR Discussion'&quot;},&quot;url&quot;:&quot;https://errors.pydantic.dev/2.13/v/literal_error&quot;}]}&#10;assert 422 == 400&#10; +  where 422 = &lt;Response [422]&gt;.status_code">tests/test_iter71_topic.py:229: in test_6_invalid_topic_400
    assert r.status_code == 400, f"Expected 400 per spec, got {r.status_code}: {r.text}"
E   AssertionError: Expected 400 per spec, got 422: {"detail":[{"type":"literal_error","loc":["body","topic"],"msg":"Input should be 'Career Guidance', 'Technical Discussion' or 'HR Discussion'","input":"Random","ctx":{"expected":"'Career Guidance', 'Technical Discussion' or 'HR Discussion'"},"url":"https://errors.pydantic.dev/2.13/v/literal_error"}]}
E   assert 422 == 400
E    +  where 422 = &lt;Response [422]&gt;.status_code</failure></testcase><testcase classname="tests.test_iter71_topic.TestSlotCreateTopicRules" name="test_7_case_insensitive_dedupe" time="0.106" /><testcase classname="tests.test_iter71_topic.TestListAndBookings" name="test_8_filter_by_topic" time="1.619" /><testcase classname="tests.test_iter71_topic.TestListAndBookings" name="test_9_my_bookings_includes_topic" time="0.843" /></testsuite></testsuites>