<?xml version="1.0" encoding="utf-8"?><testsuites name="pytest tests"><testsuite name="pytest" errors="0" failures="0" skipped="0" tests="15" time="23.778" timestamp="2026-07-08T15:43:10.206667+00:00" hostname="agent-env-376034b0-5444-43e2-97fc-f8b3c10d6b69"><testcase classname="backend.tests.test_iter58_profile_gate.TestAuthMeStudent" name="test_fresh_student_has_all_11_missing_after_verify" time="1.758" /><testcase classname="backend.tests.test_iter58_profile_gate.TestAuthMeStudent" name="test_user_public_also_exposes_profile_completion_for_student" time="1.298" /><testcase classname="backend.tests.test_iter58_profile_gate.TestAuthMeStudent" name="test_completion_math_three_missing" time="2.133" /><testcase classname="backend.tests.test_iter58_profile_gate.TestAuthMeStudent" name="test_completion_math_zero_missing_is_100" time="1.964" /><testcase classname="backend.tests.test_iter58_profile_gate.TestAuthMeStudent" name="test_completion_math_all_eleven_missing_is_zero" time="1.299" /><testcase classname="backend.tests.test_iter58_profile_gate.TestApplyGate" name="test_apply_incomplete_returns_structured_400" time="1.627" /><testcase classname="backend.tests.test_iter58_profile_gate.TestApplyGate" name="test_apply_complete_profile_succeeds_fresher_99" time="2.030" /><testcase classname="backend.tests.test_iter58_profile_gate.TestApplyGate" name="test_apply_complete_profile_succeeds_experienced_199" time="1.979" /><testcase classname="backend.tests.test_iter58_profile_gate.TestApplyOrder" name="test_incomplete_beats_admin_source_rejection" time="1.393" /><testcase classname="backend.tests.test_iter58_profile_gate.TestApplyOrder" name="test_complete_profile_still_blocked_by_admin_source" time="2.068" /><testcase classname="backend.tests.test_iter58_profile_gate.TestRegressions" name="test_get_jobs_unblocked_with_incomplete_profile" time="1.351" /><testcase classname="backend.tests.test_iter58_profile_gate.TestRegressions" name="test_save_job_unblocked_with_incomplete_profile" time="1.274" /><testcase classname="backend.tests.test_iter58_profile_gate.TestRegressions" name="test_interview_book_not_gated_by_11_field_completion" time="1.210" /><testcase classname="backend.tests.test_iter58_profile_gate.TestProAuthMe" name="test_pro_auth_me_has_completion_and_missing_fields" time="1.212" /><testcase classname="backend.tests.test_iter58_profile_gate.TestProAuthMe" name="test_signup_welcome_bonus_still_100" time="1.056" /></testsuite></testsuites>