<?xml version="1.0" encoding="utf-8"?><testsuites name="pytest tests"><testsuite name="pytest" errors="0" failures="0" skipped="0" tests="7" time="4.463" timestamp="2026-07-18T03:03:39.589275+00:00" hostname="agent-env-376034b0-5444-43e2-97fc-f8b3c10d6b69"><testcase classname="tests.test_iter69_join_window.TestMyBookingsJoinWindow" name="test_bookings_include_join_flags" time="4.042" /><testcase classname="tests.test_iter69_join_window.TestJoinedEndpoint" name="test_before_window_returns_403_not_available" time="0.051" /><testcase classname="tests.test_iter69_join_window.TestJoinedEndpoint" name="test_inside_window_5m_returns_200" time="0.051" /><testcase classname="tests.test_iter69_join_window.TestJoinedEndpoint" name="test_edge_10m_returns_200" time="0.058" /><testcase classname="tests.test_iter69_join_window.TestJoinedEndpoint" name="test_in_progress_pro_can_join" time="0.050" /><testcase classname="tests.test_iter69_join_window.TestJoinedEndpoint" name="test_ended_slot_returns_403_session_ended" time="0.051" /><testcase classname="tests.test_iter69_join_window.TestJoinedEndpoint" name="test_non_participant_returns_403_not_your_session" time="0.055" /></testsuite></testsuites>