<?xml version="1.0" encoding="utf-8"?><testsuites name="pytest tests"><testsuite name="pytest" errors="0" failures="0" skipped="0" tests="15" time="38.351" timestamp="2026-07-17T16:34:09.013694+00:00" hostname="agent-env-376034b0-5444-43e2-97fc-f8b3c10d6b69"><testcase classname="tests.test_iter67_standardized_credits.TestSubscriptionPlansCost" name="test_fresher_plans_action_cost_99" time="1.753" /><testcase classname="tests.test_iter67_standardized_credits.TestSubscriptionPlansCost" name="test_experienced_plans_action_cost_99" time="1.114" /><testcase classname="tests.test_iter67_standardized_credits.TestSubscriptionPlansCost" name="test_wallet_action_cost_matches_plans" time="2.467" /><testcase classname="tests.test_iter67_standardized_credits.TestJobApplyStandardCost" name="test_fresher_apply_charges_99" time="2.532" /><testcase classname="tests.test_iter67_standardized_credits.TestJobApplyStandardCost" name="test_experienced_apply_charges_99_not_199" time="2.196" /><testcase classname="tests.test_iter67_standardized_credits.TestInsufficientCreditsBlock" name="test_fresher_98_credits_blocked_on_apply" time="2.161" /><testcase classname="tests.test_iter67_standardized_credits.TestInsufficientCreditsBlock" name="test_experienced_98_credits_blocked_on_apply" time="2.099" /><testcase classname="tests.test_iter67_standardized_credits.TestInsufficientCreditsBlock" name="test_fresher_98_credits_blocked_on_book" time="2.037" /><testcase classname="tests.test_iter67_standardized_credits.TestInsufficientCreditsBlock" name="test_experienced_98_credits_blocked_on_book" time="2.205" /><testcase classname="tests.test_iter67_standardized_credits.TestInterviewBookStandardCost" name="test_fresher_book_charges_99" time="3.427" /><testcase classname="tests.test_iter67_standardized_credits.TestInterviewBookStandardCost" name="test_experienced_book_charges_99_not_199" time="3.197" /><testcase classname="tests.test_iter67_standardized_credits.TestInterviewBookStandardCost" name="test_fresher_book_free_use_first_no_credit_deduction" time="3.248" /><testcase classname="tests.test_iter67_standardized_credits.TestAdminWalkInBlocked" name="test_fresher_admin_apply_rejected_no_deduction" time="1.480" /><testcase classname="tests.test_iter67_standardized_credits.TestAdminWalkInBlocked" name="test_experienced_admin_apply_rejected_no_deduction" time="1.664" /><testcase classname="tests.test_iter67_standardized_credits.TestProJobPostRewardStillWorks" name="test_reward_200_at_4th_app_once" time="6.646" /></testsuite></testsuites>