<?xml version="1.0" encoding="utf-8"?><testsuites name="pytest tests"><testsuite name="pytest" errors="0" failures="0" skipped="0" tests="54" time="84.735" timestamp="2026-06-25T11:59:59.730829+00:00" hostname="agent-env-376034b0-5444-43e2-97fc-f8b3c10d6b69"><testcase classname="tests.test_iter30_phaseb_regression.TestBackendBoots" name="test_root_responds" time="0.165" /><testcase classname="tests.test_iter30_phaseb_regression.TestBackendBoots" name="test_interviews_slots_endpoint_mounted" time="0.136" /><testcase classname="tests.test_iter30_phaseb_regression.TestCreateSlot" name="test_pro_only_student_blocked" time="2.328" /><testcase classname="tests.test_iter30_phaseb_regression.TestCreateSlot" name="test_unverified_pro_gets_403" time="3.290" /><testcase classname="tests.test_iter30_phaseb_regression.TestCreateSlot" name="test_skill_set_required" time="2.918" /><testcase classname="tests.test_iter30_phaseb_regression.TestCreateSlot" name="test_duration_must_be_multiple_of_30" time="1.225" /><testcase classname="tests.test_iter30_phaseb_regression.TestCreateSlot" name="test_create_slot_happy_path" time="1.411" /><testcase classname="tests.test_iter30_phaseb_regression.TestListSlots" name="test_requires_auth" time="0.150" /><testcase classname="tests.test_iter30_phaseb_regression.TestListSlots" name="test_student_sees_pro_slot" time="2.817" /><testcase classname="tests.test_iter30_phaseb_regression.TestBookFlow" name="test_book_consumes_free_use" time="5.031" /><testcase classname="tests.test_iter30_phaseb_regression.TestBookFlow" name="test_book_consumes_credits_when_no_free_uses" time="3.364" /><testcase classname="tests.test_iter30_phaseb_regression.TestJoinedAndComplete" name="test_joined_marks_user" time="3.457" /><testcase classname="tests.test_iter30_phaseb_regression.TestJoinedAndComplete" name="test_joined_strangers_forbidden" time="3.235" /><testcase classname="tests.test_iter30_phaseb_regression.TestApplyCanUseFree" name="test_apply_does_not_raise_nameerror" time="1.300" /><testcase classname="tests.test_iter30_phaseb_regression.TestApplyCanUseFree" name="test_apply_consumes_credits_when_no_free" time="1.188" /><testcase classname="tests.test_iter30_phaseb_regression.TestPhaseARegression" name="test_refer_validate_invalid" time="0.120" /><testcase classname="tests.test_iter30_phaseb_regression.TestPhaseARegression" name="test_refer_validate_empty" time="0.104" /><testcase classname="tests.test_iter30_phaseb_regression.TestPhaseARegression" name="test_refer_me_returns_user_code" time="1.217" /><testcase classname="tests.test_iter30_phaseb_regression.TestPhaseARegression" name="test_leaderboard_professionals" time="1.203" /><testcase classname="tests.test_iter30_phaseb_regression.TestPhaseARegression" name="test_leaderboard_students" time="1.129" /><testcase classname="tests.test_iter30_phaseb_regression.TestPhaseARegression" name="test_leaderboard_student_me_ranks" time="1.086" /><testcase classname="tests.test_iter30_phaseb_regression.TestPhaseARegression" name="test_leaderboard_pro_me_stats" time="1.096" /><testcase classname="tests.test_iter31_resend_migration.TestBackendBoot" name="test_api_mounted_not_404" time="0.119" /><testcase classname="tests.test_iter31_resend_migration.TestBackendBoot" name="test_no_import_or_name_errors_since_startup" time="0.011" /><testcase classname="tests.test_iter31_resend_migration.TestSignupViaResend" name="test_signup_returns_otp_and_logs_resend_ok" time="0.671" /><testcase classname="tests.test_iter31_resend_migration.TestSignupViaResend" name="test_verify_otp_returns_token" time="0.282" /><testcase classname="tests.test_iter31_resend_migration.TestForgotResetViaResend" name="test_forgot_password_logs_resend_ok" time="0.471" /><testcase classname="tests.test_iter31_resend_migration.TestForgotResetViaResend" name="test_reset_password_and_login_with_new_pw" time="1.030" /><testcase classname="tests.test_iter31_resend_migration.TestForgotResetViaResend" name="test_forgot_unknown_email_does_not_leak" time="1.049" /><testcase classname="tests.test_iter31_resend_migration.TestBookingEmailsViaResend" name="test_book_emits_two_resend_ok_lines" time="3.384" /><testcase classname="tests.test_iter31_resend_migration.TestAdminLoginRegression" name="test_admin_login_200" time="0.266" /><testcase classname="tests.test_iter34_your_slots_filter.TestYourSlotsFilter" name="test_pro_your_slots_hides_expired_available" time="3.318" /><testcase classname="tests.test_iter34_your_slots_filter.TestYourSlotsFilter" name="test_pro_your_slots_keeps_booked" time="3.618" /><testcase classname="tests.test_iter34_your_slots_filter.TestYourSlotsFilter" name="test_pro_your_slots_keeps_future_available" time="3.361" /><testcase classname="tests.test_iter34_your_slots_filter.TestCompletedSlotTransition" name="test_completed_slot_disappears_from_your_slots_but_remains_in_my_bookings" time="3.359" /><testcase classname="tests.test_iter34_your_slots_filter.TestStudentSideUntouched" name="test_student_listing_no_pro_id_only_available_future" time="3.316" /><testcase classname="tests.test_iter34_your_slots_filter.TestStudentSideUntouched" name="test_student_drilldown_with_pro_id_unchanged" time="3.421" /><testcase classname="tests.test_iter34_your_slots_filter.TestCancelledHidden" name="test_pro_your_slots_hides_cancelled" time="1.115" /><testcase classname="tests.test_iteration_phaseb_phone_otp.TestPhoneSendOtp" name="test_send_otp_requires_auth" time="0.098" /><testcase classname="tests.test_iteration_phaseb_phone_otp.TestPhoneSendOtp" name="test_send_otp_valid_phone" time="1.291" /><testcase classname="tests.test_iteration_phaseb_phone_otp.TestPhoneSendOtp" name="test_send_otp_invalid_phone" time="1.065" /><testcase classname="tests.test_iteration_phaseb_phone_otp.TestPhoneVerifyOtp" name="test_verify_otp_success_sets_phone_verified" time="1.648" /><testcase classname="tests.test_iteration_phaseb_phone_otp.TestPhoneVerifyOtp" name="test_verify_otp_wrong_otp" time="1.678" /><testcase classname="tests.test_iteration_phaseb_phone_otp.TestPhoneVerifyOtp" name="test_verify_otp_unknown_phone" time="1.064" /><testcase classname="tests.test_iteration_phaseb_phone_otp.TestPhoneVerifyOtp" name="test_verify_otp_requires_auth" time="0.110" /><testcase classname="tests.test_iteration_phaseb_phone_otp.TestPhoneVerifiedProfileGuards" name="test_phone_change_resets_verified" time="1.722" /><testcase classname="tests.test_iteration_phaseb_phone_otp.TestPhoneVerifiedProfileGuards" name="test_phone_unchanged_keeps_verified" time="1.663" /><testcase classname="tests.test_iteration_phaseb_phone_otp.TestPhoneVerifiedProfileGuards" name="test_client_supplied_phone_verified_ignored" time="1.159" /><testcase classname="tests.test_iteration_phaseb_phone_otp.TestPhoneVerifiedProfileGuards" name="test_client_supplied_phone_verified_ignored_when_already_verified" time="1.650" /><testcase classname="tests.test_iteration_phaseb_phone_otp.TestPhaseBRegression" name="test_health" time="0.097" /><testcase classname="tests.test_iteration_phaseb_phone_otp.TestPhaseBRegression" name="test_me_works" time="1.088" /><testcase classname="tests.test_iteration_phaseb_phone_otp.TestPhaseBRegression" name="test_jobs_list_works" time="1.143" /><testcase classname="tests.test_iteration_phaseb_phone_otp.TestPhaseBRegression" name="test_wallet_works" time="1.231" /><testcase classname="tests.test_iteration_phaseb_phone_otp.TestPhaseBRegression" name="test_leaderboard_works" time="1.117" /></testsuite></testsuites>