<?xml version="1.0" encoding="utf-8"?><testsuites name="pytest tests"><testsuite name="pytest" errors="0" failures="0" skipped="0" tests="8" time="22.233" timestamp="2026-07-22T06:34:55.146667+00:00" hostname="agent-env-376034b0-5444-43e2-97fc-f8b3c10d6b69"><testcase classname="backend.tests.test_iter75_apply_credit_rollback.TestHappyPath" name="test_happy_path_deducts_99_after_insert" time="2.982" /><testcase classname="backend.tests.test_iter75_apply_credit_rollback.TestInsufficientCredits" name="test_402_no_side_effects" time="2.399" /><testcase classname="backend.tests.test_iter75_apply_credit_rollback.TestAlreadyApplied" name="test_duplicate_apply_returns_400" time="2.566" /><testcase classname="backend.tests.test_iter75_apply_credit_rollback.TestClosedJob" name="test_past_last_date_400" time="2.424" /><testcase classname="backend.tests.test_iter75_apply_credit_rollback.TestAdminWalkIn" name="test_admin_source_400" time="1.148" /><testcase classname="backend.tests.test_iter75_apply_credit_rollback.TestIncompleteProfile" name="test_incomplete_profile_400_structured" time="2.349" /><testcase classname="backend.tests.test_iter75_apply_credit_rollback.TestFreePass" name="test_free_use_no_wallet_touch" time="2.357" /><testcase classname="backend.tests.test_iter75_apply_credit_rollback.TestJobPostRewardRegression" name="test_four_apps_pro_gets_200_once" time="5.895" /></testsuite></testsuites>