<?xml version="1.0" encoding="utf-8"?><testsuites name="pytest tests"><testsuite name="pytest" errors="0" failures="0" skipped="0" tests="8" time="12.780" timestamp="2026-06-25T11:59:40.710161+00:00" hostname="agent-env-376034b0-5444-43e2-97fc-f8b3c10d6b69"><testcase classname="tests.test_iteration35_redemption_rate_1to1.TestRedemptionMyConstants" name="test_inr_per_credit_is_1_and_min_500" time="2.100" /><testcase classname="tests.test_iteration35_redemption_rate_1to1.TestRedemptionSubmitOneToOne" name="test_submit_500_credits_returns_500_inr" time="1.745" /><testcase classname="tests.test_iteration35_redemption_rate_1to1.TestRedemptionSubmitOneToOne" name="test_submit_1234_credits_returns_1234_inr" time="1.650" /><testcase classname="tests.test_iteration35_redemption_rate_1to1.TestAdminApproveAndPaidReferences" name="test_full_lifecycle_notifications_reference_1to1_amount" time="2.155" /><testcase classname="tests.test_iteration35_redemption_rate_1to1.TestTopupRegression" name="test_subscription_plans_subsequent_rate_unchanged" time="1.058" /><testcase classname="tests.test_iteration35_redemption_rate_1to1.TestTopupRegression" name="test_first_deposit_199_inr_creates_398_credits_bonus" time="1.038" /><testcase classname="tests.test_iteration35_redemption_rate_1to1.TestTopupRegression" name="test_subsequent_deposit_uses_1_inr_per_credit" time="1.099" /><testcase classname="tests.test_iteration35_redemption_rate_1to1.TestActionCostUnchanged" name="test_apply_deducts_49_credits" time="1.831" /></testsuite></testsuites>