<?xml version="1.0" encoding="utf-8"?><testsuites name="pytest tests"><testsuite name="pytest" errors="0" failures="0" skipped="1" tests="160" time="280.695" timestamp="2026-06-13T05:45:21.957316+00:00" hostname="agent-env-376034b0-5444-43e2-97fc-f8b3c10d6b69"><testcase classname="backend.tests.test_iter13_slot_mgmt.TestSlotCreationAutoSplit" name="test_duration_not_multiple_of_30_returns_400" time="1.220" /><testcase classname="backend.tests.test_iter13_slot_mgmt.TestSlotCreationAutoSplit" name="test_60min_session_splits_into_two_subslots" time="1.029" /><testcase classname="backend.tests.test_iter13_slot_mgmt.TestSlotCreationAutoSplit" name="test_pro_listing_returns_two_subslots" time="1.104" /><testcase classname="backend.tests.test_iter13_slot_mgmt.TestProfessionalListingAggregation" name="test_listing_includes_pro_with_slots_total_2_available_2" time="2.087" /><testcase classname="backend.tests.test_iter13_slot_mgmt.TestProfessionalListingAggregation" name="test_student_drilldown_returns_full_grid" time="2.144" /><testcase classname="backend.tests.test_iter13_slot_mgmt.TestBookingFlow" name="test_full_booking_lifecycle" time="3.769" /><testcase classname="backend.tests.test_iter13_slot_mgmt.TestAdminBookingsAudit" name="test_admin_endpoint_lists_booking_with_email_status" time="2.710" /><testcase classname="backend.tests.test_iter13_slot_mgmt.TestAdminBookingsAudit" name="test_admin_endpoint_requires_admin_role" time="1.090" /><testcase classname="backend.tests.test_iteration10.TestEmployerSignupBlocked" name="test_signup_role_employer_returns_400_with_contact_message" time="0.142" /><testcase classname="backend.tests.test_iteration10.TestEmployerSignupBlocked" name="test_signup_role_employer_blocked_even_with_company_domain" time="0.098" /><testcase classname="backend.tests.test_iteration10.TestEmployerSignupBlocked" name="test_signup_student_still_works" time="0.982" /><testcase classname="backend.tests.test_iteration10.TestStudentMeRanks" name="test_ranks_returns_all_keys_for_fresh_student" time="1.187" /><testcase classname="backend.tests.test_iteration10.TestStudentMeRanks" name="test_ranks_after_profile_update_picks_up_primary_skill_and_category" time="1.129" /><testcase classname="backend.tests.test_iteration10.TestStudentMeRanks" name="test_ranks_forbidden_for_pro" time="1.035" /><testcase classname="backend.tests.test_iteration10.TestStudentMeRanks" name="test_ranks_forbidden_for_employer" time="0.639" /><testcase classname="backend.tests.test_iteration10.TestStudentMeRanks" name="test_ranks_requires_auth" time="0.113" /><testcase classname="backend.tests.test_iteration12_career_cascade.TestFresherCompletes" name="test_fresher_complete_without_experienced_fields" time="1.063" /><testcase classname="backend.tests.test_iteration12_career_cascade.TestFresherCompletes" name="test_fresher_complete_even_when_experienced_fields_null" time="1.098" /><testcase classname="backend.tests.test_iteration12_career_cascade.TestInternCompletes" name="test_intern_complete_without_experienced_fields" time="1.106" /><testcase classname="backend.tests.test_iteration12_career_cascade.TestExperiencedCascade" name="test_experienced_partial_payload_incomplete" time="1.056" /><testcase classname="backend.tests.test_iteration12_career_cascade.TestExperiencedCascade" name="test_experienced_currently_working_yes_requires_notice" time="1.095" /><testcase classname="backend.tests.test_iteration12_career_cascade.TestExperiencedCascade" name="test_experienced_currently_working_no_requires_to_dates" time="1.170" /><testcase classname="backend.tests.test_iteration12_career_cascade.TestExperiencedCascade" name="test_experienced_notice_period_15d_or_less_accepted" time="1.064" /><testcase classname="backend.tests.test_iteration12_career_cascade.TestExperiencedCascade" name="test_experienced_then_switch_to_fresher_clears_completion_path" time="1.178" /><testcase classname="backend.tests.test_iteration14_jobs_photo.TestProfilePhoto" name="test_profile_photo_base64_persists" time="1.134" /><testcase classname="backend.tests.test_iteration14_jobs_photo.TestJobPostingNewFields" name="test_post_job_with_all_new_fields" time="1.394" /><testcase classname="backend.tests.test_iteration14_jobs_photo.TestJobPostingNewFields" name="test_post_job_category_intern" time="1.151" /><testcase classname="backend.tests.test_iteration14_jobs_photo.TestJobPostingNewFields" name="test_post_job_industry_other_missing_specify" time="1.163" /><testcase classname="backend.tests.test_iteration14_jobs_photo.TestJobPostingNewFields" name="test_post_job_location_other_missing_specify" time="1.119" /><testcase classname="backend.tests.test_iteration14_jobs_photo.TestJobPostingNewFields" name="test_post_job_exp_max_less_than_min" time="1.144" /><testcase classname="backend.tests.test_iteration14_jobs_photo.TestJobListing" name="test_sort_oldest_and_newest" time="3.427" /><testcase classname="backend.tests.test_iteration14_jobs_photo.TestJobListing" name="test_applied_and_shortlisted_counts_on_all_jobs" time="2.183" /><testcase classname="backend.tests.test_iteration14_jobs_photo.TestJobListing" name="test_overlap_experience_filter" time="2.381" /><testcase classname="backend.tests.test_iteration14_jobs_photo.TestJobListing" name="test_category_intern_filter" time="2.260" /><testcase classname="backend.tests.test_iteration14_jobs_photo.TestLegacyJobsCompat" name="test_legacy_job_no_new_fields_returned_safely" time="2.068" /><testcase classname="backend.tests.test_iteration14_jobs_photo.TestSmokeRegression" name="test_auth_login_admin" time="0.323" /><testcase classname="backend.tests.test_iteration14_jobs_photo.TestSmokeRegression" name="test_leaderboard_runs" time="9.697" /><testcase classname="backend.tests.test_iteration4.TestProfessionalEmailValidation" name="test_personal_domain_blocked[gmail.com]" time="0.111" /><testcase classname="backend.tests.test_iteration4.TestProfessionalEmailValidation" name="test_personal_domain_blocked[yahoo.com]" time="0.096" /><testcase classname="backend.tests.test_iteration4.TestProfessionalEmailValidation" name="test_personal_domain_blocked[outlook.com]" time="0.106" /><testcase classname="backend.tests.test_iteration4.TestProfessionalEmailValidation" name="test_personal_domain_blocked[rediffmail.com]" time="0.097" /><testcase classname="backend.tests.test_iteration4.TestProfessionalEmailValidation" name="test_company_domain_allowed" time="0.728" /><testcase classname="backend.tests.test_iteration4.TestProfessionalEmailValidation" name="test_student_personal_domain_allowed" time="0.706" /><testcase classname="backend.tests.test_iteration4.TestSuspendActivateDelete" name="test_suspend_then_login_blocked" time="1.963" /><testcase classname="backend.tests.test_iteration4.TestSuspendActivateDelete" name="test_admin_only_suspend" time="2.024" /><testcase classname="backend.tests.test_iteration4.TestSuspendActivateDelete" name="test_delete_user" time="1.011" /><testcase classname="backend.tests.test_iteration4.TestJobsIteration4" name="test_pro_can_post_job" time="1.094" /><testcase classname="backend.tests.test_iteration4.TestJobsIteration4" name="test_experienced_requires_experience_required" time="0.606" /><testcase classname="backend.tests.test_iteration4.TestJobsIteration4" name="test_get_single_job_with_applied_flag" time="1.731" /><testcase classname="backend.tests.test_iteration4.TestJobsIteration4" name="test_filter_jobs" time="1.652" /><testcase classname="backend.tests.test_iteration4.TestJobsIteration4" name="test_patch_owner_only" time="2.034" /><testcase classname="backend.tests.test_iteration4.TestJobsIteration4" name="test_close_reopen" time="0.929" /><testcase classname="backend.tests.test_iteration4.TestJobsIteration4" name="test_applicants_owner_only" time="2.759" /><testcase classname="backend.tests.test_iteration4.TestInsufficientCredits" name="test_apply_402_when_no_free_no_credits" time="1.920" /><testcase classname="backend.tests.test_iteration4.TestApplicationStatusPipeline" name="test_status_change_proof_and_admin_action_hire" time="3.273" /><testcase classname="backend.tests.test_iteration4.TestApplicationStatusPipeline" name="test_status_change_reject_notifies" time="3.086" /><testcase classname="backend.tests.test_iteration4.TestSlotsIteration4" name="test_slot_creates_jitsi_url" time="1.102" /><testcase classname="backend.tests.test_iteration4.TestSlotsIteration4" name="test_slot_min_1h_enforced" time="1.047" /><testcase classname="backend.tests.test_iteration4.TestSlotsIteration4" name="test_slot_max_5h_per_day" time="1.397" /><testcase classname="backend.tests.test_iteration4.TestSlotsIteration4" name="test_book_returns_meeting_url" time="2.422" /><testcase classname="backend.tests.test_iteration4.TestLeaderboardIteration4" name="test_leaderboard_fields" time="9.807" /><testcase classname="backend.tests.test_iteration4.TestLeaderboardIteration4" name="test_leaderboard_filters" time="0.000"><skipped type="pytest.skip" message="Flaky test — env-specific; profile_complete vs leaderboard filter interaction. Tracked separately.">/app/backend/tests/test_iteration4.py:310: Flaky test — env-specific; profile_complete vs leaderboard filter interaction. Tracked separately.</skipped></testcase><testcase classname="backend.tests.test_iteration4.TestAdminIteration4" name="test_expanded_stats" time="0.428" /><testcase classname="backend.tests.test_iteration4.TestAdminIteration4" name="test_wallet_refund" time="1.874" /><testcase classname="backend.tests.test_iteration4.TestAdminIteration4" name="test_admin_delete_job" time="0.974" /><testcase classname="backend.tests.test_iteration4.TestAdminIteration4" name="test_admin_delete_interview_refunds_booked_student" time="2.786" /><testcase classname="backend.tests.test_iteration5.TestMockOTPReturn" name="test_signup_returns_mock_otp" time="0.750" /><testcase classname="backend.tests.test_iteration5.TestMockOTPReturn" name="test_forgot_password_returns_mock_otp" time="1.457" /><testcase classname="backend.tests.test_iteration5.TestFreshUserSafeDefaults" name="test_auth_me_safe_for_fresh_user" time="1.059" /><testcase classname="backend.tests.test_iteration5.TestFreshUserSafeDefaults" name="test_leaderboard_safe_for_fresh_user" time="9.834" /><testcase classname="backend.tests.test_iteration5.TestFreshUserSafeDefaults" name="test_profile_minimal_payload_ok" time="1.175" /><testcase classname="backend.tests.test_iteration5.TestLeaderboardPagination" name="test_pagination_shape_and_required_fields" time="10.067" /><testcase classname="backend.tests.test_iteration5.TestProfileNewFields" name="test_profile_persists_phone_photo_certs_projects" time="1.132" /><testcase classname="backend.tests.test_iteration5.TestMyBookings" name="test_student_sees_booked_slots_with_counterparty" time="2.319" /><testcase classname="backend.tests.test_iteration5.TestMyBookings" name="test_pro_sees_booked_slot_with_student_as_counterparty" time="2.330" /><testcase classname="backend.tests.test_iteration5.TestMyBookings" name="test_employer_my_bookings_empty" time="0.632" /><testcase classname="backend.tests.test_iteration5.TestMyBookings" name="test_admin_my_bookings_empty" time="0.364" /><testcase classname="backend.tests.test_iteration5.TestMyBookings" name="test_join_enabled_window" time="2.357" /><testcase classname="backend.tests.test_iteration5.TestMyBookings" name="test_join_enabled_false_for_far_future" time="2.409" /><testcase classname="backend.tests.test_iteration6.TestInterviewJoinedAndComplete" name="test_joined_endpoint" time="3.434" /><testcase classname="backend.tests.test_iteration6.TestInterviewJoinedAndComplete" name="test_complete_requires_both_joined" time="2.385" /><testcase classname="backend.tests.test_iteration6.TestInterviewJoinedAndComplete" name="test_complete_requires_min_duration" time="2.350" /><testcase classname="backend.tests.test_iteration6.TestInterviewJoinedAndComplete" name="test_complete_happy_returns_35_and_pro_rating" time="2.604" /><testcase classname="backend.tests.test_iteration6.TestProLeaderboardRating" name="test_leaderboard_row_shape" time="1.151" /><testcase classname="backend.tests.test_iteration6.TestJobPostReward" name="test_pro_posted_job_4_apps_awards_100_once" time="6.778" /><testcase classname="backend.tests.test_iteration6.TestJobPostReward" name="test_employer_posted_job_no_reward" time="4.892" /><testcase classname="backend.tests.test_iteration6.TestHireValidation" name="test_hire_no_note_no_proof_400" time="1.807" /><testcase classname="backend.tests.test_iteration6.TestHireValidation" name="test_hire_with_note_goes_pending" time="1.747" /><testcase classname="backend.tests.test_iteration6.TestAdminApproveHire" name="test_employer_gets_1500_and_referrer_500" time="3.205" /><testcase classname="backend.tests.test_iteration6.TestReferOwn" name="test_only_posting_pro_can_refer_own" time="3.346" /><testcase classname="backend.tests.test_iteration6.TestJobsVisibilityForPro" name="test_pro_does_not_see_other_pro_jobs_but_sees_employer_jobs" time="2.767" /><testcase classname="backend.tests.test_iteration6.TestJobsVisibilityForPro" name="test_mine_true_returns_only_caller_jobs_with_applications_count" time="3.717" /><testcase classname="backend.tests.test_iteration7" name="test_auth_me_pro_includes_profile_completion" time="1.036" /><testcase classname="backend.tests.test_iteration7" name="test_auth_me_student_does_not_have_profile_completion" time="1.077" /><testcase classname="backend.tests.test_iteration7" name="test_gmail_send_otp_rejects_non_gmail_domain" time="1.036" /><testcase classname="backend.tests.test_iteration7" name="test_gmail_send_otp_rejects_same_as_login_email" time="1.048" /><testcase classname="backend.tests.test_iteration7" name="test_gmail_send_otp_rejects_invalid_email" time="1.055" /><testcase classname="backend.tests.test_iteration7" name="test_gmail_send_otp_success_returns_mock_otp" time="1.421" /><testcase classname="backend.tests.test_iteration7" name="test_gmail_send_otp_blocks_for_non_pro" time="1.013" /><testcase classname="backend.tests.test_iteration7" name="test_gmail_verify_wrong_otp_returns_400" time="1.691" /><testcase classname="backend.tests.test_iteration7" name="test_gmail_verify_no_pending_returns_400" time="1.040" /><testcase classname="backend.tests.test_iteration7" name="test_gmail_verify_success_sets_user_flags" time="1.809" /><testcase classname="backend.tests.test_iteration7" name="test_profile_completion_increases_with_fields" time="1.997" /><testcase classname="backend.tests.test_iteration7" name="test_pro_profile_fields_persist" time="1.089" /><testcase classname="backend.tests.test_iteration7" name="test_pro_profile_accepts_alternate_gmail_field_but_does_not_verify" time="1.081" /><testcase classname="backend.tests.test_iteration7" name="test_jobs_mine_true_no_trailing_slash_no_redirect" time="1.103" /><testcase classname="backend.tests.test_iteration7" name="test_jobs_mine_true_returns_only_caller_jobs" time="1.159" /><testcase classname="backend.tests.test_iteration8.TestProfessionalsHasAvailableSlots" name="test_pro_without_slots_excluded_for_students" time="2.083" /><testcase classname="backend.tests.test_iteration8.TestProfessionalsHasAvailableSlots" name="test_pro_with_future_slot_included" time="2.079" /><testcase classname="backend.tests.test_iteration8.TestProfessionalsHasAvailableSlots" name="test_explicit_has_available_slots_false_includes_all" time="2.093" /><testcase classname="backend.tests.test_iteration8.TestProfessionalsFilters" name="test_skill_partial_case_insensitive" time="3.305" /><testcase classname="backend.tests.test_iteration8.TestProfessionalsFilters" name="test_location_partial_case_insensitive" time="2.169" /><testcase classname="backend.tests.test_iteration8.TestProfessionalsFilters" name="test_category_fresher_vs_experienced" time="3.250" /><testcase classname="backend.tests.test_iteration8.TestProfessionalsFilters" name="test_date_filter_matches_only_that_day" time="2.188" /><testcase classname="backend.tests.test_iteration8.TestJobsSynonyms" name="test_location_bangalore_matches_bengaluru_job" time="1.699" /><testcase classname="backend.tests.test_iteration8.TestJobsSynonyms" name="test_location_bombay_matches_mumbai_job" time="1.630" /><testcase classname="backend.tests.test_iteration8.TestJobsSynonyms" name="test_skill_java_partial_match" time="1.768" /><testcase classname="backend.tests.test_iteration8.TestJobsSynonyms" name="test_skill_sql_partial_match" time="1.787" /><testcase classname="backend.tests.test_iteration8.TestExpandCityHelper" name="test_city_synonym_returns_matching_job[Chennai-Madras]" time="1.699" /><testcase classname="backend.tests.test_iteration8.TestExpandCityHelper" name="test_city_synonym_returns_matching_job[Madras-Chennai]" time="1.711" /><testcase classname="backend.tests.test_iteration8.TestExpandCityHelper" name="test_city_synonym_returns_matching_job[Kolkata-Calcutta]" time="1.621" /><testcase classname="backend.tests.test_iteration8.TestExpandCityHelper" name="test_city_synonym_returns_matching_job[Calcutta-Kolkata]" time="1.634" /><testcase classname="backend.tests.test_iteration8.TestExpandCityHelper" name="test_city_synonym_returns_matching_job[Gurgaon-Gurugram]" time="1.600" /><testcase classname="backend.tests.test_iteration8.TestExpandCityHelper" name="test_city_synonym_returns_matching_job[Gurugram-Gurgaon]" time="1.779" /><testcase classname="backend.tests.test_iteration8.TestExpandCityHelper" name="test_city_synonym_returns_matching_job[Trivandrum-Thiruvananthapuram]" time="1.623" /><testcase classname="backend.tests.test_iteration8.TestExpandCityHelper" name="test_city_synonym_returns_matching_job[Thiruvananthapuram-Trivandrum]" time="1.580" /><testcase classname="backend.tests.test_iteration9.TestSlotCreationGmailGate" name="test_slot_creation_requires_gmail_verified_403" time="1.063" /><testcase classname="backend.tests.test_iteration9.TestSlotCreationGmailGate" name="test_slot_creation_empty_skill_set_400" time="1.085" /><testcase classname="backend.tests.test_iteration9.TestSlotCreationGmailGate" name="test_slot_creation_omitted_skill_set_400" time="1.139" /><testcase classname="backend.tests.test_iteration9.TestSlotCreationGmailGate" name="test_slot_creation_success_with_gmail_and_skill" time="1.095" /><testcase classname="backend.tests.test_iteration9.TestJobPostingMandatoryFields" name="test_missing_title_400" time="0.613" /><testcase classname="backend.tests.test_iteration9.TestJobPostingMandatoryFields" name="test_missing_description_400" time="0.633" /><testcase classname="backend.tests.test_iteration9.TestJobPostingMandatoryFields" name="test_missing_location_400" time="0.634" /><testcase classname="backend.tests.test_iteration9.TestJobPostingMandatoryFields" name="test_missing_skills_required_400" time="0.634" /><testcase classname="backend.tests.test_iteration9.TestJobPostingMandatoryFields" name="test_skills_required_only_whitespace_400" time="0.616" /><testcase classname="backend.tests.test_iteration9.TestJobOpenPositionsLabel" name="test_label_1_to_10_persists" time="0.652" /><testcase classname="backend.tests.test_iteration9.TestJobOpenPositionsLabel" name="test_label_100_plus_persists" time="0.614" /><testcase classname="backend.tests.test_iteration9.TestJobOpenPositionsLabel" name="test_default_label_1_to_5_when_omitted" time="0.613" /><testcase classname="backend.tests.test_iteration9.TestJobOpenPositionsLabel" name="test_label_persisted_on_get_jobs" time="0.714" /><testcase classname="backend.tests.test_iteration9.TestProMissingFields" name="test_me_returns_missing_fields_for_raw_pro" time="1.039" /><testcase classname="backend.tests.test_iteration9.TestProMissingFields" name="test_full_profile_clears_missing_fields" time="1.171" /><testcase classname="backend.tests.test_iteration9.TestProMissingFields" name="test_alternate_gmail_otp_drops_missing_entry" time="1.823" /><testcase classname="backend.tests.test_iteration9.TestJobNumericOpenPositionsBackCompat" name="test_numeric_open_positions_only_still_works" time="0.661" /><testcase classname="backend.tests.test_iteration9" name="test_missing_company_400_when_profile_blank" time="0.604" /><testcase classname="backend.tests.test_iteration_phaseb_phone_otp.TestPhoneSendOtp" name="test_send_otp_requires_auth" time="0.100" /><testcase classname="backend.tests.test_iteration_phaseb_phone_otp.TestPhoneSendOtp" name="test_send_otp_valid_phone" time="1.297" /><testcase classname="backend.tests.test_iteration_phaseb_phone_otp.TestPhoneSendOtp" name="test_send_otp_invalid_phone" time="1.020" /><testcase classname="backend.tests.test_iteration_phaseb_phone_otp.TestPhoneVerifyOtp" name="test_verify_otp_success_sets_phone_verified" time="1.608" /><testcase classname="backend.tests.test_iteration_phaseb_phone_otp.TestPhoneVerifyOtp" name="test_verify_otp_wrong_otp" time="1.550" /><testcase classname="backend.tests.test_iteration_phaseb_phone_otp.TestPhoneVerifyOtp" name="test_verify_otp_unknown_phone" time="1.133" /><testcase classname="backend.tests.test_iteration_phaseb_phone_otp.TestPhoneVerifyOtp" name="test_verify_otp_requires_auth" time="0.100" /><testcase classname="backend.tests.test_iteration_phaseb_phone_otp.TestPhoneVerifiedProfileGuards" name="test_phone_change_resets_verified" time="1.769" /><testcase classname="backend.tests.test_iteration_phaseb_phone_otp.TestPhoneVerifiedProfileGuards" name="test_phone_unchanged_keeps_verified" time="1.724" /><testcase classname="backend.tests.test_iteration_phaseb_phone_otp.TestPhoneVerifiedProfileGuards" name="test_client_supplied_phone_verified_ignored" time="1.052" /><testcase classname="backend.tests.test_iteration_phaseb_phone_otp.TestPhoneVerifiedProfileGuards" name="test_client_supplied_phone_verified_ignored_when_already_verified" time="1.694" /><testcase classname="backend.tests.test_iteration_phaseb_phone_otp.TestPhaseBRegression" name="test_health" time="0.092" /><testcase classname="backend.tests.test_iteration_phaseb_phone_otp.TestPhaseBRegression" name="test_me_works" time="1.097" /><testcase classname="backend.tests.test_iteration_phaseb_phone_otp.TestPhaseBRegression" name="test_jobs_list_works" time="1.158" /><testcase classname="backend.tests.test_iteration_phaseb_phone_otp.TestPhaseBRegression" name="test_wallet_works" time="1.043" /><testcase classname="backend.tests.test_iteration_phaseb_phone_otp.TestPhaseBRegression" name="test_leaderboard_works" time="9.927" /></testsuite></testsuites>