<?xml version="1.0" encoding="utf-8"?><testsuites name="pytest tests"><testsuite name="pytest" errors="0" failures="0" skipped="0" tests="102" time="159.972" timestamp="2026-06-07T17:48:17.014160+00:00" hostname="agent-env-376034b0-5444-43e2-97fc-f8b3c10d6b69"><testcase classname="tests.test_iteration4.TestProfessionalEmailValidation" name="test_personal_domain_blocked[gmail.com]" time="0.131" /><testcase classname="tests.test_iteration4.TestProfessionalEmailValidation" name="test_personal_domain_blocked[yahoo.com]" time="0.098" /><testcase classname="tests.test_iteration4.TestProfessionalEmailValidation" name="test_personal_domain_blocked[outlook.com]" time="0.108" /><testcase classname="tests.test_iteration4.TestProfessionalEmailValidation" name="test_personal_domain_blocked[rediffmail.com]" time="0.111" /><testcase classname="tests.test_iteration4.TestProfessionalEmailValidation" name="test_company_domain_allowed" time="0.735" /><testcase classname="tests.test_iteration4.TestProfessionalEmailValidation" name="test_student_personal_domain_allowed" time="0.697" /><testcase classname="tests.test_iteration4.TestSuspendActivateDelete" name="test_suspend_then_login_blocked" time="1.872" /><testcase classname="tests.test_iteration4.TestSuspendActivateDelete" name="test_admin_only_suspend" time="1.990" /><testcase classname="tests.test_iteration4.TestSuspendActivateDelete" name="test_delete_user" time="1.399" /><testcase classname="tests.test_iteration4.TestJobsIteration4" name="test_pro_can_post_job" time="1.048" /><testcase classname="tests.test_iteration4.TestJobsIteration4" name="test_experienced_requires_experience_required" time="1.015" /><testcase classname="tests.test_iteration4.TestJobsIteration4" name="test_get_single_job_with_applied_flag" time="2.107" /><testcase classname="tests.test_iteration4.TestJobsIteration4" name="test_filter_jobs" time="2.087" /><testcase classname="tests.test_iteration4.TestJobsIteration4" name="test_patch_owner_only" time="2.373" /><testcase classname="tests.test_iteration4.TestJobsIteration4" name="test_close_reopen" time="1.254" /><testcase classname="tests.test_iteration4.TestJobsIteration4" name="test_applicants_owner_only" time="3.058" /><testcase classname="tests.test_iteration4.TestInsufficientCredits" name="test_apply_402_when_no_free_no_credits" time="2.207" /><testcase classname="tests.test_iteration4.TestApplicationStatusPipeline" name="test_status_change_proof_and_admin_action_hire" time="3.609" /><testcase classname="tests.test_iteration4.TestApplicationStatusPipeline" name="test_status_change_reject_notifies" time="3.406" /><testcase classname="tests.test_iteration4.TestSlotsIteration4" name="test_slot_creates_jitsi_url" time="1.038" /><testcase classname="tests.test_iteration4.TestSlotsIteration4" name="test_slot_min_1h_enforced" time="1.075" /><testcase classname="tests.test_iteration4.TestSlotsIteration4" name="test_slot_max_5h_per_day" time="1.377" /><testcase classname="tests.test_iteration4.TestSlotsIteration4" name="test_book_returns_meeting_url" time="2.339" /><testcase classname="tests.test_iteration4.TestLeaderboardIteration4" name="test_leaderboard_fields" time="1.572" /><testcase classname="tests.test_iteration4.TestLeaderboardIteration4" name="test_leaderboard_filters" time="1.989" /><testcase classname="tests.test_iteration4.TestAdminIteration4" name="test_expanded_stats" time="0.401" /><testcase classname="tests.test_iteration4.TestAdminIteration4" name="test_wallet_refund" time="1.415" /><testcase classname="tests.test_iteration4.TestAdminIteration4" name="test_admin_delete_job" time="1.473" /><testcase classname="tests.test_iteration4.TestAdminIteration4" name="test_admin_delete_interview_refunds_booked_student" time="2.893" /><testcase classname="tests.test_iteration5.TestMockOTPReturn" name="test_signup_returns_mock_otp" time="0.731" /><testcase classname="tests.test_iteration5.TestMockOTPReturn" name="test_forgot_password_returns_mock_otp" time="1.488" /><testcase classname="tests.test_iteration5.TestFreshUserSafeDefaults" name="test_auth_me_safe_for_fresh_user" time="1.058" /><testcase classname="tests.test_iteration5.TestFreshUserSafeDefaults" name="test_leaderboard_safe_for_fresh_user" time="1.479" /><testcase classname="tests.test_iteration5.TestFreshUserSafeDefaults" name="test_profile_minimal_payload_ok" time="1.055" /><testcase classname="tests.test_iteration5.TestLeaderboardPagination" name="test_pagination_shape_and_required_fields" time="1.552" /><testcase classname="tests.test_iteration5.TestProfileNewFields" name="test_profile_persists_phone_photo_certs_projects" time="1.071" /><testcase classname="tests.test_iteration5.TestMyBookings" name="test_student_sees_booked_slots_with_counterparty" time="2.355" /><testcase classname="tests.test_iteration5.TestMyBookings" name="test_pro_sees_booked_slot_with_student_as_counterparty" time="2.500" /><testcase classname="tests.test_iteration5.TestMyBookings" name="test_employer_my_bookings_empty" time="1.067" /><testcase classname="tests.test_iteration5.TestMyBookings" name="test_admin_my_bookings_empty" time="0.365" /><testcase classname="tests.test_iteration5.TestMyBookings" name="test_join_enabled_window" time="2.366" /><testcase classname="tests.test_iteration5.TestMyBookings" name="test_join_enabled_false_for_far_future" time="2.389" /><testcase classname="tests.test_iteration6.TestInterviewJoinedAndComplete" name="test_joined_endpoint" time="3.422" /><testcase classname="tests.test_iteration6.TestInterviewJoinedAndComplete" name="test_complete_requires_both_joined" time="2.421" /><testcase classname="tests.test_iteration6.TestInterviewJoinedAndComplete" name="test_complete_requires_min_duration" time="2.357" /><testcase classname="tests.test_iteration6.TestInterviewJoinedAndComplete" name="test_complete_happy_returns_35_and_pro_rating" time="2.407" /><testcase classname="tests.test_iteration6.TestProLeaderboardRating" name="test_leaderboard_row_shape" time="1.066" /><testcase classname="tests.test_iteration6.TestJobPostReward" name="test_pro_posted_job_4_apps_awards_100_once" time="6.038" /><testcase classname="tests.test_iteration6.TestJobPostReward" name="test_employer_posted_job_no_reward" time="5.161" /><testcase classname="tests.test_iteration6.TestHireValidation" name="test_hire_no_note_no_proof_400" time="2.138" /><testcase classname="tests.test_iteration6.TestHireValidation" name="test_hire_with_note_goes_pending" time="2.083" /><testcase classname="tests.test_iteration6.TestAdminApproveHire" name="test_employer_gets_1500_and_referrer_500" time="3.452" /><testcase classname="tests.test_iteration6.TestReferOwn" name="test_only_posting_pro_can_refer_own" time="3.016" /><testcase classname="tests.test_iteration6.TestJobsVisibilityForPro" name="test_pro_does_not_see_other_pro_jobs_but_sees_employer_jobs" time="3.015" /><testcase classname="tests.test_iteration6.TestJobsVisibilityForPro" name="test_mine_true_returns_only_caller_jobs_with_applications_count" time="4.044" /><testcase classname="tests.test_referme_api" name="test_health" time="0.101" /><testcase classname="tests.test_referme_api.TestAuth" name="test_signup_returns_mock_otp" time="0.740" /><testcase classname="tests.test_referme_api.TestAuth" name="test_signup_admin_blocked" time="0.105" /><testcase classname="tests.test_referme_api.TestAuth" name="test_signup_duplicate" time="1.013" /><testcase classname="tests.test_referme_api.TestAuth" name="test_login_requires_verification" time="1.027" /><testcase classname="tests.test_referme_api.TestAuth" name="test_login_success" time="1.252" /><testcase classname="tests.test_referme_api.TestAuth" name="test_login_bad_password" time="1.260" /><testcase classname="tests.test_referme_api.TestAuth" name="test_me" time="1.027" /><testcase classname="tests.test_referme_api.TestAuth" name="test_forgot_and_reset_password" time="2.181" /><testcase classname="tests.test_referme_api.TestAuth" name="test_admin_login" time="0.348" /><testcase classname="tests.test_referme_api.TestProfile" name="test_student_profile_completion" time="1.073" /><testcase classname="tests.test_referme_api.TestProfile" name="test_pro_profile_completion" time="1.061" /><testcase classname="tests.test_referme_api.TestWallet" name="test_wallet_initial" time="1.059" /><testcase classname="tests.test_referme_api.TestWallet" name="test_first_deposit_bonus" time="1.147" /><testcase classname="tests.test_referme_api.TestWallet" name="test_first_deposit_minimum_enforced" time="1.032" /><testcase classname="tests.test_referme_api.TestWallet" name="test_subscription_plans" time="1.073" /><testcase classname="tests.test_referme_api.TestInterviews" name="test_full_interview_flow" time="3.180" /><testcase classname="tests.test_referme_api.TestInterviews" name="test_student_cannot_create_slot" time="1.027" /><testcase classname="tests.test_referme_api.TestJobs" name="test_seeded_jobs" time="1.049" /><testcase classname="tests.test_referme_api.TestJobs" name="test_apply_with_free" time="1.175" /><testcase classname="tests.test_referme_api.TestJobs" name="test_referral_and_hire_flow" time="3.322" /><testcase classname="tests.test_referme_api.TestLeaderboards" name="test_leaderboard_students" time="1.602" /><testcase classname="tests.test_referme_api.TestLeaderboards" name="test_leaderboard_pros" time="1.032" /><testcase classname="tests.test_referme_api.TestPayouts" name="test_payout_request_min_enforced" time="1.026" /><testcase classname="tests.test_referme_api.TestPayouts" name="test_payout_insufficient_credits" time="1.020" /><testcase classname="tests.test_referme_api.TestPayouts" name="test_full_payout_approve_flow" time="3.385" /><testcase classname="tests.test_referme_api.TestAdmin" name="test_admin_stats" time="0.418" /><testcase classname="tests.test_referme_api.TestAdmin" name="test_admin_users" time="0.422" /><testcase classname="tests.test_referme_api.TestAdmin" name="test_rbac_student_blocked_from_admin" time="1.071" /><testcase classname="tests.test_referme_api.TestDisputes" name="test_dispute_create_and_resolve" time="1.339" /><testcase classname="tests.test_referme_api.TestNotifications" name="test_list_and_mark_all_read" time="1.085" /><testcase classname="tests.test_referme_api" name="test_missing_token" time="0.099" /><testcase classname="tests.test_referme_api" name="test_invalid_token" time="0.109" /><testcase classname="tests.test_referme_api.TestProfileIteration3" name="test_others_education_requires_details" time="1.086" /><testcase classname="tests.test_referme_api.TestProfileIteration3" name="test_experienced_requires_years_of_experience" time="1.111" /><testcase classname="tests.test_referme_api.TestProfileIteration3" name="test_resume_link_alone_satisfies_resume" time="1.038" /><testcase classname="tests.test_referme_api.TestProfileIteration3" name="test_resume_score_is_server_computed" time="1.002" /><testcase classname="tests.test_referme_api.TestSlotIteration3" name="test_slot_invalid_format" time="1.016" /><testcase classname="tests.test_referme_api.TestSlotIteration3" name="test_slot_end_before_start" time="1.022" /><testcase classname="tests.test_referme_api.TestSlotIteration3" name="test_slot_past" time="1.016" /><testcase classname="tests.test_referme_api.TestSlotIteration3" name="test_slot_too_short" time="1.034" /><testcase classname="tests.test_referme_api.TestSlotIteration3" name="test_slot_overlap_rejected_adjacent_allowed" time="1.122" /><testcase classname="tests.test_referme_api.TestSlotIteration3" name="test_list_slots_sorted" time="1.156" /><testcase classname="tests.test_referme_api.TestJobsAppliedFlag" name="test_jobs_annotated_for_student" time="1.273" /><testcase classname="tests.test_referme_api.TestApplicationsPool" name="test_pool_requires_professional" time="1.013" /><testcase classname="tests.test_referme_api.TestApplicationsPool" name="test_pool_blocked_for_employer" time="1.020" /><testcase classname="tests.test_referme_api.TestApplicationsPool" name="test_pool_hydrates_student_profile" time="3.008" /></testsuite></testsuites>