<?xml version="1.0" encoding="utf-8"?><testsuites name="pytest tests"><testsuite name="pytest" errors="0" failures="7" skipped="1" tests="53" time="56.950" timestamp="2026-06-24T14:27:17.350712+00:00" hostname="agent-env-376034b0-5444-43e2-97fc-f8b3c10d6b69"><testcase classname="tests.test_iteration25_complete_interview.TestCompleteValidation" name="test_no_feedback_rejected_422" time="2.273" /><testcase classname="tests.test_iteration25_complete_interview.TestCompleteValidation" name="test_short_feedback_rejected" time="2.011" /><testcase classname="tests.test_iteration25_complete_interview.TestCompleteValidation" name="test_no_proof_rejected_422" time="2.038" /><testcase classname="tests.test_iteration25_complete_interview.TestCompleteValidation" name="test_short_proof_rejected" time="2.050" /><testcase classname="tests.test_iteration25_complete_interview.TestCompleteValidation" name="test_complete_before_start_blocked" time="2.038" /><testcase classname="tests.test_iteration25_complete_interview.TestCompleteHappyPath" name="test_complete_awards_credits_persists_proof_and_visibility" time="2.305" /><testcase classname="tests.test_iteration25_complete_interview.TestCompleteHappyPath" name="test_aggregations_after_complete" time="2.103" /><testcase classname="tests.test_iteration25_complete_interview.TestCompleteRBAC" name="test_student_cannot_complete" time="2.014" /><testcase classname="tests.test_iteration25_complete_interview.TestCompleteRBAC" name="test_other_pro_cannot_complete" time="3.000" /><testcase classname="tests.test_iter13_slot_mgmt.TestSlotCreationAutoSplit" name="test_duration_not_multiple_of_30_returns_400" time="1.078"><failure message="AssertionError: {&quot;detail&quot;:&quot;Please add and verify your mobile number to continue. Go to Profile → Verify Mobile Number.&quot;}&#10;assert 403 == 400&#10; +  where 403 = &lt;Response [403]&gt;.status_code">E   AssertionError: {"detail":"Please add and verify your mobile number to continue. Go to Profile → Verify Mobile Number."}
    assert 403 == 400
     +  where 403 = &lt;Response [403]&gt;.status_code</failure></testcase><testcase classname="tests.test_iter13_slot_mgmt.TestSlotCreationAutoSplit" name="test_60min_session_splits_into_two_subslots" time="1.120"><failure message="AssertionError: {&quot;detail&quot;:&quot;Please add and verify your mobile number to continue. Go to Profile → Verify Mobile Number.&quot;}&#10;assert 403 == 200&#10; +  where 403 = &lt;Response [403]&gt;.status_code">E   AssertionError: {"detail":"Please add and verify your mobile number to continue. Go to Profile → Verify Mobile Number."}
    assert 403 == 200
     +  where 403 = &lt;Response [403]&gt;.status_code</failure></testcase><testcase classname="tests.test_iter13_slot_mgmt.TestSlotCreationAutoSplit" name="test_pro_listing_returns_two_subslots" time="1.091"><failure message="assert 403 == 200&#10; +  where 403 = &lt;Response [403]&gt;.status_code">E   assert 403 == 200
     +  where 403 = &lt;Response [403]&gt;.status_code</failure></testcase><testcase classname="tests.test_iter13_slot_mgmt.TestProfessionalListingAggregation" name="test_listing_includes_pro_with_slots_total_2_available_2" time="2.019"><failure message="assert 403 == 200&#10; +  where 403 = &lt;Response [403]&gt;.status_code">E   assert 403 == 200
     +  where 403 = &lt;Response [403]&gt;.status_code</failure></testcase><testcase classname="tests.test_iter13_slot_mgmt.TestProfessionalListingAggregation" name="test_student_drilldown_returns_full_grid" time="2.068"><failure message="assert 403 == 200&#10; +  where 403 = &lt;Response [403]&gt;.status_code">E   assert 403 == 200
     +  where 403 = &lt;Response [403]&gt;.status_code</failure></testcase><testcase classname="tests.test_iter13_slot_mgmt.TestBookingFlow" name="test_full_booking_lifecycle" time="2.034"><failure message="assert 403 == 200&#10; +  where 403 = &lt;Response [403]&gt;.status_code">E   assert 403 == 200
     +  where 403 = &lt;Response [403]&gt;.status_code</failure></testcase><testcase classname="tests.test_iter13_slot_mgmt.TestAdminBookingsAudit" name="test_admin_endpoint_lists_booking_with_email_status" time="2.291"><failure message="assert 403 == 200&#10; +  where 403 = &lt;Response [403]&gt;.status_code">E   assert 403 == 200
     +  where 403 = &lt;Response [403]&gt;.status_code</failure></testcase><testcase classname="tests.test_iter13_slot_mgmt.TestAdminBookingsAudit" name="test_admin_endpoint_requires_admin_role" time="1.163" /><testcase classname="tests.test_iter23_refer_validate.TestReferValidate" name="test_empty_code_is_valid" time="0.098" /><testcase classname="tests.test_iter23_refer_validate.TestReferValidate" name="test_whitespace_code_is_valid" time="0.106" /><testcase classname="tests.test_iter23_refer_validate.TestReferValidate" name="test_valid_code_returns_owner_name" time="0.109" /><testcase classname="tests.test_iter23_refer_validate.TestReferValidate" name="test_valid_code_lowercased_input" time="0.104" /><testcase classname="tests.test_iter23_refer_validate.TestReferValidate" name="test_bogus_code_returns_canonical_message" time="0.120" /><testcase classname="tests.test_iter23_refer_validate.TestReferValidate" name="test_suspended_owner_code_invalid" time="0.110" /><testcase classname="tests.test_iter23_refer_validate.TestSignupRefBehavior" name="test_signup_without_ref_succeeds" time="0.710" /><testcase classname="tests.test_iter23_refer_validate.TestSignupRefBehavior" name="test_signup_with_empty_string_ref_succeeds" time="0.729" /><testcase classname="tests.test_iter23_refer_validate.TestSignupRefBehavior" name="test_signup_with_valid_ref_creates_pending_referral" time="0.735" /><testcase classname="tests.test_iter23_refer_validate.TestSignupRefBehavior" name="test_signup_with_bogus_ref_returns_400_and_no_user" time="0.119" /><testcase classname="tests.test_iter23_refer_validate.TestSignupRefBehavior" name="test_signup_with_suspended_owner_ref_returns_400" time="0.121" /><testcase classname="tests.test_iter23_refer_validate.TestVerifyOtpReferralCompletion" name="test_verify_otp_awards_referrer_and_returns_welcome_bonus" time="1.039" /><testcase classname="tests.test_iter20_leaderboard.TestLeaderboardOptions" name="test_options_returns_skills_and_locations_sorted" time="0.407" /><testcase classname="tests.test_iter20_leaderboard.TestLeaderboardStudents" name="test_returns_new_fields" time="0.091" /><testcase classname="tests.test_iter20_leaderboard.TestLeaderboardStudents" name="test_sorting_order" time="0.074" /><testcase classname="tests.test_iter20_leaderboard.TestLeaderboardStudents" name="test_legacy_params_ignored" time="0.071" /><testcase classname="tests.test_iter20_leaderboard.TestLeaderboardStudents" name="test_skill_filter" time="0.140" /><testcase classname="tests.test_iter20_leaderboard.TestLeaderboardStudents" name="test_location_filter" time="0.154" /><testcase classname="tests.test_iter20_leaderboard.TestTPSFormula" name="test_known_formula_value" time="0.381" /><testcase classname="tests.test_iter20_leaderboard.TestTPSFormula" name="test_zero_rating_zero_interviews" time="0.000" /><testcase classname="tests.test_iter20_leaderboard.TestTPSFormula" name="test_interview_buckets" time="0.000" /><testcase classname="tests.test_iter20_leaderboard.TestProfileUpdateRefreshesTPS" name="test_put_profile_refreshes_tps" time="1.050" /><testcase classname="tests.test_iter20_leaderboard.TestInterviewCompleteRefreshesTPS" name="test_complete_interview_via_db_seed" time="0.001"><skipped type="pytest.skip" message="End-to-end interview complete needs a logged-in pro token; TPS refresh on rating is covered by code path inspection + profile-update test.">/app/backend/tests/test_iter20_leaderboard.py:271: End-to-end interview complete needs a logged-in pro token; TPS refresh on rating is covered by code path inspection + profile-update test.</skipped></testcase><testcase classname="tests.test_iter20_leaderboard.TestTPSBackfill" name="test_most_students_have_profile_tps" time="0.011" /><testcase classname="tests.test_iteration22_refer_a_friend.TestReferMe" name="test_refer_me_returns_code_link_and_stats" time="1.036" /><testcase classname="tests.test_iteration22_refer_a_friend.TestReferMe" name="test_refer_me_backfills_for_legacy_user" time="1.072" /><testcase classname="tests.test_iteration22_refer_a_friend.TestSignupRefBehavior" name="test_signup_with_valid_ref_creates_pending_and_sets_referred_by" time="1.706" /><testcase classname="tests.test_iteration22_refer_a_friend.TestSignupRefBehavior" name="test_signup_with_invalid_ref_code_rejected_with_400" time="0.132" /><testcase classname="tests.test_iteration22_refer_a_friend.TestSignupRefBehavior" name="test_signup_self_referral_silently_dropped" time="1.106" /><testcase classname="tests.test_iteration22_refer_a_friend.TestSignupRefBehavior" name="test_signup_self_referral_path_via_signup_logic" time="1.071" /><testcase classname="tests.test_iteration22_refer_a_friend.TestSignupRefBehavior" name="test_signup_ref_ignored_for_professional_role" time="1.715" /><testcase classname="tests.test_iteration22_refer_a_friend.TestSignupRefBehavior" name="test_signup_ref_ignored_for_employer_role" time="1.121" /><testcase classname="tests.test_iteration22_refer_a_friend.TestVerifyOtpReferralCompletion" name="test_first_student_verification_awards_referrer" time="2.090" /><testcase classname="tests.test_iteration22_refer_a_friend.TestVerifyOtpReferralCompletion" name="test_welcome_bonus_returned_without_ref" time="0.995" /><testcase classname="tests.test_iteration22_refer_a_friend.TestReferList" name="test_refer_list_returns_masked_emails_newest_first" time="2.788" /><testcase classname="tests.test_iteration22_refer_a_friend.TestReferMeStatsReflectActivity" name="test_stats_increment_after_referral_completion" time="2.799" /></testsuite></testsuites>