<?xml version="1.0" encoding="utf-8"?><testsuites name="pytest tests"><testsuite name="pytest" errors="0" failures="0" skipped="0" tests="89" time="119.958" timestamp="2026-06-07T17:41:36.495988+00:00" hostname="agent-env-376034b0-5444-43e2-97fc-f8b3c10d6b69"><testcase classname="tests.test_iteration4.TestProfessionalEmailValidation" name="test_personal_domain_blocked[gmail.com]" time="0.205" /><testcase classname="tests.test_iteration4.TestProfessionalEmailValidation" name="test_personal_domain_blocked[yahoo.com]" time="0.125" /><testcase classname="tests.test_iteration4.TestProfessionalEmailValidation" name="test_personal_domain_blocked[outlook.com]" time="0.123" /><testcase classname="tests.test_iteration4.TestProfessionalEmailValidation" name="test_personal_domain_blocked[rediffmail.com]" time="0.110" /><testcase classname="tests.test_iteration4.TestProfessionalEmailValidation" name="test_company_domain_allowed" time="0.742" /><testcase classname="tests.test_iteration4.TestProfessionalEmailValidation" name="test_student_personal_domain_allowed" time="0.737" /><testcase classname="tests.test_iteration4.TestSuspendActivateDelete" name="test_suspend_then_login_blocked" time="1.892" /><testcase classname="tests.test_iteration4.TestSuspendActivateDelete" name="test_admin_only_suspend" time="2.057" /><testcase classname="tests.test_iteration4.TestSuspendActivateDelete" name="test_delete_user" time="1.414" /><testcase classname="tests.test_iteration4.TestJobsIteration4" name="test_pro_can_post_job" time="1.042" /><testcase classname="tests.test_iteration4.TestJobsIteration4" name="test_experienced_requires_experience_required" time="1.067" /><testcase classname="tests.test_iteration4.TestJobsIteration4" name="test_get_single_job_with_applied_flag" time="2.155" /><testcase classname="tests.test_iteration4.TestJobsIteration4" name="test_filter_jobs" time="2.105" /><testcase classname="tests.test_iteration4.TestJobsIteration4" name="test_patch_owner_only" time="2.453" /><testcase classname="tests.test_iteration4.TestJobsIteration4" name="test_close_reopen" time="1.257" /><testcase classname="tests.test_iteration4.TestJobsIteration4" name="test_applicants_owner_only" time="3.202" /><testcase classname="tests.test_iteration4.TestInsufficientCredits" name="test_apply_402_when_no_free_no_credits" time="2.243" /><testcase classname="tests.test_iteration4.TestApplicationStatusPipeline" name="test_status_change_proof_and_admin_action_hire" time="3.577" /><testcase classname="tests.test_iteration4.TestApplicationStatusPipeline" name="test_status_change_reject_notifies" time="3.433" /><testcase classname="tests.test_iteration4.TestSlotsIteration4" name="test_slot_creates_jitsi_url" time="1.050" /><testcase classname="tests.test_iteration4.TestSlotsIteration4" name="test_slot_min_1h_enforced" time="1.095" /><testcase classname="tests.test_iteration4.TestSlotsIteration4" name="test_slot_max_5h_per_day" time="1.310" /><testcase classname="tests.test_iteration4.TestSlotsIteration4" name="test_book_returns_meeting_url" time="2.327" /><testcase classname="tests.test_iteration4.TestLeaderboardIteration4" name="test_leaderboard_fields" time="1.609" /><testcase classname="tests.test_iteration4.TestLeaderboardIteration4" name="test_leaderboard_filters" time="2.213" /><testcase classname="tests.test_iteration4.TestAdminIteration4" name="test_expanded_stats" time="0.408" /><testcase classname="tests.test_iteration4.TestAdminIteration4" name="test_wallet_refund" time="1.440" /><testcase classname="tests.test_iteration4.TestAdminIteration4" name="test_admin_delete_job" time="1.417" /><testcase classname="tests.test_iteration4.TestAdminIteration4" name="test_admin_delete_interview_refunds_booked_student" time="2.700" /><testcase classname="tests.test_iteration5.TestMockOTPReturn" name="test_signup_returns_mock_otp" time="0.741" /><testcase classname="tests.test_iteration5.TestMockOTPReturn" name="test_forgot_password_returns_mock_otp" time="1.404" /><testcase classname="tests.test_iteration5.TestFreshUserSafeDefaults" name="test_auth_me_safe_for_fresh_user" time="1.052" /><testcase classname="tests.test_iteration5.TestFreshUserSafeDefaults" name="test_leaderboard_safe_for_fresh_user" time="1.493" /><testcase classname="tests.test_iteration5.TestFreshUserSafeDefaults" name="test_profile_minimal_payload_ok" time="1.081" /><testcase classname="tests.test_iteration5.TestLeaderboardPagination" name="test_pagination_shape_and_required_fields" time="1.517" /><testcase classname="tests.test_iteration5.TestProfileNewFields" name="test_profile_persists_phone_photo_certs_projects" time="1.117" /><testcase classname="tests.test_iteration5.TestMyBookings" name="test_student_sees_booked_slots_with_counterparty" time="2.382" /><testcase classname="tests.test_iteration5.TestMyBookings" name="test_pro_sees_booked_slot_with_student_as_counterparty" time="2.378" /><testcase classname="tests.test_iteration5.TestMyBookings" name="test_employer_my_bookings_empty" time="1.042" /><testcase classname="tests.test_iteration5.TestMyBookings" name="test_admin_my_bookings_empty" time="0.370" /><testcase classname="tests.test_iteration5.TestMyBookings" name="test_join_enabled_window" time="2.438" /><testcase classname="tests.test_iteration5.TestMyBookings" name="test_join_enabled_false_for_far_future" time="2.502" /><testcase classname="tests.test_referme_api" name="test_health" time="0.118" /><testcase classname="tests.test_referme_api.TestAuth" name="test_signup_returns_mock_otp" time="0.709" /><testcase classname="tests.test_referme_api.TestAuth" name="test_signup_admin_blocked" time="0.101" /><testcase classname="tests.test_referme_api.TestAuth" name="test_signup_duplicate" time="1.046" /><testcase classname="tests.test_referme_api.TestAuth" name="test_login_requires_verification" time="0.988" /><testcase classname="tests.test_referme_api.TestAuth" name="test_login_success" time="1.263" /><testcase classname="tests.test_referme_api.TestAuth" name="test_login_bad_password" time="1.252" /><testcase classname="tests.test_referme_api.TestAuth" name="test_me" time="1.171" /><testcase classname="tests.test_referme_api.TestAuth" name="test_forgot_and_reset_password" time="2.185" /><testcase classname="tests.test_referme_api.TestAuth" name="test_admin_login" time="0.327" /><testcase classname="tests.test_referme_api.TestProfile" name="test_student_profile_completion" time="1.010" /><testcase classname="tests.test_referme_api.TestProfile" name="test_pro_profile_completion" time="1.004" /><testcase classname="tests.test_referme_api.TestWallet" name="test_wallet_initial" time="1.159" /><testcase classname="tests.test_referme_api.TestWallet" name="test_first_deposit_bonus" time="1.124" /><testcase classname="tests.test_referme_api.TestWallet" name="test_first_deposit_minimum_enforced" time="1.038" /><testcase classname="tests.test_referme_api.TestWallet" name="test_subscription_plans" time="1.063" /><testcase classname="tests.test_referme_api.TestInterviews" name="test_full_interview_flow" time="3.161" /><testcase classname="tests.test_referme_api.TestInterviews" name="test_student_cannot_create_slot" time="1.085" /><testcase classname="tests.test_referme_api.TestJobs" name="test_seeded_jobs" time="1.060" /><testcase classname="tests.test_referme_api.TestJobs" name="test_apply_with_free" time="1.194" /><testcase classname="tests.test_referme_api.TestJobs" name="test_referral_and_hire_flow" time="3.485" /><testcase classname="tests.test_referme_api.TestLeaderboards" name="test_leaderboard_students" time="1.511" /><testcase classname="tests.test_referme_api.TestLeaderboards" name="test_leaderboard_pros" time="1.026" /><testcase classname="tests.test_referme_api.TestPayouts" name="test_payout_request_min_enforced" time="1.035" /><testcase classname="tests.test_referme_api.TestPayouts" name="test_payout_insufficient_credits" time="1.021" /><testcase classname="tests.test_referme_api.TestPayouts" name="test_full_payout_approve_flow" time="3.349" /><testcase classname="tests.test_referme_api.TestAdmin" name="test_admin_stats" time="0.397" /><testcase classname="tests.test_referme_api.TestAdmin" name="test_admin_users" time="0.424" /><testcase classname="tests.test_referme_api.TestAdmin" name="test_rbac_student_blocked_from_admin" time="1.087" /><testcase classname="tests.test_referme_api.TestDisputes" name="test_dispute_create_and_resolve" time="1.316" /><testcase classname="tests.test_referme_api.TestNotifications" name="test_list_and_mark_all_read" time="1.036" /><testcase classname="tests.test_referme_api" name="test_missing_token" time="0.130" /><testcase classname="tests.test_referme_api" name="test_invalid_token" time="0.109" /><testcase classname="tests.test_referme_api.TestProfileIteration3" name="test_others_education_requires_details" time="1.102" /><testcase classname="tests.test_referme_api.TestProfileIteration3" name="test_experienced_requires_years_of_experience" time="1.068" /><testcase classname="tests.test_referme_api.TestProfileIteration3" name="test_resume_link_alone_satisfies_resume" time="1.053" /><testcase classname="tests.test_referme_api.TestProfileIteration3" name="test_resume_score_is_server_computed" time="1.009" /><testcase classname="tests.test_referme_api.TestSlotIteration3" name="test_slot_invalid_format" time="0.999" /><testcase classname="tests.test_referme_api.TestSlotIteration3" name="test_slot_end_before_start" time="1.011" /><testcase classname="tests.test_referme_api.TestSlotIteration3" name="test_slot_past" time="1.022" /><testcase classname="tests.test_referme_api.TestSlotIteration3" name="test_slot_too_short" time="1.045" /><testcase classname="tests.test_referme_api.TestSlotIteration3" name="test_slot_overlap_rejected_adjacent_allowed" time="1.127" /><testcase classname="tests.test_referme_api.TestSlotIteration3" name="test_list_slots_sorted" time="1.132" /><testcase classname="tests.test_referme_api.TestJobsAppliedFlag" name="test_jobs_annotated_for_student" time="1.189" /><testcase classname="tests.test_referme_api.TestApplicationsPool" name="test_pool_requires_professional" time="1.056" /><testcase classname="tests.test_referme_api.TestApplicationsPool" name="test_pool_blocked_for_employer" time="1.037" /><testcase classname="tests.test_referme_api.TestApplicationsPool" name="test_pool_hydrates_student_profile" time="2.962" /></testsuite></testsuites>