<?xml version="1.0" encoding="utf-8"?><testsuites name="pytest tests"><testsuite name="pytest" errors="0" failures="0" skipped="0" tests="31" time="26.718" timestamp="2026-07-06T05:31:48.586133+00:00" hostname="agent-env-376034b0-5444-43e2-97fc-f8b3c10d6b69"><testcase classname="tests.test_iter54_auth_router_refactor.TestSignup" name="test_signup_student_returns_mock_otp_and_bonus" time="0.945" /><testcase classname="tests.test_iter54_auth_router_refactor.TestSignup" name="test_signup_admin_role_rejected" time="0.132" /><testcase classname="tests.test_iter54_auth_router_refactor.TestSignup" name="test_signup_employer_role_rejected_with_team_email" time="0.132" /><testcase classname="tests.test_iter54_auth_router_refactor.TestSignup" name="test_signup_professional_personal_email_rejected" time="0.133" /><testcase classname="tests.test_iter54_auth_router_refactor.TestSignup" name="test_signup_professional_company_email_ok" time="0.718" /><testcase classname="tests.test_iter54_auth_router_refactor.TestSignup" name="test_signup_invalid_ref_code_rejected" time="0.141" /><testcase classname="tests.test_iter54_auth_router_refactor.TestVerifyOtpAndReferral" name="test_verify_otp_flips_verified_and_returns_jwt" time="1.071" /><testcase classname="tests.test_iter54_auth_router_refactor.TestVerifyOtpAndReferral" name="test_referral_reward_fires_on_verify" time="2.128" /><testcase classname="tests.test_iter54_auth_router_refactor.TestLogin" name="test_login_success_after_verify" time="1.396" /><testcase classname="tests.test_iter54_auth_router_refactor.TestLogin" name="test_login_wrong_password_401" time="1.364" /><testcase classname="tests.test_iter54_auth_router_refactor.TestLogin" name="test_login_unverified_403" time="1.001" /><testcase classname="tests.test_iter54_auth_router_refactor.TestLogin" name="test_login_suspended_403" time="1.399" /><testcase classname="tests.test_iter54_auth_router_refactor.TestForgotReset" name="test_forgot_then_reset_then_login" time="2.703" /><testcase classname="tests.test_iter54_auth_router_refactor.TestAuthMe" name="test_me_student" time="1.129" /><testcase classname="tests.test_iter54_auth_router_refactor.TestAuthMe" name="test_me_professional_has_pro_fields" time="1.147" /><testcase classname="tests.test_iter54_auth_router_refactor.TestPhoneOtp" name="test_phone_send_accepts_10digit" time="1.345" /><testcase classname="tests.test_iter54_auth_router_refactor.TestPhoneOtp" name="test_phone_send_accepts_91_prefix" time="0.317" /><testcase classname="tests.test_iter54_auth_router_refactor.TestPhoneOtp" name="test_phone_send_accepts_plus91" time="0.327" /><testcase classname="tests.test_iter54_auth_router_refactor.TestPhoneOtp" name="test_phone_send_invalid_returns_exact_copy" time="0.105" /><testcase classname="tests.test_iter54_auth_router_refactor.TestPhoneOtp" name="test_phone_verify_marks_verified" time="0.660" /><testcase classname="tests.test_iter54_auth_router_refactor.TestPhoneOtp" name="test_phone_verify_wrong_otp_400" time="0.640" /><testcase classname="tests.test_iter54_auth_router_refactor.TestGoogleAuth" name="test_google_bad_session_401" time="0.207" /><testcase classname="tests.test_iter54_auth_router_refactor.TestProGmail" name="test_pro_gmail_send_accepts_gmail" time="1.606" /><testcase classname="tests.test_iter54_auth_router_refactor.TestProGmail" name="test_pro_gmail_rejects_non_gmail" time="0.118" /><testcase classname="tests.test_iter54_auth_router_refactor.TestProGmail" name="test_pro_gmail_rejects_same_as_login" time="0.102" /><testcase classname="tests.test_iter54_auth_router_refactor.TestProGmail" name="test_pro_gmail_verify_marks_verified" time="0.358" /><testcase classname="tests.test_iter54_auth_router_refactor.TestAdjacentEndpoints" name="test_wallet_deposit_create_order_ok" time="1.138" /><testcase classname="tests.test_iter54_auth_router_refactor.TestAdjacentEndpoints" name="test_redemption_submit_pro_only" time="1.584" /><testcase classname="tests.test_iter54_auth_router_refactor.TestAdjacentEndpoints" name="test_interviews_book_reachable" time="1.185" /><testcase classname="tests.test_iter54_auth_router_refactor.TestAdjacentEndpoints" name="test_jobs_apply_reachable" time="1.209" /><testcase classname="tests.test_iter54_auth_router_refactor.TestAdjacentEndpoints" name="test_admin_transactions_search_ok" time="0.151" /></testsuite></testsuites>