<?xml version="1.0" encoding="utf-8"?><testsuites name="pytest tests"><testsuite name="pytest" errors="0" failures="1" skipped="0" tests="136" time="224.058" timestamp="2026-06-08T07:05:54.581351+00:00" hostname="agent-env-376034b0-5444-43e2-97fc-f8b3c10d6b69"><testcase classname="tests.test_iteration4.TestProfessionalEmailValidation" name="test_personal_domain_blocked[gmail.com]" time="0.207" /><testcase classname="tests.test_iteration4.TestProfessionalEmailValidation" name="test_personal_domain_blocked[yahoo.com]" time="0.110" /><testcase classname="tests.test_iteration4.TestProfessionalEmailValidation" name="test_personal_domain_blocked[outlook.com]" time="0.116" /><testcase classname="tests.test_iteration4.TestProfessionalEmailValidation" name="test_personal_domain_blocked[rediffmail.com]" time="0.097" /><testcase classname="tests.test_iteration4.TestProfessionalEmailValidation" name="test_company_domain_allowed" time="0.843" /><testcase classname="tests.test_iteration4.TestProfessionalEmailValidation" name="test_student_personal_domain_allowed" time="0.695" /><testcase classname="tests.test_iteration4.TestSuspendActivateDelete" name="test_suspend_then_login_blocked" time="1.943" /><testcase classname="tests.test_iteration4.TestSuspendActivateDelete" name="test_admin_only_suspend" time="1.937" /><testcase classname="tests.test_iteration4.TestSuspendActivateDelete" name="test_delete_user" time="1.458" /><testcase classname="tests.test_iteration4.TestJobsIteration4" name="test_pro_can_post_job" time="1.046" /><testcase classname="tests.test_iteration4.TestJobsIteration4" name="test_experienced_requires_experience_required" time="1.023" /><testcase classname="tests.test_iteration4.TestJobsIteration4" name="test_get_single_job_with_applied_flag" time="2.138" /><testcase classname="tests.test_iteration4.TestJobsIteration4" name="test_filter_jobs" time="2.113" /><testcase classname="tests.test_iteration4.TestJobsIteration4" name="test_patch_owner_only" time="2.356" /><testcase classname="tests.test_iteration4.TestJobsIteration4" name="test_close_reopen" time="1.302" /><testcase classname="tests.test_iteration4.TestJobsIteration4" name="test_applicants_owner_only" time="3.066" /><testcase classname="tests.test_iteration4.TestInsufficientCredits" name="test_apply_402_when_no_free_no_credits" time="2.259" /><testcase classname="tests.test_iteration4.TestApplicationStatusPipeline" name="test_status_change_proof_and_admin_action_hire" time="3.567" /><testcase classname="tests.test_iteration4.TestApplicationStatusPipeline" name="test_status_change_reject_notifies" time="3.353" /><testcase classname="tests.test_iteration4.TestSlotsIteration4" name="test_slot_creates_jitsi_url" time="1.063" /><testcase classname="tests.test_iteration4.TestSlotsIteration4" name="test_slot_min_1h_enforced" time="1.063" /><testcase classname="tests.test_iteration4.TestSlotsIteration4" name="test_slot_max_5h_per_day" time="1.278" /><testcase classname="tests.test_iteration4.TestSlotsIteration4" name="test_book_returns_meeting_url" time="2.333" /><testcase classname="tests.test_iteration4.TestLeaderboardIteration4" name="test_leaderboard_fields" time="2.110" /><testcase classname="tests.test_iteration4.TestLeaderboardIteration4" name="test_leaderboard_filters" time="2.098"><failure message="assert None is not None">tests/test_iteration4.py:321: in test_leaderboard_filters
    assert me is not None
E   assert None is not None</failure></testcase><testcase classname="tests.test_iteration4.TestAdminIteration4" name="test_expanded_stats" time="0.400" /><testcase classname="tests.test_iteration4.TestAdminIteration4" name="test_wallet_refund" time="1.469" /><testcase classname="tests.test_iteration4.TestAdminIteration4" name="test_admin_delete_job" time="1.422" /><testcase classname="tests.test_iteration4.TestAdminIteration4" name="test_admin_delete_interview_refunds_booked_student" time="2.762" /><testcase classname="tests.test_iteration5.TestMockOTPReturn" name="test_signup_returns_mock_otp" time="0.723" /><testcase classname="tests.test_iteration5.TestMockOTPReturn" name="test_forgot_password_returns_mock_otp" time="1.416" /><testcase classname="tests.test_iteration5.TestFreshUserSafeDefaults" name="test_auth_me_safe_for_fresh_user" time="1.060" /><testcase classname="tests.test_iteration5.TestFreshUserSafeDefaults" name="test_leaderboard_safe_for_fresh_user" time="2.110" /><testcase classname="tests.test_iteration5.TestFreshUserSafeDefaults" name="test_profile_minimal_payload_ok" time="1.049" /><testcase classname="tests.test_iteration5.TestLeaderboardPagination" name="test_pagination_shape_and_required_fields" time="2.103" /><testcase classname="tests.test_iteration5.TestProfileNewFields" name="test_profile_persists_phone_photo_certs_projects" time="1.118" /><testcase classname="tests.test_iteration5.TestMyBookings" name="test_student_sees_booked_slots_with_counterparty" time="2.412" /><testcase classname="tests.test_iteration5.TestMyBookings" name="test_pro_sees_booked_slot_with_student_as_counterparty" time="2.345" /><testcase classname="tests.test_iteration5.TestMyBookings" name="test_employer_my_bookings_empty" time="1.066" /><testcase classname="tests.test_iteration5.TestMyBookings" name="test_admin_my_bookings_empty" time="0.403" /><testcase classname="tests.test_iteration5.TestMyBookings" name="test_join_enabled_window" time="2.395" /><testcase classname="tests.test_iteration5.TestMyBookings" name="test_join_enabled_false_for_far_future" time="2.388" /><testcase classname="tests.test_iteration6.TestInterviewJoinedAndComplete" name="test_joined_endpoint" time="3.463" /><testcase classname="tests.test_iteration6.TestInterviewJoinedAndComplete" name="test_complete_requires_both_joined" time="2.416" /><testcase classname="tests.test_iteration6.TestInterviewJoinedAndComplete" name="test_complete_requires_min_duration" time="2.389" /><testcase classname="tests.test_iteration6.TestInterviewJoinedAndComplete" name="test_complete_happy_returns_35_and_pro_rating" time="2.384" /><testcase classname="tests.test_iteration6.TestProLeaderboardRating" name="test_leaderboard_row_shape" time="1.056" /><testcase classname="tests.test_iteration6.TestJobPostReward" name="test_pro_posted_job_4_apps_awards_100_once" time="6.094" /><testcase classname="tests.test_iteration6.TestJobPostReward" name="test_employer_posted_job_no_reward" time="5.082" /><testcase classname="tests.test_iteration6.TestHireValidation" name="test_hire_no_note_no_proof_400" time="2.096" /><testcase classname="tests.test_iteration6.TestHireValidation" name="test_hire_with_note_goes_pending" time="2.268" /><testcase classname="tests.test_iteration6.TestAdminApproveHire" name="test_employer_gets_1500_and_referrer_500" time="3.542" /><testcase classname="tests.test_iteration6.TestReferOwn" name="test_only_posting_pro_can_refer_own" time="3.054" /><testcase classname="tests.test_iteration6.TestJobsVisibilityForPro" name="test_pro_does_not_see_other_pro_jobs_but_sees_employer_jobs" time="3.051" /><testcase classname="tests.test_iteration6.TestJobsVisibilityForPro" name="test_mine_true_returns_only_caller_jobs_with_applications_count" time="4.047" /><testcase classname="tests.test_iteration7" name="test_auth_me_pro_includes_profile_completion" time="1.032" /><testcase classname="tests.test_iteration7" name="test_auth_me_student_does_not_have_profile_completion" time="1.045" /><testcase classname="tests.test_iteration7" name="test_gmail_send_otp_rejects_non_gmail_domain" time="1.034" /><testcase classname="tests.test_iteration7" name="test_gmail_send_otp_rejects_same_as_login_email" time="1.011" /><testcase classname="tests.test_iteration7" name="test_gmail_send_otp_rejects_invalid_email" time="1.071" /><testcase classname="tests.test_iteration7" name="test_gmail_send_otp_success_returns_mock_otp" time="1.436" /><testcase classname="tests.test_iteration7" name="test_gmail_send_otp_blocks_for_non_pro" time="1.069" /><testcase classname="tests.test_iteration7" name="test_gmail_verify_wrong_otp_returns_400" time="1.683" /><testcase classname="tests.test_iteration7" name="test_gmail_verify_no_pending_returns_400" time="1.071" /><testcase classname="tests.test_iteration7" name="test_gmail_verify_success_sets_user_flags" time="1.709" /><testcase classname="tests.test_iteration7" name="test_profile_completion_increases_with_fields" time="1.911" /><testcase classname="tests.test_iteration7" name="test_pro_profile_fields_persist" time="1.098" /><testcase classname="tests.test_iteration7" name="test_pro_profile_accepts_alternate_gmail_field_but_does_not_verify" time="1.145" /><testcase classname="tests.test_iteration7" name="test_jobs_mine_true_no_trailing_slash_no_redirect" time="1.135" /><testcase classname="tests.test_iteration7" name="test_jobs_mine_true_returns_only_caller_jobs" time="1.150" /><testcase classname="tests.test_iteration8.TestProfessionalsHasAvailableSlots" name="test_pro_without_slots_excluded_for_students" time="2.009" /><testcase classname="tests.test_iteration8.TestProfessionalsHasAvailableSlots" name="test_pro_with_future_slot_included" time="2.071" /><testcase classname="tests.test_iteration8.TestProfessionalsHasAvailableSlots" name="test_explicit_has_available_slots_false_includes_all" time="2.016" /><testcase classname="tests.test_iteration8.TestProfessionalsFilters" name="test_skill_partial_case_insensitive" time="3.079" /><testcase classname="tests.test_iteration8.TestProfessionalsFilters" name="test_location_partial_case_insensitive" time="2.058" /><testcase classname="tests.test_iteration8.TestProfessionalsFilters" name="test_category_fresher_vs_experienced" time="3.160" /><testcase classname="tests.test_iteration8.TestProfessionalsFilters" name="test_date_filter_matches_only_that_day" time="2.167" /><testcase classname="tests.test_iteration8.TestJobsSynonyms" name="test_location_bangalore_matches_bengaluru_job" time="2.112" /><testcase classname="tests.test_iteration8.TestJobsSynonyms" name="test_location_bombay_matches_mumbai_job" time="1.998" /><testcase classname="tests.test_iteration8.TestJobsSynonyms" name="test_skill_java_partial_match" time="2.153" /><testcase classname="tests.test_iteration8.TestJobsSynonyms" name="test_skill_sql_partial_match" time="2.075" /><testcase classname="tests.test_iteration8.TestExpandCityHelper" name="test_city_synonym_returns_matching_job[Chennai-Madras]" time="2.059" /><testcase classname="tests.test_iteration8.TestExpandCityHelper" name="test_city_synonym_returns_matching_job[Madras-Chennai]" time="2.179" /><testcase classname="tests.test_iteration8.TestExpandCityHelper" name="test_city_synonym_returns_matching_job[Kolkata-Calcutta]" time="2.033" /><testcase classname="tests.test_iteration8.TestExpandCityHelper" name="test_city_synonym_returns_matching_job[Calcutta-Kolkata]" time="1.994" /><testcase classname="tests.test_iteration8.TestExpandCityHelper" name="test_city_synonym_returns_matching_job[Gurgaon-Gurugram]" time="2.063" /><testcase classname="tests.test_iteration8.TestExpandCityHelper" name="test_city_synonym_returns_matching_job[Gurugram-Gurgaon]" time="2.046" /><testcase classname="tests.test_iteration8.TestExpandCityHelper" name="test_city_synonym_returns_matching_job[Trivandrum-Thiruvananthapuram]" time="2.030" /><testcase classname="tests.test_iteration8.TestExpandCityHelper" name="test_city_synonym_returns_matching_job[Thiruvananthapuram-Trivandrum]" time="2.064" /><testcase classname="tests.test_referme_api" name="test_health" time="0.101" /><testcase classname="tests.test_referme_api.TestAuth" name="test_signup_returns_mock_otp" time="0.698" /><testcase classname="tests.test_referme_api.TestAuth" name="test_signup_admin_blocked" time="0.112" /><testcase classname="tests.test_referme_api.TestAuth" name="test_signup_duplicate" time="1.035" /><testcase classname="tests.test_referme_api.TestAuth" name="test_login_requires_verification" time="1.019" /><testcase classname="tests.test_referme_api.TestAuth" name="test_login_success" time="1.295" /><testcase classname="tests.test_referme_api.TestAuth" name="test_login_bad_password" time="1.274" /><testcase classname="tests.test_referme_api.TestAuth" name="test_me" time="1.024" /><testcase classname="tests.test_referme_api.TestAuth" name="test_forgot_and_reset_password" time="2.281" /><testcase classname="tests.test_referme_api.TestAuth" name="test_admin_login" time="0.353" /><testcase classname="tests.test_referme_api.TestProfile" name="test_student_profile_completion" time="1.024" /><testcase classname="tests.test_referme_api.TestProfile" name="test_pro_profile_completion" time="1.032" /><testcase classname="tests.test_referme_api.TestWallet" name="test_wallet_initial" time="1.022" /><testcase classname="tests.test_referme_api.TestWallet" name="test_first_deposit_bonus" time="1.128" /><testcase classname="tests.test_referme_api.TestWallet" name="test_first_deposit_minimum_enforced" time="1.057" /><testcase classname="tests.test_referme_api.TestWallet" name="test_subscription_plans" time="1.050" /><testcase classname="tests.test_referme_api.TestInterviews" name="test_full_interview_flow" time="3.718" /><testcase classname="tests.test_referme_api.TestInterviews" name="test_student_cannot_create_slot" time="1.110" /><testcase classname="tests.test_referme_api.TestJobs" name="test_seeded_jobs" time="1.086" /><testcase classname="tests.test_referme_api.TestJobs" name="test_apply_with_free" time="1.149" /><testcase classname="tests.test_referme_api.TestJobs" name="test_referral_and_hire_flow" time="3.432" /><testcase classname="tests.test_referme_api.TestLeaderboards" name="test_leaderboard_students" time="2.219" /><testcase classname="tests.test_referme_api.TestLeaderboards" name="test_leaderboard_pros" time="1.028" /><testcase classname="tests.test_referme_api.TestPayouts" name="test_payout_request_min_enforced" time="1.038" /><testcase classname="tests.test_referme_api.TestPayouts" name="test_payout_insufficient_credits" time="1.062" /><testcase classname="tests.test_referme_api.TestPayouts" name="test_full_payout_approve_flow" time="3.453" /><testcase classname="tests.test_referme_api.TestAdmin" name="test_admin_stats" time="0.377" /><testcase classname="tests.test_referme_api.TestAdmin" name="test_admin_users" time="0.418" /><testcase classname="tests.test_referme_api.TestAdmin" name="test_rbac_student_blocked_from_admin" time="1.100" /><testcase classname="tests.test_referme_api.TestDisputes" name="test_dispute_create_and_resolve" time="1.363" /><testcase classname="tests.test_referme_api.TestNotifications" name="test_list_and_mark_all_read" time="1.242" /><testcase classname="tests.test_referme_api" name="test_missing_token" time="0.100" /><testcase classname="tests.test_referme_api" name="test_invalid_token" time="0.097" /><testcase classname="tests.test_referme_api.TestProfileIteration3" name="test_others_education_requires_details" time="1.085" /><testcase classname="tests.test_referme_api.TestProfileIteration3" name="test_experienced_requires_years_of_experience" time="1.080" /><testcase classname="tests.test_referme_api.TestProfileIteration3" name="test_resume_link_alone_satisfies_resume" time="1.053" /><testcase classname="tests.test_referme_api.TestProfileIteration3" name="test_resume_score_is_server_computed" time="1.063" /><testcase classname="tests.test_referme_api.TestSlotIteration3" name="test_slot_invalid_format" time="1.031" /><testcase classname="tests.test_referme_api.TestSlotIteration3" name="test_slot_end_before_start" time="1.018" /><testcase classname="tests.test_referme_api.TestSlotIteration3" name="test_slot_past" time="1.027" /><testcase classname="tests.test_referme_api.TestSlotIteration3" name="test_slot_too_short" time="1.065" /><testcase classname="tests.test_referme_api.TestSlotIteration3" name="test_slot_overlap_rejected_adjacent_allowed" time="1.154" /><testcase classname="tests.test_referme_api.TestSlotIteration3" name="test_list_slots_sorted" time="1.131" /><testcase classname="tests.test_referme_api.TestJobsAppliedFlag" name="test_jobs_annotated_for_student" time="1.170" /><testcase classname="tests.test_referme_api.TestApplicationsPool" name="test_pool_requires_professional" time="1.017" /><testcase classname="tests.test_referme_api.TestApplicationsPool" name="test_pool_blocked_for_employer" time="1.106" /><testcase classname="tests.test_referme_api.TestApplicationsPool" name="test_pool_hydrates_student_profile" time="3.139" /></testsuite></testsuites>