<?xml version="1.0" encoding="utf-8"?><testsuites name="pytest tests"><testsuite name="pytest" errors="0" failures="0" skipped="0" tests="11" time="22.683" timestamp="2026-06-28T14:47:25.463102+00:00" hostname="agent-env-376034b0-5444-43e2-97fc-f8b3c10d6b69"><testcase classname="tests.test_iter37_my_bookings_derived.TestMyBookingsDerivedFields" name="test_future_slot_not_ended" time="2.092" /><testcase classname="tests.test_iter37_my_bookings_derived.TestMyBookingsDerivedFields" name="test_past_slot_ended_true" time="2.041" /><testcase classname="tests.test_iter37_my_bookings_derived.TestMyBookingsDerivedFields" name="test_both_joined_true" time="2.065" /><testcase classname="tests.test_iter37_my_bookings_derived.TestMyBookingsDerivedFields" name="test_only_pro_joined_both_joined_false" time="2.034" /><testcase classname="tests.test_iter37_my_bookings_derived.TestMyBookingsDerivedFields" name="test_joined_endpoint_populates_both_joined" time="2.097" /><testcase classname="tests.test_iter37_my_bookings_derived.TestStudentMyBookingsAlsoHasDerived" name="test_student_sees_slot_ended_and_no_joined_by" time="2.007" /><testcase classname="tests.test_iter38_student_my_bookings.TestStudentMyBookingsScenarios" name="test_scenario_a_future_active" time="2.124" /><testcase classname="tests.test_iter38_student_my_bookings.TestStudentMyBookingsScenarios" name="test_scenario_b_completed_with_feedback" time="2.026" /><testcase classname="tests.test_iter38_student_my_bookings.TestStudentMyBookingsScenarios" name="test_scenario_c_past_booked_both_joined" time="2.030" /><testcase classname="tests.test_iter38_student_my_bookings.TestStudentMyBookingsScenarios" name="test_scenario_d_no_show" time="1.999" /><testcase classname="tests.test_iter38_student_my_bookings.TestStudentMyBookingsContract" name="test_joined_by_never_in_response" time="2.062" /></testsuite></testsuites>