<?xml version="1.0" encoding="utf-8"?><testsuites name="pytest tests"><testsuite name="pytest" errors="0" failures="0" skipped="0" tests="41" time="60.098" timestamp="2026-06-25T03:12:20.684713+00:00" hostname="agent-env-376034b0-5444-43e2-97fc-f8b3c10d6b69"><testcase classname="test_iter30_phaseb_regression.TestBackendBoots" name="test_root_responds" time="0.133" /><testcase classname="test_iter30_phaseb_regression.TestBackendBoots" name="test_interviews_slots_endpoint_mounted" time="0.140" /><testcase classname="test_iter30_phaseb_regression.TestCreateSlot" name="test_pro_only_student_blocked" time="1.072" /><testcase classname="test_iter30_phaseb_regression.TestCreateSlot" name="test_unverified_pro_gets_403" time="1.046" /><testcase classname="test_iter30_phaseb_regression.TestCreateSlot" name="test_skill_set_required" time="1.089" /><testcase classname="test_iter30_phaseb_regression.TestCreateSlot" name="test_duration_must_be_multiple_of_30" time="1.387" /><testcase classname="test_iter30_phaseb_regression.TestCreateSlot" name="test_create_slot_happy_path" time="1.158" /><testcase classname="test_iter30_phaseb_regression.TestListSlots" name="test_requires_auth" time="0.171" /><testcase classname="test_iter30_phaseb_regression.TestListSlots" name="test_student_sees_pro_slot" time="2.160" /><testcase classname="test_iter30_phaseb_regression.TestBookFlow" name="test_book_consumes_free_use" time="3.499" /><testcase classname="test_iter30_phaseb_regression.TestBookFlow" name="test_book_consumes_credits_when_no_free_uses" time="3.183" /><testcase classname="test_iter30_phaseb_regression.TestJoinedAndComplete" name="test_joined_marks_user" time="3.292" /><testcase classname="test_iter30_phaseb_regression.TestJoinedAndComplete" name="test_joined_strangers_forbidden" time="3.110" /><testcase classname="test_iter30_phaseb_regression.TestApplyCanUseFree" name="test_apply_does_not_raise_nameerror" time="1.108" /><testcase classname="test_iter30_phaseb_regression.TestApplyCanUseFree" name="test_apply_consumes_credits_when_no_free" time="1.091" /><testcase classname="test_iter30_phaseb_regression.TestPhaseARegression" name="test_refer_validate_invalid" time="0.130" /><testcase classname="test_iter30_phaseb_regression.TestPhaseARegression" name="test_refer_validate_empty" time="0.106" /><testcase classname="test_iter30_phaseb_regression.TestPhaseARegression" name="test_refer_me_returns_user_code" time="1.045" /><testcase classname="test_iter30_phaseb_regression.TestPhaseARegression" name="test_leaderboard_professionals" time="1.115" /><testcase classname="test_iter30_phaseb_regression.TestPhaseARegression" name="test_leaderboard_students" time="1.097" /><testcase classname="test_iter30_phaseb_regression.TestPhaseARegression" name="test_leaderboard_student_me_ranks" time="1.065" /><testcase classname="test_iter30_phaseb_regression.TestPhaseARegression" name="test_leaderboard_pro_me_stats" time="1.146" /><testcase classname="test_iter31_resend_migration.TestBackendBoot" name="test_api_mounted_not_404" time="0.123" /><testcase classname="test_iter31_resend_migration.TestBackendBoot" name="test_no_import_or_name_errors_since_startup" time="0.010" /><testcase classname="test_iter31_resend_migration.TestSignupViaResend" name="test_signup_returns_otp_and_logs_resend_ok" time="0.663" /><testcase classname="test_iter31_resend_migration.TestSignupViaResend" name="test_verify_otp_returns_token" time="0.285" /><testcase classname="test_iter31_resend_migration.TestForgotResetViaResend" name="test_forgot_password_logs_resend_ok" time="0.451" /><testcase classname="test_iter31_resend_migration.TestForgotResetViaResend" name="test_reset_password_and_login_with_new_pw" time="1.046" /><testcase classname="test_iter31_resend_migration.TestForgotResetViaResend" name="test_forgot_unknown_email_does_not_leak" time="1.053" /><testcase classname="test_iter31_resend_migration.TestBookingEmailsViaResend" name="test_book_emits_two_resend_ok_lines" time="3.301" /><testcase classname="test_iter31_resend_migration.TestAdminLoginRegression" name="test_admin_login_200" time="0.267" /><testcase classname="test_iter32_booking_email_status" name="test_booking_record_has_both_email_status_sent" time="3.320" /><testcase classname="test_iteration25_complete_interview.TestCompleteValidation" name="test_no_feedback_rejected_422" time="2.047" /><testcase classname="test_iteration25_complete_interview.TestCompleteValidation" name="test_short_feedback_rejected" time="2.253" /><testcase classname="test_iteration25_complete_interview.TestCompleteValidation" name="test_no_proof_rejected_422" time="2.051" /><testcase classname="test_iteration25_complete_interview.TestCompleteValidation" name="test_short_proof_rejected" time="2.044" /><testcase classname="test_iteration25_complete_interview.TestCompleteValidation" name="test_complete_before_start_blocked" time="2.043" /><testcase classname="test_iteration25_complete_interview.TestCompleteHappyPath" name="test_complete_awards_credits_persists_proof_and_visibility" time="2.329" /><testcase classname="test_iteration25_complete_interview.TestCompleteHappyPath" name="test_aggregations_after_complete" time="2.174" /><testcase classname="test_iteration25_complete_interview.TestCompleteRBAC" name="test_student_cannot_complete" time="2.077" /><testcase classname="test_iteration25_complete_interview.TestCompleteRBAC" name="test_other_pro_cannot_complete" time="3.073" /></testsuite></testsuites>