<?xml version="1.0" encoding="utf-8"?><testsuites name="pytest tests"><testsuite name="pytest" errors="0" failures="0" skipped="0" tests="16" time="12.934" timestamp="2026-07-05T12:53:35.189968+00:00" hostname="agent-env-376034b0-5444-43e2-97fc-f8b3c10d6b69"><testcase classname="tests.test_iter52_admin_signed_amount.TestAdminTransactionsSignedAmount" name="test_search_returns_non_zero_signed_amounts" time="0.479" /><testcase classname="tests.test_iter52_admin_signed_amount.TestAdminTransactionsSignedAmount" name="test_credits_added_positive_for_reward_rows" time="0.434" /><testcase classname="tests.test_iter52_admin_signed_amount.TestAdminTransactionsSignedAmount" name="test_positive_rewards_present" time="0.365" /><testcase classname="tests.test_iter52_admin_signed_amount.TestAdminTransactionsSignedAmount" name="test_negative_spends_present" time="0.375" /><testcase classname="tests.test_iter52_admin_signed_amount.TestAdminSearchFilters" name="test_limit_pagination" time="0.442" /><testcase classname="tests.test_iter52_admin_signed_amount.TestAdminSearchFilters" name="test_type_filter_only_returns_mapped_reasons[purchase-expected_reasons0]" time="0.397" /><testcase classname="tests.test_iter52_admin_signed_amount.TestAdminSearchFilters" name="test_type_filter_only_returns_mapped_reasons[application-expected_reasons1]" time="0.376" /><testcase classname="tests.test_iter52_admin_signed_amount.TestAdminSearchFilters" name="test_type_filter_only_returns_mapped_reasons[interview_reward-expected_reasons2]" time="0.379" /><testcase classname="tests.test_iter52_admin_signed_amount.TestAdminSearchFilters" name="test_type_filter_only_returns_mapped_reasons[job_post_reward-expected_reasons3]" time="0.373" /><testcase classname="tests.test_iter52_admin_signed_amount.TestAdminSearchFilters" name="test_type_filter_only_returns_mapped_reasons[hiring_reward-expected_reasons4]" time="0.366" /><testcase classname="tests.test_iter52_admin_signed_amount.TestAdminSearchFilters" name="test_type_filter_only_returns_mapped_reasons[manual-expected_reasons5]" time="0.372" /><testcase classname="tests.test_iter52_admin_signed_amount.TestAdminStatsCredits" name="test_credits_buckets_non_zero" time="0.408" /><testcase classname="tests.test_iter52_admin_signed_amount.TestAdminStatsCredits" name="test_used_includes_job_application_and_interview_booking" time="0.406" /><testcase classname="tests.test_iter52_admin_signed_amount.TestAdminStatsCredits" name="test_rewarded_includes_all_reward_reasons" time="0.432" /><testcase classname="tests.test_iter52_admin_signed_amount.TestBookThenCancelSignedFlow" name="test_fresher_book_then_admin_cancel_signed_txns" time="3.772" /><testcase classname="tests.test_iter52_admin_signed_amount.TestWalletRegression" name="test_wallet_returns_delta_field" time="3.453" /></testsuite></testsuites>