<?xml version="1.0" encoding="utf-8"?><testsuites name="pytest tests"><testsuite name="pytest" errors="0" failures="0" skipped="1" tests="12" time="3.012" timestamp="2026-06-19T11:03:29.781410+00:00" hostname="agent-env-376034b0-5444-43e2-97fc-f8b3c10d6b69"><testcase classname="backend.tests.test_iter20_leaderboard.TestLeaderboardOptions" name="test_options_returns_skills_and_locations_sorted" time="0.588" /><testcase classname="backend.tests.test_iter20_leaderboard.TestLeaderboardStudents" name="test_returns_new_fields" time="0.071" /><testcase classname="backend.tests.test_iter20_leaderboard.TestLeaderboardStudents" name="test_sorting_order" time="0.072" /><testcase classname="backend.tests.test_iter20_leaderboard.TestLeaderboardStudents" name="test_legacy_params_ignored" time="0.068" /><testcase classname="backend.tests.test_iter20_leaderboard.TestLeaderboardStudents" name="test_skill_filter" time="0.149" /><testcase classname="backend.tests.test_iter20_leaderboard.TestLeaderboardStudents" name="test_location_filter" time="0.132" /><testcase classname="backend.tests.test_iter20_leaderboard.TestTPSFormula" name="test_known_formula_value" time="0.397" /><testcase classname="backend.tests.test_iter20_leaderboard.TestTPSFormula" name="test_zero_rating_zero_interviews" time="0.000" /><testcase classname="backend.tests.test_iter20_leaderboard.TestTPSFormula" name="test_interview_buckets" time="0.000" /><testcase classname="backend.tests.test_iter20_leaderboard.TestProfileUpdateRefreshesTPS" name="test_put_profile_refreshes_tps" time="1.403" /><testcase classname="backend.tests.test_iter20_leaderboard.TestInterviewCompleteRefreshesTPS" name="test_complete_interview_via_db_seed" time="0.011"><skipped type="pytest.skip" message="End-to-end interview complete needs a logged-in pro token; TPS refresh on rating is covered by code path inspection + profile-update test.">/app/backend/tests/test_iter20_leaderboard.py:271: End-to-end interview complete needs a logged-in pro token; TPS refresh on rating is covered by code path inspection + profile-update test.</skipped></testcase><testcase classname="backend.tests.test_iter20_leaderboard.TestTPSBackfill" name="test_most_students_have_profile_tps" time="0.010" /></testsuite></testsuites>