<?xml version="1.0" encoding="utf-8"?><testsuites name="pytest tests"><testsuite name="pytest" errors="0" failures="0" skipped="0" tests="46" time="21.854" timestamp="2026-07-07T05:27:33.970411+00:00" hostname="agent-env-376034b0-5444-43e2-97fc-f8b3c10d6b69"><testcase classname="backend.tests.test_iter56_admin_router_refactor.TestAuthGating" name="test_no_token_returns_401" time="1.164" /><testcase classname="backend.tests.test_iter56_admin_router_refactor.TestAuthGating" name="test_non_admin_forbidden" time="2.241" /><testcase classname="backend.tests.test_iter56_admin_router_refactor.TestListSmoke" name="test_status_changes" time="0.450" /><testcase classname="backend.tests.test_iter56_admin_router_refactor.TestListSmoke" name="test_users" time="0.136" /><testcase classname="backend.tests.test_iter56_admin_router_refactor.TestListSmoke" name="test_users_search_filters" time="0.277" /><testcase classname="backend.tests.test_iter56_admin_router_refactor.TestListSmoke" name="test_jobs" time="0.289" /><testcase classname="backend.tests.test_iter56_admin_router_refactor.TestListSmoke" name="test_jobs_search" time="0.053" /><testcase classname="backend.tests.test_iter56_admin_router_refactor.TestListSmoke" name="test_interviews" time="0.167" /><testcase classname="backend.tests.test_iter56_admin_router_refactor.TestListSmoke" name="test_interviews_search" time="0.047" /><testcase classname="backend.tests.test_iter56_admin_router_refactor.TestListSmoke" name="test_interview_bookings" time="0.051" /><testcase classname="backend.tests.test_iter56_admin_router_refactor.TestListSmoke" name="test_stats" time="0.089" /><testcase classname="backend.tests.test_iter56_admin_router_refactor.TestListSmoke" name="test_stats_overview" time="0.085" /><testcase classname="backend.tests.test_iter56_admin_router_refactor.TestListSmoke" name="test_transactions_search_signed_amount" time="0.061" /><testcase classname="backend.tests.test_iter56_admin_router_refactor.TestListSmoke" name="test_redemption_requests" time="0.051" /><testcase classname="backend.tests.test_iter56_admin_router_refactor.TestListSmoke" name="test_audit_logs_shape" time="0.048" /><testcase classname="backend.tests.test_iter56_admin_router_refactor.TestCSVExports" name="test_csv_streaming[/admin/export/users]" time="0.163" /><testcase classname="backend.tests.test_iter56_admin_router_refactor.TestCSVExports" name="test_csv_streaming[/admin/export/jobs]" time="0.068" /><testcase classname="backend.tests.test_iter56_admin_router_refactor.TestCSVExports" name="test_csv_streaming[/admin/export/interviews]" time="0.062" /><testcase classname="backend.tests.test_iter56_admin_router_refactor.TestCSVExports" name="test_csv_streaming[/admin/export/transactions]" time="0.082" /><testcase classname="backend.tests.test_iter56_admin_router_refactor.TestCSVExports" name="test_csv_streaming[/admin/export/redemptions]" time="0.046" /><testcase classname="backend.tests.test_iter56_admin_router_refactor.TestUsersCRUD" name="test_patch_user_name" time="0.997" /><testcase classname="backend.tests.test_iter56_admin_router_refactor.TestUsersCRUD" name="test_credits_adjust_positive_and_ledger" time="1.009" /><testcase classname="backend.tests.test_iter56_admin_router_refactor.TestUsersCRUD" name="test_credits_adjust_zero_delta_400" time="0.987" /><testcase classname="backend.tests.test_iter56_admin_router_refactor.TestUsersCRUD" name="test_suspend_and_activate" time="1.058" /><testcase classname="backend.tests.test_iter56_admin_router_refactor.TestUsersCRUD" name="test_delete_admin_blocked" time="0.055" /><testcase classname="backend.tests.test_iter56_admin_router_refactor.TestUsersCRUD" name="test_delete_non_admin_ok" time="0.995" /><testcase classname="backend.tests.test_iter56_admin_router_refactor.TestWalletRefund" name="test_admin_refund_credits_a_user" time="0.995" /><testcase classname="backend.tests.test_iter56_admin_router_refactor.TestWalletRefund" name="test_admin_refund_bad_amount" time="0.046" /><testcase classname="backend.tests.test_iter56_admin_router_refactor.TestDisputes" name="test_resolve_missing_returns_404" time="0.049" /><testcase classname="backend.tests.test_iter56_admin_router_refactor.TestStatusChangeHire" name="test_hire_flow_credits_poster" time="2.108" /><testcase classname="backend.tests.test_iter56_admin_router_refactor.TestStatusChangeHire" name="test_reject_leaves_status_unchanged" time="2.137" /><testcase classname="backend.tests.test_iter56_admin_router_refactor.TestJobVerify" name="test_verify_approve" time="1.003" /><testcase classname="backend.tests.test_iter56_admin_router_refactor.TestJobVerify" name="test_verify_reject_requires_note" time="0.128" /><testcase classname="backend.tests.test_iter56_admin_router_refactor.TestJobVerify" name="test_delete_job" time="0.106" /><testcase classname="backend.tests.test_iter56_admin_router_refactor.TestRedemptionWorkflow" name="test_approve_and_mark_paid" time="0.445" /><testcase classname="backend.tests.test_iter56_admin_router_refactor.TestRedemptionWorkflow" name="test_reject_refunds_locked_to_credits" time="0.344" /><testcase classname="backend.tests.test_iter56_admin_router_refactor.TestInterviewAdminCancel" name="test_admin_cancel_booking_refunds_credits_charged" time="1.044" /><testcase classname="backend.tests.test_iter56_admin_router_refactor.TestInterviewAdminCancel" name="test_admin_delete_slot_refunds" time="1.009" /><testcase classname="backend.tests.test_iter56_admin_router_refactor.TestInterviewAdminCancel" name="test_cancel_slot_booking_wrapper" time="1.006" /><testcase classname="backend.tests.test_iter56_admin_router_refactor.TestPayoutRefund" name="test_reject_refunds_credits" time="0.065" /><testcase classname="backend.tests.test_iter56_admin_router_refactor.TestAdjacentEndpoints" name="test_wallet" time="0.064" /><testcase classname="backend.tests.test_iter56_admin_router_refactor.TestAdjacentEndpoints" name="test_auth_me" time="0.046" /><testcase classname="backend.tests.test_iter56_admin_router_refactor.TestAdjacentEndpoints" name="test_jobs_public" time="0.165" /><testcase classname="backend.tests.test_iter56_admin_router_refactor.TestAdjacentEndpoints" name="test_professionals" time="0.060" /><testcase classname="backend.tests.test_iter56_admin_router_refactor.TestAdjacentEndpoints" name="test_applications" time="0.057" /><testcase classname="backend.tests.test_iter56_admin_router_refactor.TestAdjacentEndpoints" name="test_leaderboard_students" time="0.087" /></testsuite></testsuites>