<?xml version="1.0" encoding="utf-8"?><testsuites name="pytest tests"><testsuite name="pytest" errors="0" failures="0" skipped="0" tests="17" time="38.036" timestamp="2026-07-04T11:51:20.443400+00:00" hostname="agent-env-376034b0-5444-43e2-97fc-f8b3c10d6b69"><testcase classname="tests.test_iter51_credit_overhaul.TestWalletActionCost" name="test_wallet_fresher_action_cost_99" time="1.312" /><testcase classname="tests.test_iter51_credit_overhaul.TestWalletActionCost" name="test_wallet_experienced_action_cost_199" time="1.039" /><testcase classname="tests.test_iter51_credit_overhaul.TestWalletActionCost" name="test_wallet_pro_action_cost_zero" time="1.048" /><testcase classname="tests.test_iter51_credit_overhaul.TestAuthMeActionCost" name="test_me_fresher_has_cost_99" time="1.080" /><testcase classname="tests.test_iter51_credit_overhaul.TestAuthMeActionCost" name="test_me_experienced_has_cost_199" time="1.039" /><testcase classname="tests.test_iter51_credit_overhaul.TestAuthMeActionCost" name="test_me_pro_has_no_action_cost_key" time="1.080" /><testcase classname="tests.test_iter51_credit_overhaul.TestBookInterviewCredits" name="test_book_fresher_charged_99" time="3.307" /><testcase classname="tests.test_iter51_credit_overhaul.TestBookInterviewCredits" name="test_book_experienced_charged_199" time="3.137" /><testcase classname="tests.test_iter51_credit_overhaul.TestBookInterviewCredits" name="test_book_insufficient_credits_blocked_and_slot_rolled_back" time="2.003" /><testcase classname="tests.test_iter51_credit_overhaul.TestJobApplyCredits" name="test_apply_fresher_charged_99_and_persisted" time="2.028" /><testcase classname="tests.test_iter51_credit_overhaul.TestJobApplyCredits" name="test_apply_experienced_charged_199" time="2.050" /><testcase classname="tests.test_iter51_credit_overhaul.TestJobApplyCredits" name="test_apply_free_use_consumes_pass_no_deduction" time="2.099" /><testcase classname="tests.test_iter51_credit_overhaul.TestJobApplyCredits" name="test_apply_admin_job_rejected" time="1.375" /><testcase classname="tests.test_iter51_credit_overhaul.TestInterviewCompleteReward" name="test_complete_awards_pro_110_credits" time="2.383" /><testcase classname="tests.test_iter51_credit_overhaul.TestJobPostReward" name="test_reward_paid_once_on_4th_application_not_on_5th" time="6.409" /><testcase classname="tests.test_iter51_credit_overhaul.TestAdminCancelSlotRefund" name="test_admin_delete_refunds_99_for_fresher" time="3.291" /><testcase classname="tests.test_iter51_credit_overhaul.TestAdminCancelSlotRefund" name="test_admin_delete_refunds_199_for_experienced" time="3.234" /></testsuite></testsuites>