<?xml version="1.0" encoding="utf-8"?><testsuites name="pytest tests"><testsuite name="pytest" errors="0" failures="0" skipped="0" tests="3" time="8.072" timestamp="2026-06-30T13:52:53.006078+00:00" hostname="agent-env-376034b0-5444-43e2-97fc-f8b3c10d6b69"><testcase classname="tests.test_iter43_feedback_email.TestCompleteHappyPathStillWorks" name="test_complete_returns_200_with_all_side_effects" time="2.829" /><testcase classname="tests.test_iter43_feedback_email.TestFeedbackEmailEmitted" name="test_resend_or_mock_log_emitted" time="2.423" /><testcase classname="tests.test_iter43_feedback_email.TestFeedbackEmailFailureGuard" name="test_email_exception_does_not_break_complete" time="2.732" /></testsuite></testsuites>