<?xml version="1.0" encoding="utf-8"?><testsuites name="pytest tests"><testsuite name="pytest" errors="0" failures="0" skipped="0" tests="13" time="29.728" timestamp="2026-06-13T05:44:47.368963+00:00" hostname="agent-env-376034b0-5444-43e2-97fc-f8b3c10d6b69"><testcase classname="backend.tests.test_iteration14_jobs_photo.TestProfilePhoto" name="test_profile_photo_base64_persists" time="1.443" /><testcase classname="backend.tests.test_iteration14_jobs_photo.TestJobPostingNewFields" name="test_post_job_with_all_new_fields" time="1.188" /><testcase classname="backend.tests.test_iteration14_jobs_photo.TestJobPostingNewFields" name="test_post_job_category_intern" time="1.125" /><testcase classname="backend.tests.test_iteration14_jobs_photo.TestJobPostingNewFields" name="test_post_job_industry_other_missing_specify" time="1.140" /><testcase classname="backend.tests.test_iteration14_jobs_photo.TestJobPostingNewFields" name="test_post_job_location_other_missing_specify" time="1.133" /><testcase classname="backend.tests.test_iteration14_jobs_photo.TestJobPostingNewFields" name="test_post_job_exp_max_less_than_min" time="1.234" /><testcase classname="backend.tests.test_iteration14_jobs_photo.TestJobListing" name="test_sort_oldest_and_newest" time="3.448" /><testcase classname="backend.tests.test_iteration14_jobs_photo.TestJobListing" name="test_applied_and_shortlisted_counts_on_all_jobs" time="2.094" /><testcase classname="backend.tests.test_iteration14_jobs_photo.TestJobListing" name="test_overlap_experience_filter" time="2.385" /><testcase classname="backend.tests.test_iteration14_jobs_photo.TestJobListing" name="test_category_intern_filter" time="2.217" /><testcase classname="backend.tests.test_iteration14_jobs_photo.TestLegacyJobsCompat" name="test_legacy_job_no_new_fields_returned_safely" time="2.067" /><testcase classname="backend.tests.test_iteration14_jobs_photo.TestSmokeRegression" name="test_auth_login_admin" time="0.355" /><testcase classname="backend.tests.test_iteration14_jobs_photo.TestSmokeRegression" name="test_leaderboard_runs" time="9.752" /></testsuite></testsuites>