<?xml version="1.0" encoding="utf-8"?><testsuites name="pytest tests"><testsuite name="pytest" errors="0" failures="0" skipped="0" tests="9" time="5.214" timestamp="2026-06-23T08:54:45.269456+00:00" hostname="agent-env-376034b0-5444-43e2-97fc-f8b3c10d6b69"><testcase classname="backend.tests.test_iteration26_admin_interviews_search.TestAdminInterviewsSearchCompletionFields" name="test_admin_can_login" time="0.489" /><testcase classname="backend.tests.test_iteration26_admin_interviews_search.TestAdminInterviewsSearchCompletionFields" name="test_completed_slot_returns_proof_rating_feedback" time="0.423" /><testcase classname="backend.tests.test_iteration26_admin_interviews_search.TestAdminInterviewsSearchCompletionFields" name="test_filter_by_status_completed" time="0.407" /><testcase classname="backend.tests.test_iteration26_admin_interviews_search.TestAdminInterviewsSearchCompletionFields" name="test_filter_by_candidate_name" time="0.395" /><testcase classname="backend.tests.test_iteration26_admin_interviews_search.TestAdminInterviewsSearchCompletionFields" name="test_filter_by_pro_name" time="0.362" /><testcase classname="backend.tests.test_iteration26_admin_interviews_search.TestAdminInterviewsSearchCompletionFields" name="test_filter_by_skill" time="0.408" /><testcase classname="backend.tests.test_iteration26_admin_interviews_search.TestAdminInterviewsSearchCompletionFields" name="test_booked_slot_does_not_have_completion_fields" time="1.422" /><testcase classname="backend.tests.test_iteration26_admin_interviews_search.TestAdminInterviewsSearchRBAC" name="test_non_admin_student_blocked" time="1.050" /><testcase classname="backend.tests.test_iteration26_admin_interviews_search.TestAdminInterviewsSearchRBAC" name="test_unauthenticated_blocked" time="0.157" /></testsuite></testsuites>