<?xml version="1.0" encoding="utf-8"?><testsuites name="pytest tests"><testsuite name="pytest" errors="0" failures="0" skipped="0" tests="47" time="68.313" timestamp="2026-06-11T16:11:29.135515+00:00" hostname="agent-env-376034b0-5444-43e2-97fc-f8b3c10d6b69"><testcase classname="backend.tests.test_referme_api" name="test_health" time="0.295" /><testcase classname="backend.tests.test_referme_api.TestAuth" name="test_signup_returns_mock_otp" time="0.817" /><testcase classname="backend.tests.test_referme_api.TestAuth" name="test_signup_admin_blocked" time="0.105" /><testcase classname="backend.tests.test_referme_api.TestAuth" name="test_signup_duplicate" time="1.038" /><testcase classname="backend.tests.test_referme_api.TestAuth" name="test_login_requires_verification" time="1.089" /><testcase classname="backend.tests.test_referme_api.TestAuth" name="test_login_success" time="1.332" /><testcase classname="backend.tests.test_referme_api.TestAuth" name="test_login_bad_password" time="1.372" /><testcase classname="backend.tests.test_referme_api.TestAuth" name="test_me" time="1.134" /><testcase classname="backend.tests.test_referme_api.TestAuth" name="test_forgot_and_reset_password" time="2.314" /><testcase classname="backend.tests.test_referme_api.TestAuth" name="test_admin_login" time="0.323" /><testcase classname="backend.tests.test_referme_api.TestProfile" name="test_student_profile_completion" time="1.127" /><testcase classname="backend.tests.test_referme_api.TestProfile" name="test_pro_profile_completion" time="1.233" /><testcase classname="backend.tests.test_referme_api.TestWallet" name="test_wallet_initial" time="1.156" /><testcase classname="backend.tests.test_referme_api.TestWallet" name="test_first_deposit_bonus" time="1.167" /><testcase classname="backend.tests.test_referme_api.TestWallet" name="test_first_deposit_minimum_enforced" time="1.098" /><testcase classname="backend.tests.test_referme_api.TestWallet" name="test_subscription_plans" time="1.109" /><testcase classname="backend.tests.test_referme_api.TestInterviews" name="test_full_interview_flow" time="9.299" /><testcase classname="backend.tests.test_referme_api.TestInterviews" name="test_student_cannot_create_slot" time="1.178" /><testcase classname="backend.tests.test_referme_api.TestJobs" name="test_seeded_jobs" time="1.107" /><testcase classname="backend.tests.test_referme_api.TestJobs" name="test_apply_with_free" time="1.166" /><testcase classname="backend.tests.test_referme_api.TestJobs" name="test_referral_and_hire_flow" time="3.178" /><testcase classname="backend.tests.test_referme_api.TestLeaderboards" name="test_leaderboard_students" time="7.619" /><testcase classname="backend.tests.test_referme_api.TestLeaderboards" name="test_leaderboard_pros" time="1.096" /><testcase classname="backend.tests.test_referme_api.TestPayouts" name="test_payout_request_min_enforced" time="1.102" /><testcase classname="backend.tests.test_referme_api.TestPayouts" name="test_payout_insufficient_credits" time="1.133" /><testcase classname="backend.tests.test_referme_api.TestPayouts" name="test_full_payout_approve_flow" time="3.180" /><testcase classname="backend.tests.test_referme_api.TestAdmin" name="test_admin_stats" time="0.423" /><testcase classname="backend.tests.test_referme_api.TestAdmin" name="test_admin_users" time="0.468" /><testcase classname="backend.tests.test_referme_api.TestAdmin" name="test_rbac_student_blocked_from_admin" time="1.161" /><testcase classname="backend.tests.test_referme_api.TestDisputes" name="test_dispute_create_and_resolve" time="1.332" /><testcase classname="backend.tests.test_referme_api.TestNotifications" name="test_list_and_mark_all_read" time="1.136" /><testcase classname="backend.tests.test_referme_api" name="test_missing_token" time="0.102" /><testcase classname="backend.tests.test_referme_api" name="test_invalid_token" time="0.093" /><testcase classname="backend.tests.test_referme_api.TestProfileIteration3" name="test_others_education_requires_details" time="1.087" /><testcase classname="backend.tests.test_referme_api.TestProfileIteration3" name="test_experienced_requires_years_of_experience" time="1.104" /><testcase classname="backend.tests.test_referme_api.TestProfileIteration3" name="test_resume_link_alone_satisfies_resume" time="1.220" /><testcase classname="backend.tests.test_referme_api.TestProfileIteration3" name="test_resume_score_is_server_computed" time="1.069" /><testcase classname="backend.tests.test_referme_api.TestSlotIteration3" name="test_slot_invalid_format" time="1.031" /><testcase classname="backend.tests.test_referme_api.TestSlotIteration3" name="test_slot_end_before_start" time="1.071" /><testcase classname="backend.tests.test_referme_api.TestSlotIteration3" name="test_slot_past" time="1.110" /><testcase classname="backend.tests.test_referme_api.TestSlotIteration3" name="test_slot_too_short" time="1.035" /><testcase classname="backend.tests.test_referme_api.TestSlotIteration3" name="test_slot_overlap_rejected_adjacent_allowed" time="1.171" /><testcase classname="backend.tests.test_referme_api.TestSlotIteration3" name="test_list_slots_sorted" time="1.234" /><testcase classname="backend.tests.test_referme_api.TestJobsAppliedFlag" name="test_jobs_annotated_for_student" time="1.223" /><testcase classname="backend.tests.test_referme_api.TestApplicationsPool" name="test_pool_requires_professional" time="1.066" /><testcase classname="backend.tests.test_referme_api.TestApplicationsPool" name="test_pool_blocked_for_employer" time="0.594" /><testcase classname="backend.tests.test_referme_api.TestApplicationsPool" name="test_pool_hydrates_student_profile" time="2.740" /></testsuite></testsuites>