<?xml version="1.0" encoding="utf-8"?><testsuites name="pytest tests"><testsuite name="pytest" errors="0" failures="0" skipped="0" tests="21" time="15.513" timestamp="2026-07-01T17:33:05.458247+00:00" hostname="agent-env-376034b0-5444-43e2-97fc-f8b3c10d6b69"><testcase classname="tests.test_iter49_admin_patch_retest.TestAdminPatchFull" name="test_patch_full_walkin_body_all_fields_persist" time="0.705" /><testcase classname="tests.test_iter49_admin_patch_retest.TestAdminPatchFull" name="test_patch_status_closed" time="0.646" /><testcase classname="tests.test_iter49_admin_patch_retest.TestAdminPatchFull" name="test_patch_status_draft" time="0.647" /><testcase classname="tests.test_iter49_admin_patch_retest.TestAdminPatchFull" name="test_patch_invalid_contact_number" time="0.576" /><testcase classname="tests.test_iter49_admin_patch_retest.TestAdminPatchFull" name="test_patch_invalid_contact_email" time="0.541" /><testcase classname="tests.test_iter45_admin_jobs.TestAdminJobsCRUD" name="test_publish_happy_path_sets_source_and_verified" time="0.503" /><testcase classname="tests.test_iter45_admin_jobs.TestAdminJobsCRUD" name="test_non_admin_forbidden" time="1.418" /><testcase classname="tests.test_iter45_admin_jobs.TestAdminJobsCRUD" name="test_draft_skips_future_date_validation" time="0.770" /><testcase classname="tests.test_iter45_admin_jobs.TestAdminJobsCRUD" name="test_mine_returns_drafts_and_published" time="0.658" /><testcase classname="tests.test_iter45_admin_jobs.TestAdminJobsCRUD" name="test_patch_updates_fields" time="0.621" /><testcase classname="tests.test_iter45_admin_jobs.TestAdminJobsCRUD" name="test_publish_promotes_draft" time="0.647" /><testcase classname="tests.test_iter45_admin_jobs.TestAdminJobsCRUD" name="test_delete_works" time="0.533" /><testcase classname="tests.test_iter45_admin_jobs.TestAdminJobValidation" name="test_bad_contact_number" time="0.447" /><testcase classname="tests.test_iter45_admin_jobs.TestAdminJobValidation" name="test_bad_contact_email" time="0.415" /><testcase classname="tests.test_iter45_admin_jobs.TestAdminJobValidation" name="test_past_walkin_date_on_publish" time="0.414" /><testcase classname="tests.test_iter45_admin_jobs.TestAdminJobValidation" name="test_open_positions_less_than_one" time="0.423" /><testcase classname="tests.test_iter45_admin_jobs.TestAdminJobValidation" name="test_experience_max_less_than_min" time="0.427" /><testcase classname="tests.test_iter45_admin_jobs.TestJobsSourceFilter" name="test_student_default_excludes_admin_source" time="1.933" /><testcase classname="tests.test_iter45_admin_jobs.TestJobsSourceFilter" name="test_student_source_admin_returns_only_admin" time="1.155" /><testcase classname="tests.test_iter45_admin_jobs.TestJobsSourceFilter" name="test_student_can_fetch_admin_job_by_id" time="1.229" /><testcase classname="tests.test_iter45_admin_jobs.TestProJobSource" name="test_employer_job_gets_source_professional" time="0.756" /></testsuite></testsuites>