<?xml version="1.0" encoding="utf-8"?><testsuites name="pytest tests"><testsuite name="pytest" errors="0" failures="0" skipped="1" tests="50" time="74.206" timestamp="2026-06-24T13:47:32.838858+00:00" hostname="agent-env-376034b0-5444-43e2-97fc-f8b3c10d6b69"><testcase classname="tests.test_iter23_refer_validate.TestReferValidate" name="test_empty_code_is_valid" time="0.166" /><testcase classname="tests.test_iter23_refer_validate.TestReferValidate" name="test_whitespace_code_is_valid" time="0.100" /><testcase classname="tests.test_iter23_refer_validate.TestReferValidate" name="test_valid_code_returns_owner_name" time="0.116" /><testcase classname="tests.test_iter23_refer_validate.TestReferValidate" name="test_valid_code_lowercased_input" time="0.139" /><testcase classname="tests.test_iter23_refer_validate.TestReferValidate" name="test_bogus_code_returns_canonical_message" time="0.111" /><testcase classname="tests.test_iter23_refer_validate.TestReferValidate" name="test_suspended_owner_code_invalid" time="0.179" /><testcase classname="tests.test_iter23_refer_validate.TestSignupRefBehavior" name="test_signup_without_ref_succeeds" time="0.911" /><testcase classname="tests.test_iter23_refer_validate.TestSignupRefBehavior" name="test_signup_with_empty_string_ref_succeeds" time="0.721" /><testcase classname="tests.test_iter23_refer_validate.TestSignupRefBehavior" name="test_signup_with_valid_ref_creates_pending_referral" time="0.724" /><testcase classname="tests.test_iter23_refer_validate.TestSignupRefBehavior" name="test_signup_with_bogus_ref_returns_400_and_no_user" time="0.112" /><testcase classname="tests.test_iter23_refer_validate.TestSignupRefBehavior" name="test_signup_with_suspended_owner_ref_returns_400" time="0.148" /><testcase classname="tests.test_iter23_refer_validate.TestVerifyOtpReferralCompletion" name="test_verify_otp_awards_referrer_and_returns_welcome_bonus" time="1.054" /><testcase classname="tests.test_iteration22_refer_a_friend.TestReferMe" name="test_refer_me_returns_code_link_and_stats" time="1.038" /><testcase classname="tests.test_iteration22_refer_a_friend.TestReferMe" name="test_refer_me_backfills_for_legacy_user" time="1.079" /><testcase classname="tests.test_iteration22_refer_a_friend.TestSignupRefBehavior" name="test_signup_with_valid_ref_creates_pending_and_sets_referred_by" time="1.722" /><testcase classname="tests.test_iteration22_refer_a_friend.TestSignupRefBehavior" name="test_signup_with_invalid_ref_code_rejected_with_400" time="0.121" /><testcase classname="tests.test_iteration22_refer_a_friend.TestSignupRefBehavior" name="test_signup_self_referral_silently_dropped" time="1.055" /><testcase classname="tests.test_iteration22_refer_a_friend.TestSignupRefBehavior" name="test_signup_self_referral_path_via_signup_logic" time="1.049" /><testcase classname="tests.test_iteration22_refer_a_friend.TestSignupRefBehavior" name="test_signup_ref_ignored_for_professional_role" time="1.754" /><testcase classname="tests.test_iteration22_refer_a_friend.TestSignupRefBehavior" name="test_signup_ref_ignored_for_employer_role" time="1.162" /><testcase classname="tests.test_iteration22_refer_a_friend.TestVerifyOtpReferralCompletion" name="test_first_student_verification_awards_referrer" time="1.986" /><testcase classname="tests.test_iteration22_refer_a_friend.TestVerifyOtpReferralCompletion" name="test_welcome_bonus_returned_without_ref" time="1.043" /><testcase classname="tests.test_iteration22_refer_a_friend.TestReferList" name="test_refer_list_returns_masked_emails_newest_first" time="2.798" /><testcase classname="tests.test_iteration22_refer_a_friend.TestReferMeStatsReflectActivity" name="test_stats_increment_after_referral_completion" time="2.772" /><testcase classname="tests.test_iter20_leaderboard.TestLeaderboardOptions" name="test_options_returns_skills_and_locations_sorted" time="0.412" /><testcase classname="tests.test_iter20_leaderboard.TestLeaderboardStudents" name="test_returns_new_fields" time="0.090" /><testcase classname="tests.test_iter20_leaderboard.TestLeaderboardStudents" name="test_sorting_order" time="0.072" /><testcase classname="tests.test_iter20_leaderboard.TestLeaderboardStudents" name="test_legacy_params_ignored" time="0.078" /><testcase classname="tests.test_iter20_leaderboard.TestLeaderboardStudents" name="test_skill_filter" time="0.133" /><testcase classname="tests.test_iter20_leaderboard.TestLeaderboardStudents" name="test_location_filter" time="0.151" /><testcase classname="tests.test_iter20_leaderboard.TestTPSFormula" name="test_known_formula_value" time="0.002" /><testcase classname="tests.test_iter20_leaderboard.TestTPSFormula" name="test_zero_rating_zero_interviews" time="0.000" /><testcase classname="tests.test_iter20_leaderboard.TestTPSFormula" name="test_interview_buckets" time="0.000" /><testcase classname="tests.test_iter20_leaderboard.TestProfileUpdateRefreshesTPS" name="test_put_profile_refreshes_tps" time="1.017" /><testcase classname="tests.test_iter20_leaderboard.TestInterviewCompleteRefreshesTPS" name="test_complete_interview_via_db_seed" time="0.003"><skipped type="pytest.skip" message="End-to-end interview complete needs a logged-in pro token; TPS refresh on rating is covered by code path inspection + profile-update test.">/app/backend/tests/test_iter20_leaderboard.py:271: End-to-end interview complete needs a logged-in pro token; TPS refresh on rating is covered by code path inspection + profile-update test.</skipped></testcase><testcase classname="tests.test_iter20_leaderboard.TestTPSBackfill" name="test_most_students_have_profile_tps" time="0.010" /><testcase classname="tests.test_iteration24_pro_menu_wps.TestWpsFormula" name="test_zero_zero" time="0.000" /><testcase classname="tests.test_iteration24_pro_menu_wps.TestWpsFormula" name="test_spec_125_45" time="0.000" /><testcase classname="tests.test_iteration24_pro_menu_wps.TestWpsFormula" name="test_bounds" time="0.000" /><testcase classname="tests.test_iteration24_pro_menu_wps.TestWpsFormula" name="test_bucket_boundaries" time="0.000" /><testcase classname="tests.test_iteration24_pro_menu_wps.TestMyProStatsEndpoint" name="test_fresh_pro_has_zero_wps" time="8.575" /><testcase classname="tests.test_iteration24_pro_menu_wps.TestMyProStatsEndpoint" name="test_stats_match_wps_formula" time="8.930" /><testcase classname="tests.test_iteration24_pro_menu_wps.TestMyProStatsEndpoint" name="test_student_gets_403" time="9.225" /><testcase classname="tests.test_iteration24_pro_menu_wps.TestMyProStatsEndpoint" name="test_employer_gets_403" time="0.674" /><testcase classname="tests.test_iteration24_pro_menu_wps.TestMyProStatsEndpoint" name="test_admin_gets_403" time="0.383" /><testcase classname="tests.test_iteration24_pro_menu_wps.TestMyProStatsEndpoint" name="test_unauth_401" time="0.111" /><testcase classname="tests.test_iteration24_pro_menu_wps.TestProsLeaderboardEnriched" name="test_list_contains_new_fields_for_pro" time="9.539" /><testcase classname="tests.test_iteration24_pro_menu_wps.TestProsLeaderboardEnriched" name="test_me_flagged_and_rank_matches_my_stats" time="9.938" /><testcase classname="tests.test_iteration24_pro_menu_wps.TestProsLeaderboardEnriched" name="test_jobs_posted_count_reflects_db" time="1.181" /><testcase classname="tests.test_iteration24_pro_menu_wps.TestBackwardCompat" name="test_score_alias_equals_wps_for_all_rows" time="1.113" /></testsuite></testsuites>