<?xml version="1.0" encoding="utf-8"?><testsuites name="pytest tests"><testsuite name="pytest" errors="0" failures="0" skipped="0" tests="47" time="72.734" timestamp="2026-06-12T03:01:38.577620+00:00" hostname="agent-env-376034b0-5444-43e2-97fc-f8b3c10d6b69"><testcase classname="tests.test_referme_api" name="test_health" time="0.162" /><testcase classname="tests.test_referme_api.TestAuth" name="test_signup_returns_mock_otp" time="0.801" /><testcase classname="tests.test_referme_api.TestAuth" name="test_signup_admin_blocked" time="0.109" /><testcase classname="tests.test_referme_api.TestAuth" name="test_signup_duplicate" time="1.081" /><testcase classname="tests.test_referme_api.TestAuth" name="test_login_requires_verification" time="0.984" /><testcase classname="tests.test_referme_api.TestAuth" name="test_login_success" time="1.334" /><testcase classname="tests.test_referme_api.TestAuth" name="test_login_bad_password" time="1.342" /><testcase classname="tests.test_referme_api.TestAuth" name="test_me" time="1.085" /><testcase classname="tests.test_referme_api.TestAuth" name="test_forgot_and_reset_password" time="2.269" /><testcase classname="tests.test_referme_api.TestAuth" name="test_admin_login" time="0.320" /><testcase classname="tests.test_referme_api.TestProfile" name="test_student_profile_completion" time="1.063" /><testcase classname="tests.test_referme_api.TestProfile" name="test_pro_profile_completion" time="1.197" /><testcase classname="tests.test_referme_api.TestWallet" name="test_wallet_initial" time="1.130" /><testcase classname="tests.test_referme_api.TestWallet" name="test_first_deposit_bonus" time="1.233" /><testcase classname="tests.test_referme_api.TestWallet" name="test_first_deposit_minimum_enforced" time="1.070" /><testcase classname="tests.test_referme_api.TestWallet" name="test_subscription_plans" time="1.098" /><testcase classname="tests.test_referme_api.TestInterviews" name="test_full_interview_flow" time="10.682" /><testcase classname="tests.test_referme_api.TestInterviews" name="test_student_cannot_create_slot" time="1.158" /><testcase classname="tests.test_referme_api.TestJobs" name="test_seeded_jobs" time="1.177" /><testcase classname="tests.test_referme_api.TestJobs" name="test_apply_with_free" time="1.231" /><testcase classname="tests.test_referme_api.TestJobs" name="test_referral_and_hire_flow" time="3.159" /><testcase classname="tests.test_referme_api.TestLeaderboards" name="test_leaderboard_students" time="8.403" /><testcase classname="tests.test_referme_api.TestLeaderboards" name="test_leaderboard_pros" time="1.156" /><testcase classname="tests.test_referme_api.TestPayouts" name="test_payout_request_min_enforced" time="1.042" /><testcase classname="tests.test_referme_api.TestPayouts" name="test_payout_insufficient_credits" time="1.119" /><testcase classname="tests.test_referme_api.TestPayouts" name="test_full_payout_approve_flow" time="3.216" /><testcase classname="tests.test_referme_api.TestAdmin" name="test_admin_stats" time="0.424" /><testcase classname="tests.test_referme_api.TestAdmin" name="test_admin_users" time="0.558" /><testcase classname="tests.test_referme_api.TestAdmin" name="test_rbac_student_blocked_from_admin" time="1.183" /><testcase classname="tests.test_referme_api.TestDisputes" name="test_dispute_create_and_resolve" time="1.411" /><testcase classname="tests.test_referme_api.TestNotifications" name="test_list_and_mark_all_read" time="1.190" /><testcase classname="tests.test_referme_api" name="test_missing_token" time="0.115" /><testcase classname="tests.test_referme_api" name="test_invalid_token" time="0.101" /><testcase classname="tests.test_referme_api.TestProfileIteration3" name="test_others_education_requires_details" time="1.171" /><testcase classname="tests.test_referme_api.TestProfileIteration3" name="test_experienced_requires_years_of_experience" time="1.326" /><testcase classname="tests.test_referme_api.TestProfileIteration3" name="test_resume_link_alone_satisfies_resume" time="1.059" /><testcase classname="tests.test_referme_api.TestProfileIteration3" name="test_resume_score_is_server_computed" time="1.109" /><testcase classname="tests.test_referme_api.TestSlotIteration3" name="test_slot_invalid_format" time="1.051" /><testcase classname="tests.test_referme_api.TestSlotIteration3" name="test_slot_end_before_start" time="2.109" /><testcase classname="tests.test_referme_api.TestSlotIteration3" name="test_slot_past" time="1.319" /><testcase classname="tests.test_referme_api.TestSlotIteration3" name="test_slot_too_short" time="1.132" /><testcase classname="tests.test_referme_api.TestSlotIteration3" name="test_slot_overlap_rejected_adjacent_allowed" time="1.180" /><testcase classname="tests.test_referme_api.TestSlotIteration3" name="test_list_slots_sorted" time="1.218" /><testcase classname="tests.test_referme_api.TestJobsAppliedFlag" name="test_jobs_annotated_for_student" time="1.767" /><testcase classname="tests.test_referme_api.TestApplicationsPool" name="test_pool_requires_professional" time="1.130" /><testcase classname="tests.test_referme_api.TestApplicationsPool" name="test_pool_blocked_for_employer" time="0.604" /><testcase classname="tests.test_referme_api.TestApplicationsPool" name="test_pool_hydrates_student_profile" time="2.871" /></testsuite></testsuites>