<?xml version="1.0" encoding="utf-8"?><testsuites name="pytest tests"><testsuite name="pytest" errors="0" failures="0" skipped="0" tests="16" time="25.016" timestamp="2026-06-12T03:01:08.522373+00:00" hostname="agent-env-376034b0-5444-43e2-97fc-f8b3c10d6b69"><testcase classname="tests.test_iteration_phaseb_phone_otp.TestPhoneSendOtp" name="test_send_otp_requires_auth" time="0.225" /><testcase classname="tests.test_iteration_phaseb_phone_otp.TestPhoneSendOtp" name="test_send_otp_valid_phone" time="1.370" /><testcase classname="tests.test_iteration_phaseb_phone_otp.TestPhoneSendOtp" name="test_send_otp_invalid_phone" time="1.048" /><testcase classname="tests.test_iteration_phaseb_phone_otp.TestPhoneVerifyOtp" name="test_verify_otp_success_sets_phone_verified" time="1.674" /><testcase classname="tests.test_iteration_phaseb_phone_otp.TestPhoneVerifyOtp" name="test_verify_otp_wrong_otp" time="1.564" /><testcase classname="tests.test_iteration_phaseb_phone_otp.TestPhoneVerifyOtp" name="test_verify_otp_unknown_phone" time="1.116" /><testcase classname="tests.test_iteration_phaseb_phone_otp.TestPhoneVerifyOtp" name="test_verify_otp_requires_auth" time="0.136" /><testcase classname="tests.test_iteration_phaseb_phone_otp.TestPhoneVerifiedProfileGuards" name="test_phone_change_resets_verified" time="1.698" /><testcase classname="tests.test_iteration_phaseb_phone_otp.TestPhoneVerifiedProfileGuards" name="test_phone_unchanged_keeps_verified" time="1.652" /><testcase classname="tests.test_iteration_phaseb_phone_otp.TestPhoneVerifiedProfileGuards" name="test_client_supplied_phone_verified_ignored" time="1.067" /><testcase classname="tests.test_iteration_phaseb_phone_otp.TestPhoneVerifiedProfileGuards" name="test_client_supplied_phone_verified_ignored_when_already_verified" time="1.741" /><testcase classname="tests.test_iteration_phaseb_phone_otp.TestPhaseBRegression" name="test_health" time="0.096" /><testcase classname="tests.test_iteration_phaseb_phone_otp.TestPhaseBRegression" name="test_me_works" time="1.111" /><testcase classname="tests.test_iteration_phaseb_phone_otp.TestPhaseBRegression" name="test_jobs_list_works" time="1.141" /><testcase classname="tests.test_iteration_phaseb_phone_otp.TestPhaseBRegression" name="test_wallet_works" time="1.096" /><testcase classname="tests.test_iteration_phaseb_phone_otp.TestPhaseBRegression" name="test_leaderboard_works" time="8.230" /></testsuite></testsuites>