<?xml version="1.0" encoding="utf-8"?><testsuites name="pytest tests"><testsuite name="pytest" errors="0" failures="1" skipped="0" tests="15" time="18.964" timestamp="2026-06-08T05:33:05.708215+00:00" hostname="agent-env-376034b0-5444-43e2-97fc-f8b3c10d6b69"><testcase classname="tests.test_iteration7" name="test_auth_me_pro_includes_profile_completion" time="1.300" /><testcase classname="tests.test_iteration7" name="test_auth_me_student_does_not_have_profile_completion" time="1.129" /><testcase classname="tests.test_iteration7" name="test_gmail_send_otp_rejects_non_gmail_domain" time="1.039" /><testcase classname="tests.test_iteration7" name="test_gmail_send_otp_rejects_same_as_login_email" time="1.039" /><testcase classname="tests.test_iteration7" name="test_gmail_send_otp_rejects_invalid_email" time="1.037" /><testcase classname="tests.test_iteration7" name="test_gmail_send_otp_success_returns_mock_otp" time="1.489" /><testcase classname="tests.test_iteration7" name="test_gmail_send_otp_blocks_for_non_pro" time="1.032" /><testcase classname="tests.test_iteration7" name="test_gmail_verify_wrong_otp_returns_400" time="1.702" /><testcase classname="tests.test_iteration7" name="test_gmail_verify_no_pending_returns_400" time="1.042" /><testcase classname="tests.test_iteration7" name="test_gmail_verify_success_sets_user_flags" time="1.783" /><testcase classname="tests.test_iteration7" name="test_profile_completion_increases_with_fields" time="1.865" /><testcase classname="tests.test_iteration7" name="test_pro_profile_fields_persist" time="1.068" /><testcase classname="tests.test_iteration7" name="test_pro_profile_accepts_alternate_gmail_field_but_does_not_verify" time="1.076" /><testcase classname="tests.test_iteration7" name="test_jobs_mine_true_no_trailing_slash_no_redirect" time="1.145" /><testcase classname="tests.test_iteration7" name="test_jobs_mine_true_returns_only_caller_jobs" time="1.140"><failure message="AssertionError: mine=true should only return caller's jobs&#10;assert False&#10; +  where False = all(&lt;generator object test_jobs_mine_true_returns_only_caller_jobs.&lt;locals&gt;.&lt;genexpr&gt; at 0xfd3fc6218040&gt;)">tests/test_iteration7.py:259: in test_jobs_mine_true_returns_only_caller_jobs
    assert all(j.get("posted_by_id") == professional["user"]["id"] for j in items), "mine=true should only return caller's jobs"
E   AssertionError: mine=true should only return caller's jobs
E   assert False
E    +  where False = all(&lt;generator object test_jobs_mine_true_returns_only_caller_jobs.&lt;locals&gt;.&lt;genexpr&gt; at 0xfd3fc6218040&gt;)</failure></testcase></testsuite></testsuites>