<?xml version="1.0" encoding="utf-8"?><testsuites name="pytest tests"><testsuite name="pytest" errors="0" failures="0" skipped="0" tests="6" time="12.634" timestamp="2026-06-28T05:52:48.492152+00:00" hostname="agent-env-376034b0-5444-43e2-97fc-f8b3c10d6b69"><testcase classname="tests.test_iter37_my_bookings_derived.TestMyBookingsDerivedFields" name="test_future_slot_not_ended" time="2.436" /><testcase classname="tests.test_iter37_my_bookings_derived.TestMyBookingsDerivedFields" name="test_past_slot_ended_true" time="2.020" /><testcase classname="tests.test_iter37_my_bookings_derived.TestMyBookingsDerivedFields" name="test_both_joined_true" time="1.994" /><testcase classname="tests.test_iter37_my_bookings_derived.TestMyBookingsDerivedFields" name="test_only_pro_joined_both_joined_false" time="2.005" /><testcase classname="tests.test_iter37_my_bookings_derived.TestMyBookingsDerivedFields" name="test_joined_endpoint_populates_both_joined" time="2.081" /><testcase classname="tests.test_iter37_my_bookings_derived.TestStudentMyBookingsAlsoHasDerived" name="test_student_sees_slot_ended_and_no_joined_by" time="1.994" /></testsuite></testsuites>