<?xml version="1.0" encoding="utf-8"?><testsuites name="pytest tests"><testsuite name="pytest" errors="0" failures="0" skipped="0" tests="11" time="13.310" timestamp="2026-06-23T14:01:26.349501+00:00" hostname="agent-env-376034b0-5444-43e2-97fc-f8b3c10d6b69"><testcase classname="tests.test_iteration27_pro_phone_gate.TestProfilePhoneValidation" name="test_short_phone_rejected" time="1.195" /><testcase classname="tests.test_iteration27_pro_phone_gate.TestProfilePhoneValidation" name="test_non_indian_country_code_rejected" time="1.053" /><testcase classname="tests.test_iteration27_pro_phone_gate.TestProfilePhoneValidation" name="test_invalid_first_digit_rejected" time="1.111" /><testcase classname="tests.test_iteration27_pro_phone_gate.TestProfilePhoneValidation" name="test_valid_phone_normalized_and_unverified" time="1.051" /><testcase classname="tests.test_iteration27_pro_phone_gate.TestSlotsPhoneGate" name="test_pro_without_verified_phone_blocked" time="1.041" /><testcase classname="tests.test_iteration27_pro_phone_gate.TestSlotsPhoneGate" name="test_pro_with_verified_phone_allowed" time="1.678" /><testcase classname="tests.test_iteration27_pro_phone_gate.TestJobsPhoneGate" name="test_pro_without_verified_phone_blocked" time="1.135" /><testcase classname="tests.test_iteration27_pro_phone_gate.TestJobsPhoneGate" name="test_pro_with_verified_phone_allowed" time="1.651" /><testcase classname="tests.test_iteration27_pro_phone_gate.TestJobsPhoneGate" name="test_employer_not_phone_gated" time="0.639" /><testcase classname="tests.test_iteration27_pro_phone_gate.TestRedemptionPhoneGate" name="test_pro_without_verified_phone_blocked" time="1.105" /><testcase classname="tests.test_iteration27_pro_phone_gate.TestRedemptionPhoneGate" name="test_pro_with_verified_phone_passes_gate" time="1.609" /></testsuite></testsuites>