<?xml version="1.0" encoding="utf-8"?><testsuites name="pytest tests"><testsuite name="pytest" errors="0" failures="2" skipped="0" tests="47" time="46.232" timestamp="2026-05-31T10:26:42.527401+00:00" hostname="agent-env-376034b0-5444-43e2-97fc-f8b3c10d6b69"><testcase classname="tests.test_referme_api" name="test_health" time="0.363" /><testcase classname="tests.test_referme_api.TestAuth" name="test_signup_returns_mock_otp" time="0.741" /><testcase classname="tests.test_referme_api.TestAuth" name="test_signup_admin_blocked" time="0.135" /><testcase classname="tests.test_referme_api.TestAuth" name="test_signup_duplicate" time="1.062" /><testcase classname="tests.test_referme_api.TestAuth" name="test_login_requires_verification" time="0.880" /><testcase classname="tests.test_referme_api.TestAuth" name="test_login_success" time="1.141" /><testcase classname="tests.test_referme_api.TestAuth" name="test_login_bad_password" time="1.116" /><testcase classname="tests.test_referme_api.TestAuth" name="test_me" time="0.899" /><testcase classname="tests.test_referme_api.TestAuth" name="test_forgot_and_reset_password" time="1.881" /><testcase classname="tests.test_referme_api.TestAuth" name="test_admin_login" time="0.354" /><testcase classname="tests.test_referme_api.TestProfile" name="test_student_profile_completion" time="0.862" /><testcase classname="tests.test_referme_api.TestProfile" name="test_pro_profile_completion" time="0.864" /><testcase classname="tests.test_referme_api.TestWallet" name="test_wallet_initial" time="0.907" /><testcase classname="tests.test_referme_api.TestWallet" name="test_first_deposit_bonus" time="1.013" /><testcase classname="tests.test_referme_api.TestWallet" name="test_first_deposit_minimum_enforced" time="0.885" /><testcase classname="tests.test_referme_api.TestWallet" name="test_subscription_plans" time="0.881" /><testcase classname="tests.test_referme_api.TestInterviews" name="test_full_interview_flow" time="1.879"><failure message="KeyError: 'interviews_attended'">tests/test_referme_api.py:171: in test_full_interview_flow
    assert me["interviews_attended"] == 1
           ^^^^^^^^^^^^^^^^^^^^^^^^^
E   KeyError: 'interviews_attended'</failure></testcase><testcase classname="tests.test_referme_api.TestInterviews" name="test_student_cannot_create_slot" time="0.896" /><testcase classname="tests.test_referme_api.TestJobs" name="test_seeded_jobs" time="0.893" /><testcase classname="tests.test_referme_api.TestJobs" name="test_apply_with_free" time="0.998" /><testcase classname="tests.test_referme_api.TestJobs" name="test_referral_and_hire_flow" time="2.548" /><testcase classname="tests.test_referme_api.TestLeaderboards" name="test_leaderboard_students" time="0.882" /><testcase classname="tests.test_referme_api.TestLeaderboards" name="test_leaderboard_pros" time="0.883" /><testcase classname="tests.test_referme_api.TestPayouts" name="test_payout_request_min_enforced" time="0.906" /><testcase classname="tests.test_referme_api.TestPayouts" name="test_payout_insufficient_credits" time="0.880" /><testcase classname="tests.test_referme_api.TestPayouts" name="test_full_payout_approve_flow" time="2.992" /><testcase classname="tests.test_referme_api.TestAdmin" name="test_admin_stats" time="0.402" /><testcase classname="tests.test_referme_api.TestAdmin" name="test_admin_users" time="0.383" /><testcase classname="tests.test_referme_api.TestAdmin" name="test_rbac_student_blocked_from_admin" time="0.923" /><testcase classname="tests.test_referme_api.TestDisputes" name="test_dispute_create_and_resolve" time="1.184" /><testcase classname="tests.test_referme_api.TestNotifications" name="test_list_and_mark_all_read" time="0.972" /><testcase classname="tests.test_referme_api" name="test_missing_token" time="0.098" /><testcase classname="tests.test_referme_api" name="test_invalid_token" time="0.101" /><testcase classname="tests.test_referme_api.TestProfileIteration3" name="test_others_education_requires_details" time="0.930" /><testcase classname="tests.test_referme_api.TestProfileIteration3" name="test_experienced_requires_years_of_experience" time="0.924" /><testcase classname="tests.test_referme_api.TestProfileIteration3" name="test_resume_link_alone_satisfies_resume" time="0.893" /><testcase classname="tests.test_referme_api.TestProfileIteration3" name="test_resume_score_is_server_computed" time="0.866"><failure message="AssertionError: expected 30, got 33&#10;assert 33 == 30">tests/test_referme_api.py:389: in test_resume_score_is_server_computed
    assert score == 30, f"expected 30, got {score}"
E   AssertionError: expected 30, got 33
E   assert 33 == 30</failure></testcase><testcase classname="tests.test_referme_api.TestSlotIteration3" name="test_slot_invalid_format" time="0.872" /><testcase classname="tests.test_referme_api.TestSlotIteration3" name="test_slot_end_before_start" time="0.874" /><testcase classname="tests.test_referme_api.TestSlotIteration3" name="test_slot_past" time="0.858" /><testcase classname="tests.test_referme_api.TestSlotIteration3" name="test_slot_too_short" time="0.858" /><testcase classname="tests.test_referme_api.TestSlotIteration3" name="test_slot_overlap_rejected_adjacent_allowed" time="0.990" /><testcase classname="tests.test_referme_api.TestSlotIteration3" name="test_list_slots_sorted" time="0.951" /><testcase classname="tests.test_referme_api.TestJobsAppliedFlag" name="test_jobs_annotated_for_student" time="0.971" /><testcase classname="tests.test_referme_api.TestApplicationsPool" name="test_pool_requires_professional" time="0.873" /><testcase classname="tests.test_referme_api.TestApplicationsPool" name="test_pool_blocked_for_employer" time="0.863" /><testcase classname="tests.test_referme_api.TestApplicationsPool" name="test_pool_hydrates_student_profile" time="2.543" /></testsuite></testsuites>