<?xml version="1.0" encoding="utf-8"?><testsuites name="pytest tests"><testsuite name="pytest" errors="0" failures="0" skipped="0" tests="5" time="10.333" timestamp="2026-06-28T13:43:24.957345+00:00" hostname="agent-env-376034b0-5444-43e2-97fc-f8b3c10d6b69"><testcase classname="tests.test_iter38_student_my_bookings.TestStudentMyBookingsScenarios" name="test_scenario_a_future_active" time="2.182" /><testcase classname="tests.test_iter38_student_my_bookings.TestStudentMyBookingsScenarios" name="test_scenario_b_completed_with_feedback" time="2.018" /><testcase classname="tests.test_iter38_student_my_bookings.TestStudentMyBookingsScenarios" name="test_scenario_c_past_booked_both_joined" time="2.041" /><testcase classname="tests.test_iter38_student_my_bookings.TestStudentMyBookingsScenarios" name="test_scenario_d_no_show" time="2.004" /><testcase classname="tests.test_iter38_student_my_bookings.TestStudentMyBookingsContract" name="test_joined_by_never_in_response" time="2.000" /></testsuite></testsuites>