<?xml version="1.0" encoding="utf-8"?><testsuites name="pytest tests"><testsuite name="pytest" errors="0" failures="0" skipped="0" tests="9" time="7.492" timestamp="2026-06-24T15:34:02.429537+00:00" hostname="agent-env-376034b0-5444-43e2-97fc-f8b3c10d6b69"><testcase classname="backend.tests.test_iter31_resend_migration.TestBackendBoot" name="test_api_mounted_not_404" time="0.213" /><testcase classname="backend.tests.test_iter31_resend_migration.TestBackendBoot" name="test_no_import_or_name_errors_since_startup" time="0.005" /><testcase classname="backend.tests.test_iter31_resend_migration.TestSignupViaResend" name="test_signup_returns_otp_and_logs_resend_ok" time="0.788" /><testcase classname="backend.tests.test_iter31_resend_migration.TestSignupViaResend" name="test_verify_otp_returns_token" time="0.292" /><testcase classname="backend.tests.test_iter31_resend_migration.TestForgotResetViaResend" name="test_forgot_password_logs_resend_ok" time="0.445" /><testcase classname="backend.tests.test_iter31_resend_migration.TestForgotResetViaResend" name="test_reset_password_and_login_with_new_pw" time="1.054" /><testcase classname="backend.tests.test_iter31_resend_migration.TestForgotResetViaResend" name="test_forgot_unknown_email_does_not_leak" time="1.062" /><testcase classname="backend.tests.test_iter31_resend_migration.TestBookingEmailsViaResend" name="test_book_emits_two_resend_ok_lines" time="3.271" /><testcase classname="backend.tests.test_iter31_resend_migration.TestAdminLoginRegression" name="test_admin_login_200" time="0.269" /></testsuite></testsuites>