<?xml version="1.0" encoding="utf-8"?><testsuites name="pytest tests"><testsuite name="pytest" errors="0" failures="0" skipped="0" tests="11" time="3.528" timestamp="2026-06-13T06:35:14.588206+00:00" hostname="agent-env-376034b0-5444-43e2-97fc-f8b3c10d6b69"><testcase classname="backend.tests.test_iteration17_filters.TestSkillFilter" name="test_skill_java_returns_only_java_jobs" time="2.096" /><testcase classname="backend.tests.test_iteration17_filters.TestSkillFilter" name="test_skill_case_insensitive" time="0.162" /><testcase classname="backend.tests.test_iteration17_filters.TestSkillFilter" name="test_skill_salesforce_returns_no_seeded_match" time="0.100" /><testcase classname="backend.tests.test_iteration17_filters.TestIndustryFilter" name="test_industry_healthcare" time="0.106" /><testcase classname="backend.tests.test_iteration17_filters.TestIndustryFilter" name="test_industry_software_services_it_url_encoded" time="0.101" /><testcase classname="backend.tests.test_iteration17_filters.TestIndustryFilter" name="test_skill_and_industry_combined" time="0.116" /><testcase classname="backend.tests.test_iteration17_filters.TestRegressions" name="test_auth_me" time="0.098" /><testcase classname="backend.tests.test_iteration17_filters.TestRegressions" name="test_employer_login_and_jobs_list" time="0.099" /><testcase classname="backend.tests.test_iteration17_filters.TestRegressions" name="test_profile_photo_base64_field_accepted" time="0.214" /><testcase classname="backend.tests.test_iteration17_filters.TestRegressions" name="test_applications_list" time="0.100" /><testcase classname="backend.tests.test_iteration17_filters.TestRegressions" name="test_interviews_list" time="0.293" /></testsuite></testsuites>