<?xml version="1.0" encoding="utf-8"?><testsuites name="pytest tests"><testsuite name="pytest" errors="0" failures="0" skipped="0" tests="14" time="9.624" timestamp="2026-06-23T06:16:46.196630+00:00" hostname="agent-env-376034b0-5444-43e2-97fc-f8b3c10d6b69"><testcase classname="tests.test_iteration24_pro_menu_wps.TestWpsFormula" name="test_zero_zero" time="0.000" /><testcase classname="tests.test_iteration24_pro_menu_wps.TestWpsFormula" name="test_spec_125_45" time="0.000" /><testcase classname="tests.test_iteration24_pro_menu_wps.TestWpsFormula" name="test_bounds" time="0.000" /><testcase classname="tests.test_iteration24_pro_menu_wps.TestWpsFormula" name="test_bucket_boundaries" time="0.000" /><testcase classname="tests.test_iteration24_pro_menu_wps.TestMyProStatsEndpoint" name="test_fresh_pro_has_zero_wps" time="1.208" /><testcase classname="tests.test_iteration24_pro_menu_wps.TestMyProStatsEndpoint" name="test_stats_match_wps_formula" time="1.111" /><testcase classname="tests.test_iteration24_pro_menu_wps.TestMyProStatsEndpoint" name="test_student_gets_403" time="1.041" /><testcase classname="tests.test_iteration24_pro_menu_wps.TestMyProStatsEndpoint" name="test_employer_gets_403" time="0.682" /><testcase classname="tests.test_iteration24_pro_menu_wps.TestMyProStatsEndpoint" name="test_admin_gets_403" time="0.586" /><testcase classname="tests.test_iteration24_pro_menu_wps.TestMyProStatsEndpoint" name="test_unauth_401" time="0.094" /><testcase classname="tests.test_iteration24_pro_menu_wps.TestProsLeaderboardEnriched" name="test_list_contains_new_fields_for_pro" time="1.114" /><testcase classname="tests.test_iteration24_pro_menu_wps.TestProsLeaderboardEnriched" name="test_me_flagged_and_rank_matches_my_stats" time="1.160" /><testcase classname="tests.test_iteration24_pro_menu_wps.TestProsLeaderboardEnriched" name="test_jobs_posted_count_reflects_db" time="1.081" /><testcase classname="tests.test_iteration24_pro_menu_wps.TestBackwardCompat" name="test_score_alias_equals_wps_for_all_rows" time="1.060" /></testsuite></testsuites>