<?xml version="1.0" encoding="utf-8"?><testsuites name="pytest tests"><testsuite name="pytest" errors="0" failures="0" skipped="0" tests="6" time="0.869" timestamp="2026-06-19T12:57:45.233271+00:00" hostname="agent-env-376034b0-5444-43e2-97fc-f8b3c10d6b69"><testcase classname="backend.tests.test_iteration21_profile_menu.TestApplicationsHydration" name="test_list_applications_returns_list" time="0.503" /><testcase classname="backend.tests.test_iteration21_profile_menu.TestApplicationsHydration" name="test_applications_have_company_and_location_keys" time="0.054" /><testcase classname="backend.tests.test_iteration21_profile_menu.TestApplicationsHydration" name="test_at_least_one_app_hydrated" time="0.049" /><testcase classname="backend.tests.test_iteration21_profile_menu.TestMyBookings" name="test_my_bookings_full_history" time="0.053" /><testcase classname="backend.tests.test_iteration21_profile_menu.TestMyRanks" name="test_my_ranks_endpoint" time="0.071" /><testcase classname="backend.tests.test_iteration21_profile_menu.TestAuthMe" name="test_auth_me_has_required_fields" time="0.115" /></testsuite></testsuites>