<?xml version="1.0" encoding="utf-8"?><testsuites name="pytest tests"><testsuite name="pytest" errors="0" failures="1" skipped="0" tests="9" time="12.361" timestamp="2026-06-24T15:30:50.635880+00:00" hostname="agent-env-376034b0-5444-43e2-97fc-f8b3c10d6b69"><testcase classname="backend.tests.test_iter31_resend_migration.TestBackendBoot" name="test_api_mounted_not_404" time="0.266" /><testcase classname="backend.tests.test_iter31_resend_migration.TestBackendBoot" name="test_no_import_or_name_errors_since_startup" time="0.011" /><testcase classname="backend.tests.test_iter31_resend_migration.TestSignupViaResend" name="test_signup_returns_otp_and_logs_resend_ok" time="0.839" /><testcase classname="backend.tests.test_iter31_resend_migration.TestSignupViaResend" name="test_verify_otp_returns_token" time="0.359" /><testcase classname="backend.tests.test_iter31_resend_migration.TestForgotResetViaResend" name="test_forgot_password_logs_resend_ok" time="0.474" /><testcase classname="backend.tests.test_iter31_resend_migration.TestForgotResetViaResend" name="test_reset_password_and_login_with_new_pw" time="1.088" /><testcase classname="backend.tests.test_iter31_resend_migration.TestForgotResetViaResend" name="test_forgot_unknown_email_does_not_leak" time="1.064" /><testcase classname="backend.tests.test_iter31_resend_migration.TestBookingEmailsViaResend" name="test_book_emits_two_resend_ok_lines" time="7.856"><failure message="AssertionError: expected 2 'Resend OK' lines (student+pro booking confirmations), got 1.&#10;  Backend log slice:&#10;  2026-06-24 15:31:02,182 - INFO - Resend OK to=test_stu_iter31_87672d@resend.dev subject=ReferME · Mock Interview confirmed id=a39dd784-65bb-4c46-a9ee-c7205aa6d853&#10;  2026-06-24 15:31:02,329 - WARNING - Resend send failed (ReferME · New Mock Interview booking): Too many requests. You can only make 2 requests per second. See rate limit response headers for more information. Or contact support to increase rate limit. — falling back to SendGrid if configured&#10;  2026-06-24 15:31:02,669 - WARNING - SendGrid send failed (ReferME · New Mock Interview booking): HTTP Error 401: Unauthorized&#10;assert 1 &gt;= 2">backend/tests/test_iter31_resend_migration.py:318: in test_book_emits_two_resend_ok_lines
    assert ok_count &gt;= 2, (
E   AssertionError: expected 2 'Resend OK' lines (student+pro booking confirmations), got 1.
E     Backend log slice:
E     2026-06-24 15:31:02,182 - INFO - Resend OK to=test_stu_iter31_87672d@resend.dev subject=ReferME · Mock Interview confirmed id=a39dd784-65bb-4c46-a9ee-c7205aa6d853
E     2026-06-24 15:31:02,329 - WARNING - Resend send failed (ReferME · New Mock Interview booking): Too many requests. You can only make 2 requests per second. See rate limit response headers for more information. Or contact support to increase rate limit. — falling back to SendGrid if configured
E     2026-06-24 15:31:02,669 - WARNING - SendGrid send failed (ReferME · New Mock Interview booking): HTTP Error 401: Unauthorized
E   assert 1 &gt;= 2</failure></testcase><testcase classname="backend.tests.test_iter31_resend_migration.TestAdminLoginRegression" name="test_admin_login_200" time="0.269" /></testsuite></testsuites>