<?xml version="1.0" encoding="utf-8"?><testsuites name="pytest tests"><testsuite name="pytest" errors="0" failures="2" skipped="0" tests="29" time="47.227" timestamp="2026-06-07T04:58:05.316361+00:00" hostname="agent-env-376034b0-5444-43e2-97fc-f8b3c10d6b69"><testcase classname="backend.tests.test_iteration4.TestProfessionalEmailValidation" name="test_personal_domain_blocked[gmail.com]" time="0.256" /><testcase classname="backend.tests.test_iteration4.TestProfessionalEmailValidation" name="test_personal_domain_blocked[yahoo.com]" time="0.142" /><testcase classname="backend.tests.test_iteration4.TestProfessionalEmailValidation" name="test_personal_domain_blocked[outlook.com]" time="0.103" /><testcase classname="backend.tests.test_iteration4.TestProfessionalEmailValidation" name="test_personal_domain_blocked[rediffmail.com]" time="0.109" /><testcase classname="backend.tests.test_iteration4.TestProfessionalEmailValidation" name="test_company_domain_allowed" time="1.058" /><testcase classname="backend.tests.test_iteration4.TestProfessionalEmailValidation" name="test_student_personal_domain_allowed" time="0.825" /><testcase classname="backend.tests.test_iteration4.TestSuspendActivateDelete" name="test_suspend_then_login_blocked" time="2.002" /><testcase classname="backend.tests.test_iteration4.TestSuspendActivateDelete" name="test_admin_only_suspend" time="2.083" /><testcase classname="backend.tests.test_iteration4.TestSuspendActivateDelete" name="test_delete_user" time="1.563" /><testcase classname="backend.tests.test_iteration4.TestJobsIteration4" name="test_pro_can_post_job" time="1.177" /><testcase classname="backend.tests.test_iteration4.TestJobsIteration4" name="test_experienced_requires_experience_required" time="1.071" /><testcase classname="backend.tests.test_iteration4.TestJobsIteration4" name="test_get_single_job_with_applied_flag" time="2.298" /><testcase classname="backend.tests.test_iteration4.TestJobsIteration4" name="test_filter_jobs" time="2.244" /><testcase classname="backend.tests.test_iteration4.TestJobsIteration4" name="test_patch_owner_only" time="2.631" /><testcase classname="backend.tests.test_iteration4.TestJobsIteration4" name="test_close_reopen" time="1.143"><failure message="KeyError: 'status'">backend/tests/test_iteration4.py:148: in test_close_reopen
    assert r2.json()["status"] == "closed"
           ^^^^^^^^^^^^^^^^^^^
E   KeyError: 'status'</failure></testcase><testcase classname="backend.tests.test_iteration4.TestJobsIteration4" name="test_applicants_owner_only" time="3.350" /><testcase classname="backend.tests.test_iteration4.TestInsufficientCredits" name="test_apply_402_when_no_free_no_credits" time="2.378"><failure message="AssertionError: {&quot;message&quot;:&quot;Applied&quot;,&quot;used_free&quot;:true}&#10;assert 200 == 402&#10; +  where 200 = &lt;Response [200]&gt;.status_code">backend/tests/test_iteration4.py:182: in test_apply_402_when_no_free_no_credits
    assert s2.status_code == 402, s2.text
E   AssertionError: {"message":"Applied","used_free":true}
E   assert 200 == 402
E    +  where 200 = &lt;Response [200]&gt;.status_code</failure></testcase><testcase classname="backend.tests.test_iteration4.TestApplicationStatusPipeline" name="test_status_change_proof_and_admin_action_hire" time="3.709" /><testcase classname="backend.tests.test_iteration4.TestApplicationStatusPipeline" name="test_status_change_reject_notifies" time="3.533" /><testcase classname="backend.tests.test_iteration4.TestSlotsIteration4" name="test_slot_creates_jitsi_url" time="1.271" /><testcase classname="backend.tests.test_iteration4.TestSlotsIteration4" name="test_slot_min_1h_enforced" time="1.067" /><testcase classname="backend.tests.test_iteration4.TestSlotsIteration4" name="test_slot_max_5h_per_day" time="1.386" /><testcase classname="backend.tests.test_iteration4.TestSlotsIteration4" name="test_book_returns_meeting_url" time="2.692" /><testcase classname="backend.tests.test_iteration4.TestLeaderboardIteration4" name="test_leaderboard_fields" time="1.323" /><testcase classname="backend.tests.test_iteration4.TestLeaderboardIteration4" name="test_leaderboard_filters" time="1.265" /><testcase classname="backend.tests.test_iteration4.TestAdminIteration4" name="test_expanded_stats" time="0.391" /><testcase classname="backend.tests.test_iteration4.TestAdminIteration4" name="test_wallet_refund" time="1.553" /><testcase classname="backend.tests.test_iteration4.TestAdminIteration4" name="test_admin_delete_job" time="1.459" /><testcase classname="backend.tests.test_iteration4.TestAdminIteration4" name="test_admin_delete_interview_refunds_booked_student" time="3.030" /></testsuite></testsuites>