<?xml version="1.0" encoding="utf-8"?><testsuites name="pytest tests"><testsuite name="pytest" errors="0" failures="0" skipped="0" tests="12" time="50.656" timestamp="2026-06-19T13:58:56.026714+00:00" hostname="agent-env-376034b0-5444-43e2-97fc-f8b3c10d6b69"><testcase classname="test_iteration22_refer_a_friend.TestReferMe" name="test_refer_me_returns_code_link_and_stats" time="1.146" /><testcase classname="test_iteration22_refer_a_friend.TestReferMe" name="test_refer_me_backfills_for_legacy_user" time="1.098" /><testcase classname="test_iteration22_refer_a_friend.TestSignupRefBehavior" name="test_signup_with_valid_ref_creates_pending_and_sets_referred_by" time="17.060" /><testcase classname="test_iteration22_refer_a_friend.TestSignupRefBehavior" name="test_signup_with_invalid_ref_code_completes_silently" time="8.894" /><testcase classname="test_iteration22_refer_a_friend.TestSignupRefBehavior" name="test_signup_self_referral_silently_dropped" time="9.484" /><testcase classname="test_iteration22_refer_a_friend.TestSignupRefBehavior" name="test_signup_self_referral_path_via_signup_logic" time="1.453" /><testcase classname="test_iteration22_refer_a_friend.TestSignupRefBehavior" name="test_signup_ref_ignored_for_professional_role" time="1.713" /><testcase classname="test_iteration22_refer_a_friend.TestSignupRefBehavior" name="test_signup_ref_ignored_for_employer_role" time="1.126" /><testcase classname="test_iteration22_refer_a_friend.TestVerifyOtpReferralCompletion" name="test_first_student_verification_awards_referrer" time="2.055" /><testcase classname="test_iteration22_refer_a_friend.TestVerifyOtpReferralCompletion" name="test_welcome_bonus_returned_without_ref" time="0.985" /><testcase classname="test_iteration22_refer_a_friend.TestReferList" name="test_refer_list_returns_masked_emails_newest_first" time="2.759" /><testcase classname="test_iteration22_refer_a_friend.TestReferMeStatsReflectActivity" name="test_stats_increment_after_referral_completion" time="2.792" /></testsuite></testsuites>