<?xml version="1.0" encoding="utf-8"?><testsuites name="pytest tests"><testsuite name="pytest" errors="0" failures="1" skipped="0" tests="16" time="12.994" timestamp="2026-07-01T16:55:07.878347+00:00" hostname="agent-env-376034b0-5444-43e2-97fc-f8b3c10d6b69"><testcase classname="tests.test_iter45_admin_jobs.TestAdminJobsCRUD" name="test_publish_happy_path_sets_source_and_verified" time="0.700" /><testcase classname="tests.test_iter45_admin_jobs.TestAdminJobsCRUD" name="test_non_admin_forbidden" time="1.481" /><testcase classname="tests.test_iter45_admin_jobs.TestAdminJobsCRUD" name="test_draft_skips_future_date_validation" time="0.533" /><testcase classname="tests.test_iter45_admin_jobs.TestAdminJobsCRUD" name="test_mine_returns_drafts_and_published" time="0.729" /><testcase classname="tests.test_iter45_admin_jobs.TestAdminJobsCRUD" name="test_patch_updates_fields" time="0.618" /><testcase classname="tests.test_iter45_admin_jobs.TestAdminJobsCRUD" name="test_publish_promotes_draft" time="0.628" /><testcase classname="tests.test_iter45_admin_jobs.TestAdminJobsCRUD" name="test_delete_works" time="0.542" /><testcase classname="tests.test_iter45_admin_jobs.TestAdminJobValidation" name="test_bad_contact_number" time="0.473" /><testcase classname="tests.test_iter45_admin_jobs.TestAdminJobValidation" name="test_bad_contact_email" time="0.458" /><testcase classname="tests.test_iter45_admin_jobs.TestAdminJobValidation" name="test_past_walkin_date_on_publish" time="0.472" /><testcase classname="tests.test_iter45_admin_jobs.TestAdminJobValidation" name="test_open_positions_less_than_one" time="0.455" /><testcase classname="tests.test_iter45_admin_jobs.TestAdminJobValidation" name="test_experience_max_less_than_min" time="0.412" /><testcase classname="tests.test_iter45_admin_jobs.TestJobsSourceFilter" name="test_student_default_excludes_admin_source" time="2.150" /><testcase classname="tests.test_iter45_admin_jobs.TestJobsSourceFilter" name="test_student_source_admin_returns_only_admin" time="1.188"><failure message="AssertionError: seeded admin job missing from ?source=admin list&#10;assert 0 == 1&#10; +  where 0 = len([])">tests/test_iter45_admin_jobs.py:241: in test_student_source_admin_returns_only_admin
    assert len(found) == 1, "seeded admin job missing from ?source=admin list"
E   AssertionError: seeded admin job missing from ?source=admin list
E   assert 0 == 1
E    +  where 0 = len([])</failure></testcase><testcase classname="tests.test_iter45_admin_jobs.TestJobsSourceFilter" name="test_student_can_fetch_admin_job_by_id" time="1.251" /><testcase classname="tests.test_iter45_admin_jobs.TestProJobSource" name="test_employer_job_gets_source_professional" time="0.823" /></testsuite></testsuites>