<?xml version="1.0" encoding="utf-8"?><testsuites name="pytest tests"><testsuite name="pytest" errors="0" failures="0" skipped="0" tests="12" time="26.900" timestamp="2026-06-30T13:47:55.842989+00:00" hostname="agent-env-376034b0-5444-43e2-97fc-f8b3c10d6b69"><testcase classname="test_iter32_booking_email_status" name="test_booking_record_has_both_email_status_sent" time="3.288" /><testcase classname="test_iter37_my_bookings_derived.TestMyBookingsDerivedFields" name="test_future_slot_not_ended" time="2.003" /><testcase classname="test_iter37_my_bookings_derived.TestMyBookingsDerivedFields" name="test_past_slot_ended_true" time="2.227" /><testcase classname="test_iter37_my_bookings_derived.TestMyBookingsDerivedFields" name="test_both_joined_true" time="2.363" /><testcase classname="test_iter37_my_bookings_derived.TestMyBookingsDerivedFields" name="test_only_pro_joined_both_joined_false" time="2.077" /><testcase classname="test_iter37_my_bookings_derived.TestMyBookingsDerivedFields" name="test_joined_endpoint_populates_both_joined" time="2.184" /><testcase classname="test_iter37_my_bookings_derived.TestStudentMyBookingsAlsoHasDerived" name="test_student_sees_slot_ended_and_no_joined_by" time="2.227" /><testcase classname="test_iter38_student_my_bookings.TestStudentMyBookingsScenarios" name="test_scenario_a_future_active" time="2.038" /><testcase classname="test_iter38_student_my_bookings.TestStudentMyBookingsScenarios" name="test_scenario_b_completed_with_feedback" time="2.168" /><testcase classname="test_iter38_student_my_bookings.TestStudentMyBookingsScenarios" name="test_scenario_c_past_booked_both_joined" time="2.059" /><testcase classname="test_iter38_student_my_bookings.TestStudentMyBookingsScenarios" name="test_scenario_d_no_show" time="2.142" /><testcase classname="test_iter38_student_my_bookings.TestStudentMyBookingsContract" name="test_joined_by_never_in_response" time="2.014" /></testsuite></testsuites>