<?xml version="1.0" encoding="utf-8"?><testsuites name="pytest tests"><testsuite name="pytest" errors="0" failures="0" skipped="0" tests="49" time="35.802" timestamp="2026-07-07T04:55:31.920479+00:00" hostname="agent-env-376034b0-5444-43e2-97fc-f8b3c10d6b69"><testcase classname="backend.tests.test_iter55_jobs_router_refactor.TestJobCreateValidation" name="test_missing_title_400" time="1.205" /><testcase classname="backend.tests.test_iter55_jobs_router_refactor.TestJobCreateValidation" name="test_missing_description_400" time="0.107" /><testcase classname="backend.tests.test_iter55_jobs_router_refactor.TestJobCreateValidation" name="test_missing_location_400" time="0.110" /><testcase classname="backend.tests.test_iter55_jobs_router_refactor.TestJobCreateValidation" name="test_missing_skills_400" time="0.105" /><testcase classname="backend.tests.test_iter55_jobs_router_refactor.TestJobCreateValidation" name="test_invalid_open_positions_label_400" time="0.124" /><testcase classname="backend.tests.test_iter55_jobs_router_refactor.TestJobCreateValidation" name="test_pro_missing_proof_400" time="0.101" /><testcase classname="backend.tests.test_iter55_jobs_router_refactor.TestJobCreateValidation" name="test_pro_create_ok_verification_pending" time="0.114" /><testcase classname="backend.tests.test_iter55_jobs_router_refactor.TestJobListing" name="test_student_sees_only_verified_pro_jobs" time="1.542" /><testcase classname="backend.tests.test_iter55_jobs_router_refactor.TestJobListing" name="test_pro_sees_own_pending_and_others_verified" time="1.543" /><testcase classname="backend.tests.test_iter55_jobs_router_refactor.TestJobListing" name="test_admin_sees_all" time="0.663" /><testcase classname="backend.tests.test_iter55_jobs_router_refactor.TestJobListing" name="test_source_admin_filter" time="0.109" /><testcase classname="backend.tests.test_iter55_jobs_router_refactor.TestJobListing" name="test_skill_filter_regex" time="2.297" /><testcase classname="backend.tests.test_iter55_jobs_router_refactor.TestJobListing" name="test_location_synonym_expansion" time="0.163" /><testcase classname="backend.tests.test_iter55_jobs_router_refactor.TestJobListing" name="test_get_job_by_id_404" time="0.105" /><testcase classname="backend.tests.test_iter55_jobs_router_refactor.TestJobListing" name="test_get_job_student_has_applied_keys" time="0.104" /><testcase classname="backend.tests.test_iter55_jobs_router_refactor.TestJobMutations" name="test_non_owner_pro_cannot_patch" time="0.236" /><testcase classname="backend.tests.test_iter55_jobs_router_refactor.TestJobMutations" name="test_owner_can_patch_and_bulk_openings_synced" time="0.105" /><testcase classname="backend.tests.test_iter55_jobs_router_refactor.TestJobMutations" name="test_owner_close_and_reopen" time="0.418" /><testcase classname="backend.tests.test_iter55_jobs_router_refactor.TestJobMutations" name="test_non_owner_cannot_close" time="0.108" /><testcase classname="backend.tests.test_iter55_jobs_router_refactor.TestApplicants" name="test_applicants_owner_sees_student_profile_snippet" time="0.318" /><testcase classname="backend.tests.test_iter55_jobs_router_refactor.TestApplicants" name="test_applicants_non_owner_403" time="0.233" /><testcase classname="backend.tests.test_iter55_jobs_router_refactor.TestSavedJobs" name="test_save_unsave_and_list" time="0.528" /><testcase classname="backend.tests.test_iter55_jobs_router_refactor.TestSavedJobs" name="test_saved_jobs_pro_403" time="0.125" /><testcase classname="backend.tests.test_iter55_jobs_router_refactor.TestApply" name="test_apply_admin_source_rejected_with_exact_copy" time="0.100" /><testcase classname="backend.tests.test_iter55_jobs_router_refactor.TestApply" name="test_apply_credit_deduction_fresher_99" time="1.302" /><testcase classname="backend.tests.test_iter55_jobs_router_refactor.TestApply" name="test_apply_credit_deduction_experienced_199" time="1.279" /><testcase classname="backend.tests.test_iter55_jobs_router_refactor.TestApply" name="test_apply_dup_rejected" time="0.418" /><testcase classname="backend.tests.test_iter55_jobs_router_refactor.TestApply" name="test_job_post_reward_fires_once_at_4_apps" time="5.807" /><testcase classname="backend.tests.test_iter55_jobs_router_refactor.TestReferralsEndpoint" name="test_referral_missing_student_or_job_400" time="0.098" /><testcase classname="backend.tests.test_iter55_jobs_router_refactor.TestReferralsEndpoint" name="test_referral_creates_row_and_increments_counter" time="1.399" /><testcase classname="backend.tests.test_iter55_jobs_router_refactor.TestApplications" name="test_student_list_hydrated_with_company_location" time="1.431" /><testcase classname="backend.tests.test_iter55_jobs_router_refactor.TestApplications" name="test_applications_pool_pro_only" time="0.264" /><testcase classname="backend.tests.test_iter55_jobs_router_refactor.TestApplications" name="test_timeline_returns_history_and_pending" time="1.384" /><testcase classname="backend.tests.test_iter55_jobs_router_refactor.TestStatusPipeline" name="test_status_request_non_participant_403" time="2.155" /><testcase classname="backend.tests.test_iter55_jobs_router_refactor.TestStatusPipeline" name="test_status_request_student_own_creates_pending" time="1.365" /><testcase classname="backend.tests.test_iter55_jobs_router_refactor.TestStatusPipeline" name="test_hire_missing_proof_and_note_400" time="1.423" /><testcase classname="backend.tests.test_iter55_jobs_router_refactor.TestStatusPipeline" name="test_hire_non_poster_403" time="1.422" /><testcase classname="backend.tests.test_iter55_jobs_router_refactor.TestStatusPipeline" name="test_hire_ok_flips_to_hired_pending" time="1.400" /><testcase classname="backend.tests.test_iter55_jobs_router_refactor.TestStatusPipeline" name="test_refer_own_walks_to_referred" time="1.365" /><testcase classname="backend.tests.test_iter55_jobs_router_refactor.TestStatusPipeline" name="test_refer_own_non_poster_403" time="1.350" /><testcase classname="backend.tests.test_iter55_jobs_router_refactor.TestResubmit" name="test_resubmit_only_rejected_400" time="0.200" /><testcase classname="backend.tests.test_iter55_jobs_router_refactor.TestResubmit" name="test_resubmit_non_owner_403" time="0.208" /><testcase classname="backend.tests.test_iter55_jobs_router_refactor.TestResubmit" name="test_resubmit_ok_flips_to_pending" time="0.203" /><testcase classname="backend.tests.test_iter55_jobs_router_refactor.TestProfessionals" name="test_professionals_endpoint_ok" time="0.104" /><testcase classname="backend.tests.test_iter55_jobs_router_refactor.TestAdjacent" name="test_wallet_ok" time="0.095" /><testcase classname="backend.tests.test_iter55_jobs_router_refactor.TestAdjacent" name="test_wallet_deposit_order_ok" time="0.103" /><testcase classname="backend.tests.test_iter55_jobs_router_refactor.TestAdjacent" name="test_auth_me_ok" time="0.099" /><testcase classname="backend.tests.test_iter55_jobs_router_refactor.TestAdjacent" name="test_admin_transactions_search_ok" time="0.150" /><testcase classname="backend.tests.test_iter55_jobs_router_refactor.TestAdjacent" name="test_interviews_book_reachable" time="0.102" /></testsuite></testsuites>