<?xml version="1.0" encoding="utf-8"?><testsuites name="pytest tests"><testsuite name="pytest" errors="0" failures="1" skipped="0" tests="3" time="8.720" timestamp="2026-06-30T13:46:20.015025+00:00" hostname="agent-env-376034b0-5444-43e2-97fc-f8b3c10d6b69"><testcase classname="test_iter43_feedback_email.TestCompleteHappyPathStillWorks" name="test_complete_returns_200_with_all_side_effects" time="3.043"><failure message="AssertionError: assert 'Strong fundamentals,' in ((None or ''))&#10; +  where None = &lt;built-in method get of dict object at 0xfe9e644be7c0&gt;('feedback')&#10; +    where &lt;built-in method get of dict object at 0xfe9e644be7c0&gt; = {'_test_marker': 'iter43', 'booked_at': '2026-06-30T13:46:22.655323Z', 'both_joined': False, 'candidate_feedback': 'Strong fundamentals, clear communication, work on system-design depth.', ...}.get">test_iter43_feedback_email.py:165: in test_complete_returns_200_with_all_side_effects
    assert VALID_FEEDBACK[:20] in (row.get("feedback") or "")
E   AssertionError: assert 'Strong fundamentals,' in ((None or ''))
E    +  where None = &lt;built-in method get of dict object at 0xfe9e644be7c0&gt;('feedback')
E    +    where &lt;built-in method get of dict object at 0xfe9e644be7c0&gt; = {'_test_marker': 'iter43', 'booked_at': '2026-06-30T13:46:22.655323Z', 'both_joined': False, 'candidate_feedback': 'Strong fundamentals, clear communication, work on system-design depth.', ...}.get</failure></testcase><testcase classname="test_iter43_feedback_email.TestFeedbackEmailEmitted" name="test_resend_or_mock_log_emitted" time="2.755" /><testcase classname="test_iter43_feedback_email.TestFeedbackEmailFailureGuard" name="test_email_exception_does_not_break_complete" time="2.804" /></testsuite></testsuites>