<?xml version="1.0" encoding="utf-8"?><testsuites name="pytest tests"><testsuite name="pytest" errors="0" failures="0" skipped="0" tests="21" time="10.969" timestamp="2026-07-12T05:57:48.411801+00:00" hostname="agent-env-376034b0-5444-43e2-97fc-f8b3c10d6b69"><testcase classname="backend.tests.test_iter62_support_tickets.TestSupportTicketHappyPath" name="test_create_ticket_student_persists_row" time="1.610" /><testcase classname="backend.tests.test_iter62_support_tickets.TestSupportTicketHappyPath" name="test_create_ticket_professional" time="1.450" /><testcase classname="backend.tests.test_iter62_support_tickets.TestSupportTicketHappyPath" name="test_create_ticket_admin" time="0.702" /><testcase classname="backend.tests.test_iter62_support_tickets.TestSupportTicketValidation" name="test_subject_too_short" time="0.099" /><testcase classname="backend.tests.test_iter62_support_tickets.TestSupportTicketValidation" name="test_subject_empty" time="0.099" /><testcase classname="backend.tests.test_iter62_support_tickets.TestSupportTicketValidation" name="test_description_too_short" time="0.098" /><testcase classname="backend.tests.test_iter62_support_tickets.TestSupportTicketValidation" name="test_description_whitespace_only" time="0.101" /><testcase classname="backend.tests.test_iter62_support_tickets.TestSupportTicketAttachment" name="test_small_valid_attachment_stored" time="0.333" /><testcase classname="backend.tests.test_iter62_support_tickets.TestSupportTicketAttachment" name="test_data_uri_prefix_stripped" time="0.723" /><testcase classname="backend.tests.test_iter62_support_tickets.TestSupportTicketAttachment" name="test_malformed_base64_rejected" time="0.116" /><testcase classname="backend.tests.test_iter62_support_tickets.TestSupportTicketAttachment" name="test_attachment_over_5mb_rejected" time="0.415" /><testcase classname="backend.tests.test_iter62_support_tickets.TestSupportTicketAuth" name="test_no_token_returns_401" time="0.105" /><testcase classname="backend.tests.test_iter62_support_tickets.TestSupportTicketAuth" name="test_invalid_token_returns_401" time="0.091" /><testcase classname="backend.tests.test_iter62_support_tickets.TestRegressionSmoke" name="test_disputes_post_and_get_still_work" time="0.196" /><testcase classname="backend.tests.test_iter62_support_tickets.TestRegressionSmoke" name="test_notifications_get_still_works" time="0.102" /><testcase classname="backend.tests.test_iter62_support_tickets.TestRegressionSmoke" name="test_auth_me_student" time="0.094" /><testcase classname="backend.tests.test_iter62_support_tickets.TestRegressionSmoke" name="test_auth_me_admin" time="0.093" /><testcase classname="backend.tests.test_iter62_support_tickets.TestRegressionSmoke" name="test_wallet_student" time="0.099" /><testcase classname="backend.tests.test_iter62_support_tickets.TestRegressionSmoke" name="test_jobs_list_open" time="0.224" /><testcase classname="backend.tests.test_iter62_support_tickets.TestRegressionSmoke" name="test_jobs_apply_with_complete_profile" time="1.936" /><testcase classname="backend.tests.test_iter62_support_tickets.TestRegressionSmoke" name="test_interviews_book_smoke" time="2.164" /></testsuite></testsuites>