<?xml version="1.0" encoding="utf-8"?><testsuites name="pytest tests"><testsuite name="pytest" errors="0" failures="4" skipped="0" tests="17" time="19.545" timestamp="2026-06-08T16:37:42.639860+00:00" hostname="agent-env-376034b0-5444-43e2-97fc-f8b3c10d6b69"><testcase classname="backend.tests.test_iteration9.TestSlotCreationGmailGate" name="test_slot_creation_requires_gmail_verified_403" time="1.341" /><testcase classname="backend.tests.test_iteration9.TestSlotCreationGmailGate" name="test_slot_creation_empty_skill_set_400" time="1.142" /><testcase classname="backend.tests.test_iteration9.TestSlotCreationGmailGate" name="test_slot_creation_omitted_skill_set_400" time="1.106" /><testcase classname="backend.tests.test_iteration9.TestSlotCreationGmailGate" name="test_slot_creation_success_with_gmail_and_skill" time="1.053" /><testcase classname="backend.tests.test_iteration9.TestJobPostingMandatoryFields" name="test_missing_title_400" time="1.088"><failure message="AssertionError: {&quot;detail&quot;:[{&quot;type&quot;:&quot;string_too_short&quot;,&quot;loc&quot;:[&quot;body&quot;,&quot;title&quot;],&quot;msg&quot;:&quot;String should have at least 2 characters&quot;,&quot;input&quot;:&quot;&quot;,&quot;ctx&quot;:{&quot;min_length&quot;:2},&quot;url&quot;:&quot;https://errors.pydantic.dev/2.13/v/string_too_short&quot;}]}&#10;assert 422 == 400&#10; +  where 422 = &lt;Response [422]&gt;.status_code">backend/tests/test_iteration9.py:105: in test_missing_title_400
    assert r.status_code == 400, r.text
E   AssertionError: {"detail":[{"type":"string_too_short","loc":["body","title"],"msg":"String should have at least 2 characters","input":"","ctx":{"min_length":2},"url":"https://errors.pydantic.dev/2.13/v/string_too_short"}]}
E   assert 422 == 400
E    +  where 422 = &lt;Response [422]&gt;.status_code</failure></testcase><testcase classname="backend.tests.test_iteration9.TestJobPostingMandatoryFields" name="test_missing_description_400" time="1.167"><failure message="AssertionError: {&quot;detail&quot;:[{&quot;type&quot;:&quot;string_too_short&quot;,&quot;loc&quot;:[&quot;body&quot;,&quot;description&quot;],&quot;msg&quot;:&quot;String should have at least 2 characters&quot;,&quot;input&quot;:&quot;&quot;,&quot;ctx&quot;:{&quot;min_length&quot;:2},&quot;url&quot;:&quot;https://errors.pydantic.dev/2.13/v/string_too_short&quot;}]}&#10;assert 422 == 400&#10; +  where 422 = &lt;Response [422]&gt;.status_code">backend/tests/test_iteration9.py:111: in test_missing_description_400
    assert r.status_code == 400, r.text
E   AssertionError: {"detail":[{"type":"string_too_short","loc":["body","description"],"msg":"String should have at least 2 characters","input":"","ctx":{"min_length":2},"url":"https://errors.pydantic.dev/2.13/v/string_too_short"}]}
E   assert 422 == 400
E    +  where 422 = &lt;Response [422]&gt;.status_code</failure></testcase><testcase classname="backend.tests.test_iteration9.TestJobPostingMandatoryFields" name="test_missing_location_400" time="1.045"><failure message="AssertionError: {&quot;detail&quot;:[{&quot;type&quot;:&quot;string_too_short&quot;,&quot;loc&quot;:[&quot;body&quot;,&quot;location&quot;],&quot;msg&quot;:&quot;String should have at least 2 characters&quot;,&quot;input&quot;:&quot;&quot;,&quot;ctx&quot;:{&quot;min_length&quot;:2},&quot;url&quot;:&quot;https://errors.pydantic.dev/2.13/v/string_too_short&quot;}]}&#10;assert 422 == 400&#10; +  where 422 = &lt;Response [422]&gt;.status_code">backend/tests/test_iteration9.py:117: in test_missing_location_400
    assert r.status_code == 400, r.text
E   AssertionError: {"detail":[{"type":"string_too_short","loc":["body","location"],"msg":"String should have at least 2 characters","input":"","ctx":{"min_length":2},"url":"https://errors.pydantic.dev/2.13/v/string_too_short"}]}
E   assert 422 == 400
E    +  where 422 = &lt;Response [422]&gt;.status_code</failure></testcase><testcase classname="backend.tests.test_iteration9.TestJobPostingMandatoryFields" name="test_missing_skills_required_400" time="1.052"><failure message="AssertionError: {&quot;detail&quot;:[{&quot;type&quot;:&quot;too_short&quot;,&quot;loc&quot;:[&quot;body&quot;,&quot;skills_required&quot;],&quot;msg&quot;:&quot;List should have at least 1 item after validation, not 0&quot;,&quot;input&quot;:[],&quot;ctx&quot;:{&quot;field_type&quot;:&quot;List&quot;,&quot;min_length&quot;:1,&quot;actual_length&quot;:0},&quot;url&quot;:&quot;https://errors.pydantic.dev/2.13/v/too_short&quot;}]}&#10;assert 422 == 400&#10; +  where 422 = &lt;Response [422]&gt;.status_code">backend/tests/test_iteration9.py:123: in test_missing_skills_required_400
    assert r.status_code == 400, r.text
E   AssertionError: {"detail":[{"type":"too_short","loc":["body","skills_required"],"msg":"List should have at least 1 item after validation, not 0","input":[],"ctx":{"field_type":"List","min_length":1,"actual_length":0},"url":"https://errors.pydantic.dev/2.13/v/too_short"}]}
E   assert 422 == 400
E    +  where 422 = &lt;Response [422]&gt;.status_code</failure></testcase><testcase classname="backend.tests.test_iteration9.TestJobPostingMandatoryFields" name="test_skills_required_only_whitespace_400" time="1.025" /><testcase classname="backend.tests.test_iteration9.TestJobOpenPositionsLabel" name="test_label_1_to_10_persists" time="1.027" /><testcase classname="backend.tests.test_iteration9.TestJobOpenPositionsLabel" name="test_label_100_plus_persists" time="1.132" /><testcase classname="backend.tests.test_iteration9.TestJobOpenPositionsLabel" name="test_default_label_1_to_5_when_omitted" time="1.038" /><testcase classname="backend.tests.test_iteration9.TestJobOpenPositionsLabel" name="test_label_persisted_on_get_jobs" time="1.165" /><testcase classname="backend.tests.test_iteration9.TestProMissingFields" name="test_me_returns_missing_fields_for_raw_pro" time="1.071" /><testcase classname="backend.tests.test_iteration9.TestProMissingFields" name="test_full_profile_clears_missing_fields" time="1.101" /><testcase classname="backend.tests.test_iteration9.TestProMissingFields" name="test_alternate_gmail_otp_drops_missing_entry" time="1.858" /><testcase classname="backend.tests.test_iteration9.TestJobNumericOpenPositionsBackCompat" name="test_numeric_open_positions_only_still_works" time="1.038" /></testsuite></testsuites>