<?xml version="1.0" encoding="utf-8"?><testsuites name="pytest tests"><testsuite name="pytest" errors="0" failures="0" skipped="0" tests="16" time="12.446" timestamp="2026-07-01T17:24:13.614707+00:00" hostname="agent-env-376034b0-5444-43e2-97fc-f8b3c10d6b69"><testcase classname="backend.tests.test_iter45_admin_jobs.TestAdminJobsCRUD" name="test_publish_happy_path_sets_source_and_verified" time="0.639" /><testcase classname="backend.tests.test_iter45_admin_jobs.TestAdminJobsCRUD" name="test_non_admin_forbidden" time="1.274" /><testcase classname="backend.tests.test_iter45_admin_jobs.TestAdminJobsCRUD" name="test_draft_skips_future_date_validation" time="0.490" /><testcase classname="backend.tests.test_iter45_admin_jobs.TestAdminJobsCRUD" name="test_mine_returns_drafts_and_published" time="0.692" /><testcase classname="backend.tests.test_iter45_admin_jobs.TestAdminJobsCRUD" name="test_patch_updates_fields" time="0.628" /><testcase classname="backend.tests.test_iter45_admin_jobs.TestAdminJobsCRUD" name="test_publish_promotes_draft" time="0.649" /><testcase classname="backend.tests.test_iter45_admin_jobs.TestAdminJobsCRUD" name="test_delete_works" time="0.938" /><testcase classname="backend.tests.test_iter45_admin_jobs.TestAdminJobValidation" name="test_bad_contact_number" time="0.452" /><testcase classname="backend.tests.test_iter45_admin_jobs.TestAdminJobValidation" name="test_bad_contact_email" time="0.430" /><testcase classname="backend.tests.test_iter45_admin_jobs.TestAdminJobValidation" name="test_past_walkin_date_on_publish" time="0.426" /><testcase classname="backend.tests.test_iter45_admin_jobs.TestAdminJobValidation" name="test_open_positions_less_than_one" time="0.416" /><testcase classname="backend.tests.test_iter45_admin_jobs.TestAdminJobValidation" name="test_experience_max_less_than_min" time="0.414" /><testcase classname="backend.tests.test_iter45_admin_jobs.TestJobsSourceFilter" name="test_student_default_excludes_admin_source" time="1.795" /><testcase classname="backend.tests.test_iter45_admin_jobs.TestJobsSourceFilter" name="test_student_source_admin_returns_only_admin" time="1.160" /><testcase classname="backend.tests.test_iter45_admin_jobs.TestJobsSourceFilter" name="test_student_can_fetch_admin_job_by_id" time="1.240" /><testcase classname="backend.tests.test_iter45_admin_jobs.TestProJobSource" name="test_employer_job_gets_source_professional" time="0.768" /></testsuite></testsuites>