<?xml version="1.0" encoding="utf-8"?><testsuites name="pytest tests"><testsuite name="pytest" errors="0" failures="0" skipped="0" tests="24" time="57.444" timestamp="2026-06-19T14:45:18.928389+00:00" hostname="agent-env-376034b0-5444-43e2-97fc-f8b3c10d6b69"><testcase classname="test_iteration22_refer_a_friend.TestReferMe" name="test_refer_me_returns_code_link_and_stats" time="1.175" /><testcase classname="test_iteration22_refer_a_friend.TestReferMe" name="test_refer_me_backfills_for_legacy_user" time="1.098" /><testcase classname="test_iteration22_refer_a_friend.TestSignupRefBehavior" name="test_signup_with_valid_ref_creates_pending_and_sets_referred_by" time="17.104" /><testcase classname="test_iteration22_refer_a_friend.TestSignupRefBehavior" name="test_signup_with_invalid_ref_code_rejected_with_400" time="0.143" /><testcase classname="test_iteration22_refer_a_friend.TestSignupRefBehavior" name="test_signup_self_referral_silently_dropped" time="9.184" /><testcase classname="test_iteration22_refer_a_friend.TestSignupRefBehavior" name="test_signup_self_referral_path_via_signup_logic" time="9.510" /><testcase classname="test_iteration22_refer_a_friend.TestSignupRefBehavior" name="test_signup_ref_ignored_for_professional_role" time="2.077" /><testcase classname="test_iteration22_refer_a_friend.TestSignupRefBehavior" name="test_signup_ref_ignored_for_employer_role" time="1.140" /><testcase classname="test_iteration22_refer_a_friend.TestVerifyOtpReferralCompletion" name="test_first_student_verification_awards_referrer" time="2.095" /><testcase classname="test_iteration22_refer_a_friend.TestVerifyOtpReferralCompletion" name="test_welcome_bonus_returned_without_ref" time="1.096" /><testcase classname="test_iteration22_refer_a_friend.TestReferList" name="test_refer_list_returns_masked_emails_newest_first" time="2.768" /><testcase classname="test_iteration22_refer_a_friend.TestReferMeStatsReflectActivity" name="test_stats_increment_after_referral_completion" time="5.712" /><testcase classname="test_iter23_refer_validate.TestReferValidate" name="test_empty_code_is_valid" time="0.119" /><testcase classname="test_iter23_refer_validate.TestReferValidate" name="test_whitespace_code_is_valid" time="0.109" /><testcase classname="test_iter23_refer_validate.TestReferValidate" name="test_valid_code_returns_owner_name" time="0.126" /><testcase classname="test_iter23_refer_validate.TestReferValidate" name="test_valid_code_lowercased_input" time="0.107" /><testcase classname="test_iter23_refer_validate.TestReferValidate" name="test_bogus_code_returns_canonical_message" time="0.098" /><testcase classname="test_iter23_refer_validate.TestReferValidate" name="test_suspended_owner_code_invalid" time="0.119" /><testcase classname="test_iter23_refer_validate.TestSignupRefBehavior" name="test_signup_without_ref_succeeds" time="0.768" /><testcase classname="test_iter23_refer_validate.TestSignupRefBehavior" name="test_signup_with_empty_string_ref_succeeds" time="0.735" /><testcase classname="test_iter23_refer_validate.TestSignupRefBehavior" name="test_signup_with_valid_ref_creates_pending_referral" time="0.765" /><testcase classname="test_iter23_refer_validate.TestSignupRefBehavior" name="test_signup_with_bogus_ref_returns_400_and_no_user" time="0.113" /><testcase classname="test_iter23_refer_validate.TestSignupRefBehavior" name="test_signup_with_suspended_owner_ref_returns_400" time="0.115" /><testcase classname="test_iter23_refer_validate.TestVerifyOtpReferralCompletion" name="test_verify_otp_awards_referrer_and_returns_welcome_bonus" time="1.035" /></testsuite></testsuites>