<?xml version="1.0" encoding="utf-8"?><testsuites name="pytest tests"><testsuite name="pytest" errors="0" failures="0" skipped="0" tests="9" time="20.184" timestamp="2026-06-23T08:40:34.671728+00:00" hostname="agent-env-376034b0-5444-43e2-97fc-f8b3c10d6b69"><testcase classname="tests.test_iteration25_complete_interview.TestCompleteValidation" name="test_no_feedback_rejected_422" time="2.587" /><testcase classname="tests.test_iteration25_complete_interview.TestCompleteValidation" name="test_short_feedback_rejected" time="2.086" /><testcase classname="tests.test_iteration25_complete_interview.TestCompleteValidation" name="test_no_proof_rejected_422" time="2.049" /><testcase classname="tests.test_iteration25_complete_interview.TestCompleteValidation" name="test_short_proof_rejected" time="1.993" /><testcase classname="tests.test_iteration25_complete_interview.TestCompleteValidation" name="test_complete_before_start_blocked" time="2.090" /><testcase classname="tests.test_iteration25_complete_interview.TestCompleteHappyPath" name="test_complete_awards_credits_persists_proof_and_visibility" time="2.220" /><testcase classname="tests.test_iteration25_complete_interview.TestCompleteHappyPath" name="test_aggregations_after_complete" time="2.028" /><testcase classname="tests.test_iteration25_complete_interview.TestCompleteRBAC" name="test_student_cannot_complete" time="2.060" /><testcase classname="tests.test_iteration25_complete_interview.TestCompleteRBAC" name="test_other_pro_cannot_complete" time="2.967" /></testsuite></testsuites>