<?xml version="1.0" encoding="utf-8"?><testsuites name="pytest tests"><testsuite name="pytest" errors="0" failures="0" skipped="0" tests="162" time="286.825" timestamp="2026-06-11T16:12:42.752890+00:00" hostname="agent-env-376034b0-5444-43e2-97fc-f8b3c10d6b69"><testcase classname="backend.tests.test_iteration10.TestEmployerSignupBlocked" name="test_signup_role_employer_returns_400_with_contact_message" time="0.146" /><testcase classname="backend.tests.test_iteration10.TestEmployerSignupBlocked" name="test_signup_role_employer_blocked_even_with_company_domain" time="0.102" /><testcase classname="backend.tests.test_iteration10.TestEmployerSignupBlocked" name="test_signup_student_still_works" time="1.097" /><testcase classname="backend.tests.test_iteration10.TestStudentMeRanks" name="test_ranks_returns_all_keys_for_fresh_student" time="1.115" /><testcase classname="backend.tests.test_iteration10.TestStudentMeRanks" name="test_ranks_after_profile_update_picks_up_primary_skill_and_category" time="1.171" /><testcase classname="backend.tests.test_iteration10.TestStudentMeRanks" name="test_ranks_forbidden_for_pro" time="1.036" /><testcase classname="backend.tests.test_iteration10.TestStudentMeRanks" name="test_ranks_forbidden_for_employer" time="0.633" /><testcase classname="backend.tests.test_iteration10.TestStudentMeRanks" name="test_ranks_requires_auth" time="0.142" /><testcase classname="backend.tests.test_iteration4.TestProfessionalEmailValidation" name="test_personal_domain_blocked[gmail.com]" time="0.103" /><testcase classname="backend.tests.test_iteration4.TestProfessionalEmailValidation" name="test_personal_domain_blocked[yahoo.com]" time="0.094" /><testcase classname="backend.tests.test_iteration4.TestProfessionalEmailValidation" name="test_personal_domain_blocked[outlook.com]" time="0.196" /><testcase classname="backend.tests.test_iteration4.TestProfessionalEmailValidation" name="test_personal_domain_blocked[rediffmail.com]" time="0.100" /><testcase classname="backend.tests.test_iteration4.TestProfessionalEmailValidation" name="test_company_domain_allowed" time="0.808" /><testcase classname="backend.tests.test_iteration4.TestProfessionalEmailValidation" name="test_student_personal_domain_allowed" time="0.780" /><testcase classname="backend.tests.test_iteration4.TestSuspendActivateDelete" name="test_suspend_then_login_blocked" time="2.071" /><testcase classname="backend.tests.test_iteration4.TestSuspendActivateDelete" name="test_admin_only_suspend" time="2.115" /><testcase classname="backend.tests.test_iteration4.TestSuspendActivateDelete" name="test_delete_user" time="0.940" /><testcase classname="backend.tests.test_iteration4.TestJobsIteration4" name="test_pro_can_post_job" time="1.115" /><testcase classname="backend.tests.test_iteration4.TestJobsIteration4" name="test_experienced_requires_experience_required" time="0.595" /><testcase classname="backend.tests.test_iteration4.TestJobsIteration4" name="test_get_single_job_with_applied_flag" time="1.767" /><testcase classname="backend.tests.test_iteration4.TestJobsIteration4" name="test_filter_jobs" time="1.615" /><testcase classname="backend.tests.test_iteration4.TestJobsIteration4" name="test_patch_owner_only" time="2.140" /><testcase classname="backend.tests.test_iteration4.TestJobsIteration4" name="test_close_reopen" time="0.868" /><testcase classname="backend.tests.test_iteration4.TestJobsIteration4" name="test_applicants_owner_only" time="2.834" /><testcase classname="backend.tests.test_iteration4.TestInsufficientCredits" name="test_apply_402_when_no_free_no_credits" time="2.036" /><testcase classname="backend.tests.test_iteration4.TestApplicationStatusPipeline" name="test_status_change_proof_and_admin_action_hire" time="3.210" /><testcase classname="backend.tests.test_iteration4.TestApplicationStatusPipeline" name="test_status_change_reject_notifies" time="3.110" /><testcase classname="backend.tests.test_iteration4.TestSlotsIteration4" name="test_slot_creates_jitsi_url" time="1.088" /><testcase classname="backend.tests.test_iteration4.TestSlotsIteration4" name="test_slot_min_1h_enforced" time="1.117" /><testcase classname="backend.tests.test_iteration4.TestSlotsIteration4" name="test_slot_max_5h_per_day" time="1.410" /><testcase classname="backend.tests.test_iteration4.TestSlotsIteration4" name="test_book_returns_meeting_url" time="2.481" /><testcase classname="backend.tests.test_iteration4.TestLeaderboardIteration4" name="test_leaderboard_fields" time="8.766" /><testcase classname="backend.tests.test_iteration4.TestLeaderboardIteration4" name="test_leaderboard_filters" time="17.038" /><testcase classname="backend.tests.test_iteration4.TestAdminIteration4" name="test_expanded_stats" time="0.484" /><testcase classname="backend.tests.test_iteration4.TestAdminIteration4" name="test_wallet_refund" time="1.526" /><testcase classname="backend.tests.test_iteration4.TestAdminIteration4" name="test_admin_delete_job" time="0.974" /><testcase classname="backend.tests.test_iteration4.TestAdminIteration4" name="test_admin_delete_interview_refunds_booked_student" time="2.980" /><testcase classname="backend.tests.test_iteration5.TestMockOTPReturn" name="test_signup_returns_mock_otp" time="0.986" /><testcase classname="backend.tests.test_iteration5.TestMockOTPReturn" name="test_forgot_password_returns_mock_otp" time="1.573" /><testcase classname="backend.tests.test_iteration5.TestFreshUserSafeDefaults" name="test_auth_me_safe_for_fresh_user" time="1.040" /><testcase classname="backend.tests.test_iteration5.TestFreshUserSafeDefaults" name="test_leaderboard_safe_for_fresh_user" time="8.302" /><testcase classname="backend.tests.test_iteration5.TestFreshUserSafeDefaults" name="test_profile_minimal_payload_ok" time="1.160" /><testcase classname="backend.tests.test_iteration5.TestLeaderboardPagination" name="test_pagination_shape_and_required_fields" time="8.815" /><testcase classname="backend.tests.test_iteration5.TestProfileNewFields" name="test_profile_persists_phone_photo_certs_projects" time="1.240" /><testcase classname="backend.tests.test_iteration5.TestMyBookings" name="test_student_sees_booked_slots_with_counterparty" time="2.525" /><testcase classname="backend.tests.test_iteration5.TestMyBookings" name="test_pro_sees_booked_slot_with_student_as_counterparty" time="2.584" /><testcase classname="backend.tests.test_iteration5.TestMyBookings" name="test_employer_my_bookings_empty" time="0.631" /><testcase classname="backend.tests.test_iteration5.TestMyBookings" name="test_admin_my_bookings_empty" time="0.378" /><testcase classname="backend.tests.test_iteration5.TestMyBookings" name="test_join_enabled_window" time="2.581" /><testcase classname="backend.tests.test_iteration5.TestMyBookings" name="test_join_enabled_false_for_far_future" time="2.432" /><testcase classname="backend.tests.test_iteration6.TestInterviewJoinedAndComplete" name="test_joined_endpoint" time="3.624" /><testcase classname="backend.tests.test_iteration6.TestInterviewJoinedAndComplete" name="test_complete_requires_both_joined" time="2.647" /><testcase classname="backend.tests.test_iteration6.TestInterviewJoinedAndComplete" name="test_complete_requires_min_duration" time="2.776" /><testcase classname="backend.tests.test_iteration6.TestInterviewJoinedAndComplete" name="test_complete_happy_returns_35_and_pro_rating" time="2.546" /><testcase classname="backend.tests.test_iteration6.TestProLeaderboardRating" name="test_leaderboard_row_shape" time="1.133" /><testcase classname="backend.tests.test_iteration6.TestJobPostReward" name="test_pro_posted_job_4_apps_awards_100_once" time="6.397" /><testcase classname="backend.tests.test_iteration6.TestJobPostReward" name="test_employer_posted_job_no_reward" time="4.684" /><testcase classname="backend.tests.test_iteration6.TestHireValidation" name="test_hire_no_note_no_proof_400" time="1.790" /><testcase classname="backend.tests.test_iteration6.TestHireValidation" name="test_hire_with_note_goes_pending" time="1.689" /><testcase classname="backend.tests.test_iteration6.TestAdminApproveHire" name="test_employer_gets_1500_and_referrer_500" time="3.202" /><testcase classname="backend.tests.test_iteration6.TestReferOwn" name="test_only_posting_pro_can_refer_own" time="3.160" /><testcase classname="backend.tests.test_iteration6.TestJobsVisibilityForPro" name="test_pro_does_not_see_other_pro_jobs_but_sees_employer_jobs" time="3.141" /><testcase classname="backend.tests.test_iteration6.TestJobsVisibilityForPro" name="test_mine_true_returns_only_caller_jobs_with_applications_count" time="3.792" /><testcase classname="backend.tests.test_iteration7" name="test_auth_me_pro_includes_profile_completion" time="1.117" /><testcase classname="backend.tests.test_iteration7" name="test_auth_me_student_does_not_have_profile_completion" time="1.076" /><testcase classname="backend.tests.test_iteration7" name="test_gmail_send_otp_rejects_non_gmail_domain" time="1.145" /><testcase classname="backend.tests.test_iteration7" name="test_gmail_send_otp_rejects_same_as_login_email" time="1.083" /><testcase classname="backend.tests.test_iteration7" name="test_gmail_send_otp_rejects_invalid_email" time="1.024" /><testcase classname="backend.tests.test_iteration7" name="test_gmail_send_otp_success_returns_mock_otp" time="1.495" /><testcase classname="backend.tests.test_iteration7" name="test_gmail_send_otp_blocks_for_non_pro" time="1.091" /><testcase classname="backend.tests.test_iteration7" name="test_gmail_verify_wrong_otp_returns_400" time="1.811" /><testcase classname="backend.tests.test_iteration7" name="test_gmail_verify_no_pending_returns_400" time="1.019" /><testcase classname="backend.tests.test_iteration7" name="test_gmail_verify_success_sets_user_flags" time="1.754" /><testcase classname="backend.tests.test_iteration7" name="test_profile_completion_increases_with_fields" time="1.943" /><testcase classname="backend.tests.test_iteration7" name="test_pro_profile_fields_persist" time="1.146" /><testcase classname="backend.tests.test_iteration7" name="test_pro_profile_accepts_alternate_gmail_field_but_does_not_verify" time="1.198" /><testcase classname="backend.tests.test_iteration7" name="test_jobs_mine_true_no_trailing_slash_no_redirect" time="2.109" /><testcase classname="backend.tests.test_iteration7" name="test_jobs_mine_true_returns_only_caller_jobs" time="1.205" /><testcase classname="backend.tests.test_iteration8.TestProfessionalsHasAvailableSlots" name="test_pro_without_slots_excluded_for_students" time="2.046" /><testcase classname="backend.tests.test_iteration8.TestProfessionalsHasAvailableSlots" name="test_pro_with_future_slot_included" time="2.138" /><testcase classname="backend.tests.test_iteration8.TestProfessionalsHasAvailableSlots" name="test_explicit_has_available_slots_false_includes_all" time="2.158" /><testcase classname="backend.tests.test_iteration8.TestProfessionalsFilters" name="test_skill_partial_case_insensitive" time="3.173" /><testcase classname="backend.tests.test_iteration8.TestProfessionalsFilters" name="test_location_partial_case_insensitive" time="2.246" /><testcase classname="backend.tests.test_iteration8.TestProfessionalsFilters" name="test_category_fresher_vs_experienced" time="3.274" /><testcase classname="backend.tests.test_iteration8.TestProfessionalsFilters" name="test_date_filter_matches_only_that_day" time="2.356" /><testcase classname="backend.tests.test_iteration8.TestJobsSynonyms" name="test_location_bangalore_matches_bengaluru_job" time="1.626" /><testcase classname="backend.tests.test_iteration8.TestJobsSynonyms" name="test_location_bombay_matches_mumbai_job" time="1.635" /><testcase classname="backend.tests.test_iteration8.TestJobsSynonyms" name="test_skill_java_partial_match" time="1.878" /><testcase classname="backend.tests.test_iteration8.TestJobsSynonyms" name="test_skill_sql_partial_match" time="1.667" /><testcase classname="backend.tests.test_iteration8.TestExpandCityHelper" name="test_city_synonym_returns_matching_job[Chennai-Madras]" time="1.635" /><testcase classname="backend.tests.test_iteration8.TestExpandCityHelper" name="test_city_synonym_returns_matching_job[Madras-Chennai]" time="1.732" /><testcase classname="backend.tests.test_iteration8.TestExpandCityHelper" name="test_city_synonym_returns_matching_job[Kolkata-Calcutta]" time="1.656" /><testcase classname="backend.tests.test_iteration8.TestExpandCityHelper" name="test_city_synonym_returns_matching_job[Calcutta-Kolkata]" time="1.677" /><testcase classname="backend.tests.test_iteration8.TestExpandCityHelper" name="test_city_synonym_returns_matching_job[Gurgaon-Gurugram]" time="1.621" /><testcase classname="backend.tests.test_iteration8.TestExpandCityHelper" name="test_city_synonym_returns_matching_job[Gurugram-Gurgaon]" time="1.668" /><testcase classname="backend.tests.test_iteration8.TestExpandCityHelper" name="test_city_synonym_returns_matching_job[Trivandrum-Thiruvananthapuram]" time="1.647" /><testcase classname="backend.tests.test_iteration8.TestExpandCityHelper" name="test_city_synonym_returns_matching_job[Thiruvananthapuram-Trivandrum]" time="1.612" /><testcase classname="backend.tests.test_iteration9.TestSlotCreationGmailGate" name="test_slot_creation_requires_gmail_verified_403" time="1.133" /><testcase classname="backend.tests.test_iteration9.TestSlotCreationGmailGate" name="test_slot_creation_empty_skill_set_400" time="1.022" /><testcase classname="backend.tests.test_iteration9.TestSlotCreationGmailGate" name="test_slot_creation_omitted_skill_set_400" time="1.079" /><testcase classname="backend.tests.test_iteration9.TestSlotCreationGmailGate" name="test_slot_creation_success_with_gmail_and_skill" time="1.074" /><testcase classname="backend.tests.test_iteration9.TestJobPostingMandatoryFields" name="test_missing_title_400" time="0.650" /><testcase classname="backend.tests.test_iteration9.TestJobPostingMandatoryFields" name="test_missing_description_400" time="0.612" /><testcase classname="backend.tests.test_iteration9.TestJobPostingMandatoryFields" name="test_missing_location_400" time="0.591" /><testcase classname="backend.tests.test_iteration9.TestJobPostingMandatoryFields" name="test_missing_skills_required_400" time="0.607" /><testcase classname="backend.tests.test_iteration9.TestJobPostingMandatoryFields" name="test_skills_required_only_whitespace_400" time="0.588" /><testcase classname="backend.tests.test_iteration9.TestJobOpenPositionsLabel" name="test_label_1_to_10_persists" time="0.602" /><testcase classname="backend.tests.test_iteration9.TestJobOpenPositionsLabel" name="test_label_100_plus_persists" time="0.608" /><testcase classname="backend.tests.test_iteration9.TestJobOpenPositionsLabel" name="test_default_label_1_to_5_when_omitted" time="0.594" /><testcase classname="backend.tests.test_iteration9.TestJobOpenPositionsLabel" name="test_label_persisted_on_get_jobs" time="0.640" /><testcase classname="backend.tests.test_iteration9.TestProMissingFields" name="test_me_returns_missing_fields_for_raw_pro" time="1.100" /><testcase classname="backend.tests.test_iteration9.TestProMissingFields" name="test_full_profile_clears_missing_fields" time="1.163" /><testcase classname="backend.tests.test_iteration9.TestProMissingFields" name="test_alternate_gmail_otp_drops_missing_entry" time="1.857" /><testcase classname="backend.tests.test_iteration9.TestJobNumericOpenPositionsBackCompat" name="test_numeric_open_positions_only_still_works" time="0.604" /><testcase classname="backend.tests.test_iteration9" name="test_missing_company_400_when_profile_blank" time="0.609" /><testcase classname="backend.tests.test_referme_api" name="test_health" time="0.105" /><testcase classname="backend.tests.test_referme_api.TestAuth" name="test_signup_returns_mock_otp" time="0.772" /><testcase classname="backend.tests.test_referme_api.TestAuth" name="test_signup_admin_blocked" time="0.121" /><testcase classname="backend.tests.test_referme_api.TestAuth" name="test_signup_duplicate" time="1.025" /><testcase classname="backend.tests.test_referme_api.TestAuth" name="test_login_requires_verification" time="1.041" /><testcase classname="backend.tests.test_referme_api.TestAuth" name="test_login_success" time="1.313" /><testcase classname="backend.tests.test_referme_api.TestAuth" name="test_login_bad_password" time="1.280" /><testcase classname="backend.tests.test_referme_api.TestAuth" name="test_me" time="1.108" /><testcase classname="backend.tests.test_referme_api.TestAuth" name="test_forgot_and_reset_password" time="2.257" /><testcase classname="backend.tests.test_referme_api.TestAuth" name="test_admin_login" time="0.316" /><testcase classname="backend.tests.test_referme_api.TestProfile" name="test_student_profile_completion" time="1.108" /><testcase classname="backend.tests.test_referme_api.TestProfile" name="test_pro_profile_completion" time="1.037" /><testcase classname="backend.tests.test_referme_api.TestWallet" name="test_wallet_initial" time="1.038" /><testcase classname="backend.tests.test_referme_api.TestWallet" name="test_first_deposit_bonus" time="1.234" /><testcase classname="backend.tests.test_referme_api.TestWallet" name="test_first_deposit_minimum_enforced" time="1.040" /><testcase classname="backend.tests.test_referme_api.TestWallet" name="test_subscription_plans" time="1.059" /><testcase classname="backend.tests.test_referme_api.TestInterviews" name="test_full_interview_flow" time="9.656" /><testcase classname="backend.tests.test_referme_api.TestInterviews" name="test_student_cannot_create_slot" time="1.191" /><testcase classname="backend.tests.test_referme_api.TestJobs" name="test_seeded_jobs" time="1.035" /><testcase classname="backend.tests.test_referme_api.TestJobs" name="test_apply_with_free" time="1.146" /><testcase classname="backend.tests.test_referme_api.TestJobs" name="test_referral_and_hire_flow" time="3.204" /><testcase classname="backend.tests.test_referme_api.TestLeaderboards" name="test_leaderboard_students" time="8.079" /><testcase classname="backend.tests.test_referme_api.TestLeaderboards" name="test_leaderboard_pros" time="1.195" /><testcase classname="backend.tests.test_referme_api.TestPayouts" name="test_payout_request_min_enforced" time="1.146" /><testcase classname="backend.tests.test_referme_api.TestPayouts" name="test_payout_insufficient_credits" time="1.102" /><testcase classname="backend.tests.test_referme_api.TestPayouts" name="test_full_payout_approve_flow" time="3.234" /><testcase classname="backend.tests.test_referme_api.TestAdmin" name="test_admin_stats" time="0.460" /><testcase classname="backend.tests.test_referme_api.TestAdmin" name="test_admin_users" time="0.463" /><testcase classname="backend.tests.test_referme_api.TestAdmin" name="test_rbac_student_blocked_from_admin" time="1.230" /><testcase classname="backend.tests.test_referme_api.TestDisputes" name="test_dispute_create_and_resolve" time="1.414" /><testcase classname="backend.tests.test_referme_api.TestNotifications" name="test_list_and_mark_all_read" time="1.191" /><testcase classname="backend.tests.test_referme_api" name="test_missing_token" time="0.094" /><testcase classname="backend.tests.test_referme_api" name="test_invalid_token" time="0.093" /><testcase classname="backend.tests.test_referme_api.TestProfileIteration3" name="test_others_education_requires_details" time="1.164" /><testcase classname="backend.tests.test_referme_api.TestProfileIteration3" name="test_experienced_requires_years_of_experience" time="1.207" /><testcase classname="backend.tests.test_referme_api.TestProfileIteration3" name="test_resume_link_alone_satisfies_resume" time="1.106" /><testcase classname="backend.tests.test_referme_api.TestProfileIteration3" name="test_resume_score_is_server_computed" time="1.107" /><testcase classname="backend.tests.test_referme_api.TestSlotIteration3" name="test_slot_invalid_format" time="1.136" /><testcase classname="backend.tests.test_referme_api.TestSlotIteration3" name="test_slot_end_before_start" time="1.100" /><testcase classname="backend.tests.test_referme_api.TestSlotIteration3" name="test_slot_past" time="1.184" /><testcase classname="backend.tests.test_referme_api.TestSlotIteration3" name="test_slot_too_short" time="1.094" /><testcase classname="backend.tests.test_referme_api.TestSlotIteration3" name="test_slot_overlap_rejected_adjacent_allowed" time="1.162" /><testcase classname="backend.tests.test_referme_api.TestSlotIteration3" name="test_list_slots_sorted" time="1.160" /><testcase classname="backend.tests.test_referme_api.TestJobsAppliedFlag" name="test_jobs_annotated_for_student" time="1.294" /><testcase classname="backend.tests.test_referme_api.TestApplicationsPool" name="test_pool_requires_professional" time="1.088" /><testcase classname="backend.tests.test_referme_api.TestApplicationsPool" name="test_pool_blocked_for_employer" time="0.617" /><testcase classname="backend.tests.test_referme_api.TestApplicationsPool" name="test_pool_hydrates_student_profile" time="2.896" /></testsuite></testsuites>