<?xml version="1.0" encoding="utf-8"?><testsuites name="pytest tests"><testsuite name="pytest" errors="0" failures="0" skipped="0" tests="63" time="95.292" timestamp="2026-06-12T06:26:38.090966+00:00" hostname="agent-env-376034b0-5444-43e2-97fc-f8b3c10d6b69"><testcase classname="test_referme_api" name="test_health" time="0.143" /><testcase classname="test_referme_api.TestAuth" name="test_signup_returns_mock_otp" time="0.734" /><testcase classname="test_referme_api.TestAuth" name="test_signup_admin_blocked" time="0.094" /><testcase classname="test_referme_api.TestAuth" name="test_signup_duplicate" time="1.027" /><testcase classname="test_referme_api.TestAuth" name="test_login_requires_verification" time="2.237" /><testcase classname="test_referme_api.TestAuth" name="test_login_success" time="1.244" /><testcase classname="test_referme_api.TestAuth" name="test_login_bad_password" time="1.348" /><testcase classname="test_referme_api.TestAuth" name="test_me" time="1.027" /><testcase classname="test_referme_api.TestAuth" name="test_forgot_and_reset_password" time="2.281" /><testcase classname="test_referme_api.TestAuth" name="test_admin_login" time="0.350" /><testcase classname="test_referme_api.TestProfile" name="test_student_profile_completion" time="1.155" /><testcase classname="test_referme_api.TestProfile" name="test_pro_profile_completion" time="1.133" /><testcase classname="test_referme_api.TestWallet" name="test_wallet_initial" time="1.030" /><testcase classname="test_referme_api.TestWallet" name="test_first_deposit_bonus" time="1.113" /><testcase classname="test_referme_api.TestWallet" name="test_first_deposit_minimum_enforced" time="1.004" /><testcase classname="test_referme_api.TestWallet" name="test_subscription_plans" time="1.076" /><testcase classname="test_referme_api.TestInterviews" name="test_full_interview_flow" time="9.995" /><testcase classname="test_referme_api.TestInterviews" name="test_student_cannot_create_slot" time="1.098" /><testcase classname="test_referme_api.TestJobs" name="test_seeded_jobs" time="1.039" /><testcase classname="test_referme_api.TestJobs" name="test_apply_with_free" time="1.152" /><testcase classname="test_referme_api.TestJobs" name="test_referral_and_hire_flow" time="3.011" /><testcase classname="test_referme_api.TestLeaderboards" name="test_leaderboard_students" time="9.004" /><testcase classname="test_referme_api.TestLeaderboards" name="test_leaderboard_pros" time="1.159" /><testcase classname="test_referme_api.TestPayouts" name="test_payout_request_min_enforced" time="1.059" /><testcase classname="test_referme_api.TestPayouts" name="test_payout_insufficient_credits" time="1.078" /><testcase classname="test_referme_api.TestPayouts" name="test_full_payout_approve_flow" time="3.107" /><testcase classname="test_referme_api.TestAdmin" name="test_admin_stats" time="0.436" /><testcase classname="test_referme_api.TestAdmin" name="test_admin_users" time="0.432" /><testcase classname="test_referme_api.TestAdmin" name="test_rbac_student_blocked_from_admin" time="1.118" /><testcase classname="test_referme_api.TestDisputes" name="test_dispute_create_and_resolve" time="1.357" /><testcase classname="test_referme_api.TestNotifications" name="test_list_and_mark_all_read" time="1.095" /><testcase classname="test_referme_api" name="test_missing_token" time="0.094" /><testcase classname="test_referme_api" name="test_invalid_token" time="0.092" /><testcase classname="test_referme_api.TestProfileIteration3" name="test_others_education_requires_details" time="1.086" /><testcase classname="test_referme_api.TestProfileIteration3" name="test_experienced_requires_years_of_experience" time="1.241" /><testcase classname="test_referme_api.TestProfileIteration3" name="test_resume_link_alone_satisfies_resume" time="1.106" /><testcase classname="test_referme_api.TestProfileIteration3" name="test_resume_score_is_server_computed" time="1.025" /><testcase classname="test_referme_api.TestSlotIteration3" name="test_slot_invalid_format" time="1.020" /><testcase classname="test_referme_api.TestSlotIteration3" name="test_slot_end_before_start" time="1.039" /><testcase classname="test_referme_api.TestSlotIteration3" name="test_slot_past" time="1.087" /><testcase classname="test_referme_api.TestSlotIteration3" name="test_slot_too_short" time="1.076" /><testcase classname="test_referme_api.TestSlotIteration3" name="test_slot_overlap_rejected_adjacent_allowed" time="1.141" /><testcase classname="test_referme_api.TestSlotIteration3" name="test_list_slots_sorted" time="1.157" /><testcase classname="test_referme_api.TestJobsAppliedFlag" name="test_jobs_annotated_for_student" time="1.227" /><testcase classname="test_referme_api.TestApplicationsPool" name="test_pool_requires_professional" time="1.102" /><testcase classname="test_referme_api.TestApplicationsPool" name="test_pool_blocked_for_employer" time="0.606" /><testcase classname="test_referme_api.TestApplicationsPool" name="test_pool_hydrates_student_profile" time="2.898" /><testcase classname="test_iteration_phaseb_phone_otp.TestPhoneSendOtp" name="test_send_otp_requires_auth" time="0.108" /><testcase classname="test_iteration_phaseb_phone_otp.TestPhoneSendOtp" name="test_send_otp_valid_phone" time="1.316" /><testcase classname="test_iteration_phaseb_phone_otp.TestPhoneSendOtp" name="test_send_otp_invalid_phone" time="1.084" /><testcase classname="test_iteration_phaseb_phone_otp.TestPhoneVerifyOtp" name="test_verify_otp_success_sets_phone_verified" time="1.657" /><testcase classname="test_iteration_phaseb_phone_otp.TestPhoneVerifyOtp" name="test_verify_otp_wrong_otp" time="1.484" /><testcase classname="test_iteration_phaseb_phone_otp.TestPhoneVerifyOtp" name="test_verify_otp_unknown_phone" time="1.002" /><testcase classname="test_iteration_phaseb_phone_otp.TestPhoneVerifyOtp" name="test_verify_otp_requires_auth" time="0.136" /><testcase classname="test_iteration_phaseb_phone_otp.TestPhoneVerifiedProfileGuards" name="test_phone_change_resets_verified" time="1.665" /><testcase classname="test_iteration_phaseb_phone_otp.TestPhoneVerifiedProfileGuards" name="test_phone_unchanged_keeps_verified" time="1.683" /><testcase classname="test_iteration_phaseb_phone_otp.TestPhoneVerifiedProfileGuards" name="test_client_supplied_phone_verified_ignored" time="1.081" /><testcase classname="test_iteration_phaseb_phone_otp.TestPhoneVerifiedProfileGuards" name="test_client_supplied_phone_verified_ignored_when_already_verified" time="1.563" /><testcase classname="test_iteration_phaseb_phone_otp.TestPhaseBRegression" name="test_health" time="0.123" /><testcase classname="test_iteration_phaseb_phone_otp.TestPhaseBRegression" name="test_me_works" time="1.015" /><testcase classname="test_iteration_phaseb_phone_otp.TestPhaseBRegression" name="test_jobs_list_works" time="1.042" /><testcase classname="test_iteration_phaseb_phone_otp.TestPhaseBRegression" name="test_wallet_works" time="0.998" /><testcase classname="test_iteration_phaseb_phone_otp.TestPhaseBRegression" name="test_leaderboard_works" time="9.102" /></testsuite></testsuites>