<?xml version="1.0" encoding="utf-8"?><testsuites name="pytest tests"><testsuite name="pytest" errors="0" failures="0" skipped="0" tests="4" time="4.609" timestamp="2026-07-01T17:09:12.012018+00:00" hostname="agent-env-376034b0-5444-43e2-97fc-f8b3c10d6b69"><testcase classname="tests.test_iter45_retest_regression.TestRegressionSmoke" name="test_admin_can_post_job" time="0.546" /><testcase classname="tests.test_iter45_retest_regression.TestRegressionSmoke" name="test_student_jobs_excludes_admin_source" time="1.443" /><testcase classname="tests.test_iter45_retest_regression.TestRegressionSmoke" name="test_student_source_professional_excludes_admin" time="1.343" /><testcase classname="tests.test_iter45_retest_regression.TestRegressionSmoke" name="test_student_source_admin_returns_admin_only" time="1.255" /></testsuite></testsuites>