<?xml version="1.0" encoding="utf-8"?><testsuites name="pytest tests"><testsuite name="pytest" errors="0" failures="0" skipped="0" tests="56" time="90.935" timestamp="2026-06-28T05:53:07.640695+00:00" hostname="agent-env-376034b0-5444-43e2-97fc-f8b3c10d6b69"><testcase classname="tests.test_iter34_your_slots_filter.TestYourSlotsFilter" name="test_pro_your_slots_hides_expired_available" time="3.253" /><testcase classname="tests.test_iter34_your_slots_filter.TestYourSlotsFilter" name="test_pro_your_slots_keeps_booked" time="3.229" /><testcase classname="tests.test_iter34_your_slots_filter.TestYourSlotsFilter" name="test_pro_your_slots_keeps_future_available" time="3.407" /><testcase classname="tests.test_iter34_your_slots_filter.TestCompletedSlotTransition" name="test_completed_slot_disappears_from_your_slots_but_remains_in_my_bookings" time="3.395" /><testcase classname="tests.test_iter34_your_slots_filter.TestStudentSideUntouched" name="test_student_listing_no_pro_id_only_available_future" time="3.407" /><testcase classname="tests.test_iter34_your_slots_filter.TestStudentSideUntouched" name="test_student_drilldown_with_pro_id_unchanged" time="3.202" /><testcase classname="tests.test_iter34_your_slots_filter.TestCancelledHidden" name="test_pro_your_slots_hides_cancelled" time="1.103" /><testcase classname="tests.test_iteration25_complete_interview.TestCompleteValidation" name="test_no_feedback_rejected_422" time="2.010" /><testcase classname="tests.test_iteration25_complete_interview.TestCompleteValidation" name="test_short_feedback_rejected" time="1.971" /><testcase classname="tests.test_iteration25_complete_interview.TestCompleteValidation" name="test_no_proof_rejected_422" time="1.970" /><testcase classname="tests.test_iteration25_complete_interview.TestCompleteValidation" name="test_short_proof_rejected" time="2.024" /><testcase classname="tests.test_iteration25_complete_interview.TestCompleteValidation" name="test_complete_before_start_blocked" time="2.029" /><testcase classname="tests.test_iteration25_complete_interview.TestCompleteHappyPath" name="test_complete_awards_credits_persists_proof_and_visibility" time="2.311" /><testcase classname="tests.test_iteration25_complete_interview.TestCompleteHappyPath" name="test_aggregations_after_complete" time="2.081" /><testcase classname="tests.test_iteration25_complete_interview.TestCompleteRBAC" name="test_student_cannot_complete" time="2.011" /><testcase classname="tests.test_iteration25_complete_interview.TestCompleteRBAC" name="test_other_pro_cannot_complete" time="3.011" /><testcase classname="tests.test_iter30_phaseb_regression.TestBackendBoots" name="test_root_responds" time="0.098" /><testcase classname="tests.test_iter30_phaseb_regression.TestBackendBoots" name="test_interviews_slots_endpoint_mounted" time="0.089" /><testcase classname="tests.test_iter30_phaseb_regression.TestCreateSlot" name="test_pro_only_student_blocked" time="1.032" /><testcase classname="tests.test_iter30_phaseb_regression.TestCreateSlot" name="test_unverified_pro_gets_403" time="1.079" /><testcase classname="tests.test_iter30_phaseb_regression.TestCreateSlot" name="test_skill_set_required" time="1.084" /><testcase classname="tests.test_iter30_phaseb_regression.TestCreateSlot" name="test_duration_must_be_multiple_of_30" time="1.122" /><testcase classname="tests.test_iter30_phaseb_regression.TestCreateSlot" name="test_create_slot_happy_path" time="1.061" /><testcase classname="tests.test_iter30_phaseb_regression.TestListSlots" name="test_requires_auth" time="0.093" /><testcase classname="tests.test_iter30_phaseb_regression.TestListSlots" name="test_student_sees_pro_slot" time="2.044" /><testcase classname="tests.test_iter30_phaseb_regression.TestBookFlow" name="test_book_consumes_free_use" time="3.380" /><testcase classname="tests.test_iter30_phaseb_regression.TestBookFlow" name="test_book_consumes_credits_when_no_free_uses" time="3.113" /><testcase classname="tests.test_iter30_phaseb_regression.TestJoinedAndComplete" name="test_joined_marks_user" time="3.277" /><testcase classname="tests.test_iter30_phaseb_regression.TestJoinedAndComplete" name="test_joined_strangers_forbidden" time="3.040" /><testcase classname="tests.test_iter30_phaseb_regression.TestApplyCanUseFree" name="test_apply_does_not_raise_nameerror" time="1.081" /><testcase classname="tests.test_iter30_phaseb_regression.TestApplyCanUseFree" name="test_apply_consumes_credits_when_no_free" time="1.087" /><testcase classname="tests.test_iter30_phaseb_regression.TestPhaseARegression" name="test_refer_validate_invalid" time="0.106" /><testcase classname="tests.test_iter30_phaseb_regression.TestPhaseARegression" name="test_refer_validate_empty" time="0.092" /><testcase classname="tests.test_iter30_phaseb_regression.TestPhaseARegression" name="test_refer_me_returns_user_code" time="1.193" /><testcase classname="tests.test_iter30_phaseb_regression.TestPhaseARegression" name="test_leaderboard_professionals" time="1.077" /><testcase classname="tests.test_iter30_phaseb_regression.TestPhaseARegression" name="test_leaderboard_students" time="1.140" /><testcase classname="tests.test_iter30_phaseb_regression.TestPhaseARegression" name="test_leaderboard_student_me_ranks" time="1.062" /><testcase classname="tests.test_iter30_phaseb_regression.TestPhaseARegression" name="test_leaderboard_pro_me_stats" time="1.082" /><testcase classname="tests.test_iter31_resend_migration.TestBackendBoot" name="test_api_mounted_not_404" time="0.095" /><testcase classname="tests.test_iter31_resend_migration.TestBackendBoot" name="test_no_import_or_name_errors_since_startup" time="0.011" /><testcase classname="tests.test_iter31_resend_migration.TestSignupViaResend" name="test_signup_returns_otp_and_logs_resend_ok" time="0.665" /><testcase classname="tests.test_iter31_resend_migration.TestSignupViaResend" name="test_verify_otp_returns_token" time="0.285" /><testcase classname="tests.test_iter31_resend_migration.TestForgotResetViaResend" name="test_forgot_password_logs_resend_ok" time="0.430" /><testcase classname="tests.test_iter31_resend_migration.TestForgotResetViaResend" name="test_reset_password_and_login_with_new_pw" time="1.043" /><testcase classname="tests.test_iter31_resend_migration.TestForgotResetViaResend" name="test_forgot_unknown_email_does_not_leak" time="1.052" /><testcase classname="tests.test_iter31_resend_migration.TestBookingEmailsViaResend" name="test_book_emits_two_resend_ok_lines" time="3.236" /><testcase classname="tests.test_iter31_resend_migration.TestAdminLoginRegression" name="test_admin_login_200" time="0.265" /><testcase classname="tests.test_iter32_booking_email_status" name="test_booking_record_has_both_email_status_sent" time="3.250" /><testcase classname="tests.test_iteration35_redemption_rate_1to1.TestRedemptionMyConstants" name="test_inr_per_credit_is_1_and_min_500" time="1.051" /><testcase classname="tests.test_iteration35_redemption_rate_1to1.TestRedemptionSubmitOneToOne" name="test_submit_500_credits_returns_500_inr" time="1.741" /><testcase classname="tests.test_iteration35_redemption_rate_1to1.TestRedemptionSubmitOneToOne" name="test_submit_1234_credits_returns_1234_inr" time="1.656" /><testcase classname="tests.test_iteration35_redemption_rate_1to1.TestAdminApproveAndPaidReferences" name="test_full_lifecycle_notifications_reference_1to1_amount" time="2.019" /><testcase classname="tests.test_iteration35_redemption_rate_1to1.TestTopupRegression" name="test_subscription_plans_subsequent_rate_unchanged" time="1.022" /><testcase classname="tests.test_iteration35_redemption_rate_1to1.TestTopupRegression" name="test_first_deposit_199_inr_creates_398_credits_bonus" time="1.193" /><testcase classname="tests.test_iteration35_redemption_rate_1to1.TestTopupRegression" name="test_subsequent_deposit_uses_1_inr_per_credit" time="1.100" /><testcase classname="tests.test_iteration35_redemption_rate_1to1.TestActionCostUnchanged" name="test_apply_deducts_49_credits" time="1.801" /></testsuite></testsuites>