<?xml version="1.0" encoding="utf-8"?><testsuites name="pytest tests"><testsuite name="pytest" errors="0" failures="0" skipped="0" tests="33" time="31.847" timestamp="2026-05-31T04:20:15.658320+00:00" hostname="agent-env-376034b0-5444-43e2-97fc-f8b3c10d6b69"><testcase classname="test_referme_api" name="test_health" time="0.942" /><testcase classname="test_referme_api.TestAuth" name="test_signup_returns_mock_otp" time="0.571" /><testcase classname="test_referme_api.TestAuth" name="test_signup_admin_blocked" time="0.104" /><testcase classname="test_referme_api.TestAuth" name="test_signup_duplicate" time="0.919" /><testcase classname="test_referme_api.TestAuth" name="test_login_requires_verification" time="0.846" /><testcase classname="test_referme_api.TestAuth" name="test_login_success" time="1.104" /><testcase classname="test_referme_api.TestAuth" name="test_login_bad_password" time="1.081" /><testcase classname="test_referme_api.TestAuth" name="test_me" time="0.876" /><testcase classname="test_referme_api.TestAuth" name="test_forgot_and_reset_password" time="1.855" /><testcase classname="test_referme_api.TestAuth" name="test_admin_login" time="0.330" /><testcase classname="test_referme_api.TestProfile" name="test_student_profile_completion" time="0.903" /><testcase classname="test_referme_api.TestProfile" name="test_pro_profile_completion" time="0.877" /><testcase classname="test_referme_api.TestWallet" name="test_wallet_initial" time="0.868" /><testcase classname="test_referme_api.TestWallet" name="test_first_deposit_bonus" time="1.025" /><testcase classname="test_referme_api.TestWallet" name="test_first_deposit_minimum_enforced" time="0.868" /><testcase classname="test_referme_api.TestWallet" name="test_subscription_plans" time="0.862" /><testcase classname="test_referme_api.TestInterviews" name="test_full_interview_flow" time="1.811" /><testcase classname="test_referme_api.TestInterviews" name="test_student_cannot_create_slot" time="0.898" /><testcase classname="test_referme_api.TestJobs" name="test_seeded_jobs" time="0.913" /><testcase classname="test_referme_api.TestJobs" name="test_apply_with_free" time="1.001" /><testcase classname="test_referme_api.TestJobs" name="test_referral_and_hire_flow" time="2.569" /><testcase classname="test_referme_api.TestLeaderboards" name="test_leaderboard_students" time="0.869" /><testcase classname="test_referme_api.TestLeaderboards" name="test_leaderboard_pros" time="0.905" /><testcase classname="test_referme_api.TestPayouts" name="test_payout_request_min_enforced" time="0.868" /><testcase classname="test_referme_api.TestPayouts" name="test_payout_insufficient_credits" time="0.879" /><testcase classname="test_referme_api.TestPayouts" name="test_full_payout_approve_flow" time="2.942" /><testcase classname="test_referme_api.TestAdmin" name="test_admin_stats" time="0.401" /><testcase classname="test_referme_api.TestAdmin" name="test_admin_users" time="0.375" /><testcase classname="test_referme_api.TestAdmin" name="test_rbac_student_blocked_from_admin" time="0.916" /><testcase classname="test_referme_api.TestDisputes" name="test_dispute_create_and_resolve" time="1.212" /><testcase classname="test_referme_api.TestNotifications" name="test_list_and_mark_all_read" time="0.961" /><testcase classname="test_referme_api" name="test_missing_token" time="0.111" /><testcase classname="test_referme_api" name="test_invalid_token" time="0.104" /></testsuite></testsuites>