<?xml version="1.0" encoding="utf-8"?><testsuites name="pytest tests"><testsuite name="pytest" errors="0" failures="0" skipped="0" tests="7" time="21.398" timestamp="2026-06-25T03:11:53.448875+00:00" hostname="agent-env-376034b0-5444-43e2-97fc-f8b3c10d6b69"><testcase classname="test_iter34_your_slots_filter.TestYourSlotsFilter" name="test_pro_your_slots_hides_expired_available" time="3.450" /><testcase classname="test_iter34_your_slots_filter.TestYourSlotsFilter" name="test_pro_your_slots_keeps_booked" time="3.377" /><testcase classname="test_iter34_your_slots_filter.TestYourSlotsFilter" name="test_pro_your_slots_keeps_future_available" time="3.255" /><testcase classname="test_iter34_your_slots_filter.TestCompletedSlotTransition" name="test_completed_slot_disappears_from_your_slots_but_remains_in_my_bookings" time="3.466" /><testcase classname="test_iter34_your_slots_filter.TestStudentSideUntouched" name="test_student_listing_no_pro_id_only_available_future" time="3.234" /><testcase classname="test_iter34_your_slots_filter.TestStudentSideUntouched" name="test_student_drilldown_with_pro_id_unchanged" time="3.403" /><testcase classname="test_iter34_your_slots_filter.TestCancelledHidden" name="test_pro_your_slots_hides_cancelled" time="1.107" /></testsuite></testsuites>