<?xml version="1.0" encoding="utf-8"?><testsuites name="pytest tests"><testsuite name="pytest" errors="0" failures="0" skipped="0" tests="162" time="279.115" timestamp="2026-06-11T05:24:12.445050+00:00" hostname="agent-env-376034b0-5444-43e2-97fc-f8b3c10d6b69"><testcase classname="tests.test_iteration10.TestEmployerSignupBlocked" name="test_signup_role_employer_returns_400_with_contact_message" time="0.176" /><testcase classname="tests.test_iteration10.TestEmployerSignupBlocked" name="test_signup_role_employer_blocked_even_with_company_domain" time="0.111" /><testcase classname="tests.test_iteration10.TestEmployerSignupBlocked" name="test_signup_student_still_works" time="1.128" /><testcase classname="tests.test_iteration10.TestStudentMeRanks" name="test_ranks_returns_all_keys_for_fresh_student" time="1.109" /><testcase classname="tests.test_iteration10.TestStudentMeRanks" name="test_ranks_after_profile_update_picks_up_primary_skill_and_category" time="1.167" /><testcase classname="tests.test_iteration10.TestStudentMeRanks" name="test_ranks_forbidden_for_pro" time="1.120" /><testcase classname="tests.test_iteration10.TestStudentMeRanks" name="test_ranks_forbidden_for_employer" time="0.670" /><testcase classname="tests.test_iteration10.TestStudentMeRanks" name="test_ranks_requires_auth" time="0.135" /><testcase classname="tests.test_iteration4.TestProfessionalEmailValidation" name="test_personal_domain_blocked[gmail.com]" time="0.150" /><testcase classname="tests.test_iteration4.TestProfessionalEmailValidation" name="test_personal_domain_blocked[yahoo.com]" time="0.100" /><testcase classname="tests.test_iteration4.TestProfessionalEmailValidation" name="test_personal_domain_blocked[outlook.com]" time="0.115" /><testcase classname="tests.test_iteration4.TestProfessionalEmailValidation" name="test_personal_domain_blocked[rediffmail.com]" time="0.118" /><testcase classname="tests.test_iteration4.TestProfessionalEmailValidation" name="test_company_domain_allowed" time="0.802" /><testcase classname="tests.test_iteration4.TestProfessionalEmailValidation" name="test_student_personal_domain_allowed" time="0.765" /><testcase classname="tests.test_iteration4.TestSuspendActivateDelete" name="test_suspend_then_login_blocked" time="1.906" /><testcase classname="tests.test_iteration4.TestSuspendActivateDelete" name="test_admin_only_suspend" time="2.201" /><testcase classname="tests.test_iteration4.TestSuspendActivateDelete" name="test_delete_user" time="0.951" /><testcase classname="tests.test_iteration4.TestJobsIteration4" name="test_pro_can_post_job" time="1.113" /><testcase classname="tests.test_iteration4.TestJobsIteration4" name="test_experienced_requires_experience_required" time="0.645" /><testcase classname="tests.test_iteration4.TestJobsIteration4" name="test_get_single_job_with_applied_flag" time="1.759" /><testcase classname="tests.test_iteration4.TestJobsIteration4" name="test_filter_jobs" time="1.724" /><testcase classname="tests.test_iteration4.TestJobsIteration4" name="test_patch_owner_only" time="2.207" /><testcase classname="tests.test_iteration4.TestJobsIteration4" name="test_close_reopen" time="0.819" /><testcase classname="tests.test_iteration4.TestJobsIteration4" name="test_applicants_owner_only" time="2.700" /><testcase classname="tests.test_iteration4.TestInsufficientCredits" name="test_apply_402_when_no_free_no_credits" time="1.860" /><testcase classname="tests.test_iteration4.TestApplicationStatusPipeline" name="test_status_change_proof_and_admin_action_hire" time="3.310" /><testcase classname="tests.test_iteration4.TestApplicationStatusPipeline" name="test_status_change_reject_notifies" time="3.122" /><testcase classname="tests.test_iteration4.TestSlotsIteration4" name="test_slot_creates_jitsi_url" time="1.091" /><testcase classname="tests.test_iteration4.TestSlotsIteration4" name="test_slot_min_1h_enforced" time="1.202" /><testcase classname="tests.test_iteration4.TestSlotsIteration4" name="test_slot_max_5h_per_day" time="1.362" /><testcase classname="tests.test_iteration4.TestSlotsIteration4" name="test_book_returns_meeting_url" time="2.560" /><testcase classname="tests.test_iteration4.TestLeaderboardIteration4" name="test_leaderboard_fields" time="6.680" /><testcase classname="tests.test_iteration4.TestLeaderboardIteration4" name="test_leaderboard_filters" time="12.291" /><testcase classname="tests.test_iteration4.TestAdminIteration4" name="test_expanded_stats" time="0.521" /><testcase classname="tests.test_iteration4.TestAdminIteration4" name="test_wallet_refund" time="1.568" /><testcase classname="tests.test_iteration4.TestAdminIteration4" name="test_admin_delete_job" time="0.995" /><testcase classname="tests.test_iteration4.TestAdminIteration4" name="test_admin_delete_interview_refunds_booked_student" time="2.970" /><testcase classname="tests.test_iteration5.TestMockOTPReturn" name="test_signup_returns_mock_otp" time="0.854" /><testcase classname="tests.test_iteration5.TestMockOTPReturn" name="test_forgot_password_returns_mock_otp" time="1.565" /><testcase classname="tests.test_iteration5.TestFreshUserSafeDefaults" name="test_auth_me_safe_for_fresh_user" time="1.053" /><testcase classname="tests.test_iteration5.TestFreshUserSafeDefaults" name="test_leaderboard_safe_for_fresh_user" time="6.616" /><testcase classname="tests.test_iteration5.TestFreshUserSafeDefaults" name="test_profile_minimal_payload_ok" time="1.229" /><testcase classname="tests.test_iteration5.TestLeaderboardPagination" name="test_pagination_shape_and_required_fields" time="6.652" /><testcase classname="tests.test_iteration5.TestProfileNewFields" name="test_profile_persists_phone_photo_certs_projects" time="1.254" /><testcase classname="tests.test_iteration5.TestMyBookings" name="test_student_sees_booked_slots_with_counterparty" time="2.552" /><testcase classname="tests.test_iteration5.TestMyBookings" name="test_pro_sees_booked_slot_with_student_as_counterparty" time="2.732" /><testcase classname="tests.test_iteration5.TestMyBookings" name="test_employer_my_bookings_empty" time="0.647" /><testcase classname="tests.test_iteration5.TestMyBookings" name="test_admin_my_bookings_empty" time="0.373" /><testcase classname="tests.test_iteration5.TestMyBookings" name="test_join_enabled_window" time="2.656" /><testcase classname="tests.test_iteration5.TestMyBookings" name="test_join_enabled_false_for_far_future" time="2.656" /><testcase classname="tests.test_iteration6.TestInterviewJoinedAndComplete" name="test_joined_endpoint" time="3.714" /><testcase classname="tests.test_iteration6.TestInterviewJoinedAndComplete" name="test_complete_requires_both_joined" time="2.579" /><testcase classname="tests.test_iteration6.TestInterviewJoinedAndComplete" name="test_complete_requires_min_duration" time="2.657" /><testcase classname="tests.test_iteration6.TestInterviewJoinedAndComplete" name="test_complete_happy_returns_35_and_pro_rating" time="2.674" /><testcase classname="tests.test_iteration6.TestProLeaderboardRating" name="test_leaderboard_row_shape" time="1.137" /><testcase classname="tests.test_iteration6.TestJobPostReward" name="test_pro_posted_job_4_apps_awards_100_once" time="6.520" /><testcase classname="tests.test_iteration6.TestJobPostReward" name="test_employer_posted_job_no_reward" time="4.979" /><testcase classname="tests.test_iteration6.TestHireValidation" name="test_hire_no_note_no_proof_400" time="1.699" /><testcase classname="tests.test_iteration6.TestHireValidation" name="test_hire_with_note_goes_pending" time="1.747" /><testcase classname="tests.test_iteration6.TestAdminApproveHire" name="test_employer_gets_1500_and_referrer_500" time="3.223" /><testcase classname="tests.test_iteration6.TestReferOwn" name="test_only_posting_pro_can_refer_own" time="3.284" /><testcase classname="tests.test_iteration6.TestJobsVisibilityForPro" name="test_pro_does_not_see_other_pro_jobs_but_sees_employer_jobs" time="3.022" /><testcase classname="tests.test_iteration6.TestJobsVisibilityForPro" name="test_mine_true_returns_only_caller_jobs_with_applications_count" time="3.908" /><testcase classname="tests.test_iteration7" name="test_auth_me_pro_includes_profile_completion" time="1.079" /><testcase classname="tests.test_iteration7" name="test_auth_me_student_does_not_have_profile_completion" time="1.051" /><testcase classname="tests.test_iteration7" name="test_gmail_send_otp_rejects_non_gmail_domain" time="1.135" /><testcase classname="tests.test_iteration7" name="test_gmail_send_otp_rejects_same_as_login_email" time="1.052" /><testcase classname="tests.test_iteration7" name="test_gmail_send_otp_rejects_invalid_email" time="1.107" /><testcase classname="tests.test_iteration7" name="test_gmail_send_otp_success_returns_mock_otp" time="1.546" /><testcase classname="tests.test_iteration7" name="test_gmail_send_otp_blocks_for_non_pro" time="3.925" /><testcase classname="tests.test_iteration7" name="test_gmail_verify_wrong_otp_returns_400" time="1.834" /><testcase classname="tests.test_iteration7" name="test_gmail_verify_no_pending_returns_400" time="1.156" /><testcase classname="tests.test_iteration7" name="test_gmail_verify_success_sets_user_flags" time="1.817" /><testcase classname="tests.test_iteration7" name="test_profile_completion_increases_with_fields" time="1.916" /><testcase classname="tests.test_iteration7" name="test_pro_profile_fields_persist" time="1.189" /><testcase classname="tests.test_iteration7" name="test_pro_profile_accepts_alternate_gmail_field_but_does_not_verify" time="1.213" /><testcase classname="tests.test_iteration7" name="test_jobs_mine_true_no_trailing_slash_no_redirect" time="1.167" /><testcase classname="tests.test_iteration7" name="test_jobs_mine_true_returns_only_caller_jobs" time="1.205" /><testcase classname="tests.test_iteration8.TestProfessionalsHasAvailableSlots" name="test_pro_without_slots_excluded_for_students" time="2.067" /><testcase classname="tests.test_iteration8.TestProfessionalsHasAvailableSlots" name="test_pro_with_future_slot_included" time="2.220" /><testcase classname="tests.test_iteration8.TestProfessionalsHasAvailableSlots" name="test_explicit_has_available_slots_false_includes_all" time="2.124" /><testcase classname="tests.test_iteration8.TestProfessionalsFilters" name="test_skill_partial_case_insensitive" time="3.327" /><testcase classname="tests.test_iteration8.TestProfessionalsFilters" name="test_location_partial_case_insensitive" time="2.213" /><testcase classname="tests.test_iteration8.TestProfessionalsFilters" name="test_category_fresher_vs_experienced" time="3.405" /><testcase classname="tests.test_iteration8.TestProfessionalsFilters" name="test_date_filter_matches_only_that_day" time="2.306" /><testcase classname="tests.test_iteration8.TestJobsSynonyms" name="test_location_bangalore_matches_bengaluru_job" time="1.663" /><testcase classname="tests.test_iteration8.TestJobsSynonyms" name="test_location_bombay_matches_mumbai_job" time="1.644" /><testcase classname="tests.test_iteration8.TestJobsSynonyms" name="test_skill_java_partial_match" time="1.777" /><testcase classname="tests.test_iteration8.TestJobsSynonyms" name="test_skill_sql_partial_match" time="1.808" /><testcase classname="tests.test_iteration8.TestExpandCityHelper" name="test_city_synonym_returns_matching_job[Chennai-Madras]" time="1.637" /><testcase classname="tests.test_iteration8.TestExpandCityHelper" name="test_city_synonym_returns_matching_job[Madras-Chennai]" time="1.716" /><testcase classname="tests.test_iteration8.TestExpandCityHelper" name="test_city_synonym_returns_matching_job[Kolkata-Calcutta]" time="1.636" /><testcase classname="tests.test_iteration8.TestExpandCityHelper" name="test_city_synonym_returns_matching_job[Calcutta-Kolkata]" time="1.645" /><testcase classname="tests.test_iteration8.TestExpandCityHelper" name="test_city_synonym_returns_matching_job[Gurgaon-Gurugram]" time="1.667" /><testcase classname="tests.test_iteration8.TestExpandCityHelper" name="test_city_synonym_returns_matching_job[Gurugram-Gurgaon]" time="1.693" /><testcase classname="tests.test_iteration8.TestExpandCityHelper" name="test_city_synonym_returns_matching_job[Trivandrum-Thiruvananthapuram]" time="1.681" /><testcase classname="tests.test_iteration8.TestExpandCityHelper" name="test_city_synonym_returns_matching_job[Thiruvananthapuram-Trivandrum]" time="1.600" /><testcase classname="tests.test_iteration9.TestSlotCreationGmailGate" name="test_slot_creation_requires_gmail_verified_403" time="1.027" /><testcase classname="tests.test_iteration9.TestSlotCreationGmailGate" name="test_slot_creation_empty_skill_set_400" time="1.167" /><testcase classname="tests.test_iteration9.TestSlotCreationGmailGate" name="test_slot_creation_omitted_skill_set_400" time="1.045" /><testcase classname="tests.test_iteration9.TestSlotCreationGmailGate" name="test_slot_creation_success_with_gmail_and_skill" time="1.087" /><testcase classname="tests.test_iteration9.TestJobPostingMandatoryFields" name="test_missing_title_400" time="0.635" /><testcase classname="tests.test_iteration9.TestJobPostingMandatoryFields" name="test_missing_description_400" time="0.607" /><testcase classname="tests.test_iteration9.TestJobPostingMandatoryFields" name="test_missing_location_400" time="0.626" /><testcase classname="tests.test_iteration9.TestJobPostingMandatoryFields" name="test_missing_skills_required_400" time="0.669" /><testcase classname="tests.test_iteration9.TestJobPostingMandatoryFields" name="test_skills_required_only_whitespace_400" time="0.587" /><testcase classname="tests.test_iteration9.TestJobOpenPositionsLabel" name="test_label_1_to_10_persists" time="0.604" /><testcase classname="tests.test_iteration9.TestJobOpenPositionsLabel" name="test_label_100_plus_persists" time="0.610" /><testcase classname="tests.test_iteration9.TestJobOpenPositionsLabel" name="test_default_label_1_to_5_when_omitted" time="0.631" /><testcase classname="tests.test_iteration9.TestJobOpenPositionsLabel" name="test_label_persisted_on_get_jobs" time="0.663" /><testcase classname="tests.test_iteration9.TestProMissingFields" name="test_me_returns_missing_fields_for_raw_pro" time="1.147" /><testcase classname="tests.test_iteration9.TestProMissingFields" name="test_full_profile_clears_missing_fields" time="1.167" /><testcase classname="tests.test_iteration9.TestProMissingFields" name="test_alternate_gmail_otp_drops_missing_entry" time="1.934" /><testcase classname="tests.test_iteration9.TestJobNumericOpenPositionsBackCompat" name="test_numeric_open_positions_only_still_works" time="0.602" /><testcase classname="tests.test_iteration9" name="test_missing_company_400_when_profile_blank" time="0.600" /><testcase classname="tests.test_referme_api" name="test_health" time="0.098" /><testcase classname="tests.test_referme_api.TestAuth" name="test_signup_returns_mock_otp" time="0.818" /><testcase classname="tests.test_referme_api.TestAuth" name="test_signup_admin_blocked" time="0.104" /><testcase classname="tests.test_referme_api.TestAuth" name="test_signup_duplicate" time="1.143" /><testcase classname="tests.test_referme_api.TestAuth" name="test_login_requires_verification" time="1.087" /><testcase classname="tests.test_referme_api.TestAuth" name="test_login_success" time="1.254" /><testcase classname="tests.test_referme_api.TestAuth" name="test_login_bad_password" time="1.320" /><testcase classname="tests.test_referme_api.TestAuth" name="test_me" time="1.143" /><testcase classname="tests.test_referme_api.TestAuth" name="test_forgot_and_reset_password" time="2.310" /><testcase classname="tests.test_referme_api.TestAuth" name="test_admin_login" time="0.363" /><testcase classname="tests.test_referme_api.TestProfile" name="test_student_profile_completion" time="1.073" /><testcase classname="tests.test_referme_api.TestProfile" name="test_pro_profile_completion" time="1.058" /><testcase classname="tests.test_referme_api.TestWallet" name="test_wallet_initial" time="1.077" /><testcase classname="tests.test_referme_api.TestWallet" name="test_first_deposit_bonus" time="1.238" /><testcase classname="tests.test_referme_api.TestWallet" name="test_first_deposit_minimum_enforced" time="1.050" /><testcase classname="tests.test_referme_api.TestWallet" name="test_subscription_plans" time="1.152" /><testcase classname="tests.test_referme_api.TestInterviews" name="test_full_interview_flow" time="8.487" /><testcase classname="tests.test_referme_api.TestInterviews" name="test_student_cannot_create_slot" time="1.148" /><testcase classname="tests.test_referme_api.TestJobs" name="test_seeded_jobs" time="1.088" /><testcase classname="tests.test_referme_api.TestJobs" name="test_apply_with_free" time="1.324" /><testcase classname="tests.test_referme_api.TestJobs" name="test_referral_and_hire_flow" time="3.052" /><testcase classname="tests.test_referme_api.TestLeaderboards" name="test_leaderboard_students" time="6.920" /><testcase classname="tests.test_referme_api.TestLeaderboards" name="test_leaderboard_pros" time="1.176" /><testcase classname="tests.test_referme_api.TestPayouts" name="test_payout_request_min_enforced" time="1.101" /><testcase classname="tests.test_referme_api.TestPayouts" name="test_payout_insufficient_credits" time="1.143" /><testcase classname="tests.test_referme_api.TestPayouts" name="test_full_payout_approve_flow" time="3.315" /><testcase classname="tests.test_referme_api.TestAdmin" name="test_admin_stats" time="0.495" /><testcase classname="tests.test_referme_api.TestAdmin" name="test_admin_users" time="0.483" /><testcase classname="tests.test_referme_api.TestAdmin" name="test_rbac_student_blocked_from_admin" time="1.188" /><testcase classname="tests.test_referme_api.TestDisputes" name="test_dispute_create_and_resolve" time="1.433" /><testcase classname="tests.test_referme_api.TestNotifications" name="test_list_and_mark_all_read" time="1.122" /><testcase classname="tests.test_referme_api" name="test_missing_token" time="0.102" /><testcase classname="tests.test_referme_api" name="test_invalid_token" time="0.098" /><testcase classname="tests.test_referme_api.TestProfileIteration3" name="test_others_education_requires_details" time="1.166" /><testcase classname="tests.test_referme_api.TestProfileIteration3" name="test_experienced_requires_years_of_experience" time="1.977" /><testcase classname="tests.test_referme_api.TestProfileIteration3" name="test_resume_link_alone_satisfies_resume" time="1.081" /><testcase classname="tests.test_referme_api.TestProfileIteration3" name="test_resume_score_is_server_computed" time="1.115" /><testcase classname="tests.test_referme_api.TestSlotIteration3" name="test_slot_invalid_format" time="1.101" /><testcase classname="tests.test_referme_api.TestSlotIteration3" name="test_slot_end_before_start" time="1.071" /><testcase classname="tests.test_referme_api.TestSlotIteration3" name="test_slot_past" time="1.163" /><testcase classname="tests.test_referme_api.TestSlotIteration3" name="test_slot_too_short" time="1.120" /><testcase classname="tests.test_referme_api.TestSlotIteration3" name="test_slot_overlap_rejected_adjacent_allowed" time="1.162" /><testcase classname="tests.test_referme_api.TestSlotIteration3" name="test_list_slots_sorted" time="1.218" /><testcase classname="tests.test_referme_api.TestJobsAppliedFlag" name="test_jobs_annotated_for_student" time="1.289" /><testcase classname="tests.test_referme_api.TestApplicationsPool" name="test_pool_requires_professional" time="1.144" /><testcase classname="tests.test_referme_api.TestApplicationsPool" name="test_pool_blocked_for_employer" time="0.594" /><testcase classname="tests.test_referme_api.TestApplicationsPool" name="test_pool_hydrates_student_profile" time="2.795" /></testsuite></testsuites>