<?xml version="1.0" encoding="utf-8"?><testsuites name="pytest tests"><testsuite name="pytest" errors="0" failures="2" skipped="0" tests="4" time="2.469" timestamp="2026-06-23T15:26:11.496998+00:00" hostname="agent-env-376034b0-5444-43e2-97fc-f8b3c10d6b69"><testcase classname="backend.tests.test_iteration28_pro_profile_view_edit" name="test_put_profile_no_photo_succeeds" time="1.895" /><testcase classname="backend.tests.test_iteration28_pro_profile_view_edit" name="test_put_profile_with_gender_education" time="0.295"><failure message="AssertionError: gender not persisted: {'phone': '+919876543210', 'company': 'AcmeCorp', 'designation': 'Senior Engineer', 'experience_years': 5, 'expertise': ['Python'], 'current_location': 'Bangalore', 'skills': ['Python'], 'phone_verified': False, 'phone_verified_at': None}&#10;assert None == 'male'&#10; +  where None = &lt;built-in method get of dict object at 0xf9b24feda0c0&gt;('gender')&#10; +    where &lt;built-in method get of dict object at 0xf9b24feda0c0&gt; = {'company': 'AcmeCorp', 'current_location': 'Bangalore', 'designation': 'Senior Engineer', 'experience_years': 5, ...}.get">backend/tests/test_iteration28_pro_profile_view_edit.py:108: in test_put_profile_with_gender_education
    assert p.get("gender") == "male", f"gender not persisted: {p}"
E   AssertionError: gender not persisted: {'phone': '+919876543210', 'company': 'AcmeCorp', 'designation': 'Senior Engineer', 'experience_years': 5, 'expertise': ['Python'], 'current_location': 'Bangalore', 'skills': ['Python'], 'phone_verified': False, 'phone_verified_at': None}
E   assert None == 'male'
E    +  where None = &lt;built-in method get of dict object at 0xf9b24feda0c0&gt;('gender')
E    +    where &lt;built-in method get of dict object at 0xf9b24feda0c0&gt; = {'company': 'AcmeCorp', 'current_location': 'Bangalore', 'designation': 'Senior Engineer', 'experience_years': 5, ...}.get</failure></testcase><testcase classname="backend.tests.test_iteration28_pro_profile_view_edit" name="test_put_profile_invalid_gender_rejected" time="0.102" /><testcase classname="backend.tests.test_iteration28_pro_profile_view_edit" name="test_pro_missing_fields_excludes_photo" time="0.126"><failure message="AssertionError: Backend still flagging 'Profile Photo' as missing — spec says it should be optional. missing=['Alternate Gmail Address', 'Profile Photo']&#10;assert 'Profile Photo' not in ['Alternate Gmail Address', 'Profile Photo']">backend/tests/test_iteration28_pro_profile_view_edit.py:132: in test_pro_missing_fields_excludes_photo
    assert "Profile Photo" not in missing, (
E   AssertionError: Backend still flagging 'Profile Photo' as missing — spec says it should be optional. missing=['Alternate Gmail Address', 'Profile Photo']
E   assert 'Profile Photo' not in ['Alternate Gmail Address', 'Profile Photo']</failure></testcase></testsuite></testsuites>