<?xml version="1.0" encoding="utf-8"?><testsuites name="pytest tests"><testsuite name="pytest" errors="0" failures="0" skipped="0" tests="6" time="13.127" timestamp="2026-06-28T14:47:05.938013+00:00" hostname="agent-env-376034b0-5444-43e2-97fc-f8b3c10d6b69"><testcase classname="tests.test_iter39_join_window.TestJoinWindowBoundaries" name="test_35min_before_start_disabled" time="2.464" /><testcase classname="tests.test_iter39_join_window.TestJoinWindowBoundaries" name="test_30min_before_start_enabled" time="2.079" /><testcase classname="tests.test_iter39_join_window.TestJoinWindowBoundaries" name="test_at_start_enabled" time="2.177" /><testcase classname="tests.test_iter39_join_window.TestJoinWindowBoundaries" name="test_at_end_enabled" time="2.117" /><testcase classname="tests.test_iter39_join_window.TestJoinWindowBoundaries" name="test_1min_after_end_disabled" time="2.063" /><testcase classname="tests.test_iter39_join_window.TestEndedSlotStillReturned" name="test_recently_ended_returns_with_slot_ended_true" time="2.129" /></testsuite></testsuites>