<?xml version="1.0" encoding="utf-8"?><testsuites name="pytest tests"><testsuite name="pytest" errors="0" failures="0" skipped="0" tests="22" time="26.764" timestamp="2026-06-24T14:26:42.178882+00:00" hostname="agent-env-376034b0-5444-43e2-97fc-f8b3c10d6b69"><testcase classname="tests.test_iter30_phaseb_regression.TestBackendBoots" name="test_root_responds" time="0.169" /><testcase classname="tests.test_iter30_phaseb_regression.TestBackendBoots" name="test_interviews_slots_endpoint_mounted" time="0.100" /><testcase classname="tests.test_iter30_phaseb_regression.TestCreateSlot" name="test_pro_only_student_blocked" time="1.120" /><testcase classname="tests.test_iter30_phaseb_regression.TestCreateSlot" name="test_unverified_pro_gets_403" time="1.056" /><testcase classname="tests.test_iter30_phaseb_regression.TestCreateSlot" name="test_skill_set_required" time="1.059" /><testcase classname="tests.test_iter30_phaseb_regression.TestCreateSlot" name="test_duration_must_be_multiple_of_30" time="1.064" /><testcase classname="tests.test_iter30_phaseb_regression.TestCreateSlot" name="test_create_slot_happy_path" time="1.107" /><testcase classname="tests.test_iter30_phaseb_regression.TestListSlots" name="test_requires_auth" time="0.137" /><testcase classname="tests.test_iter30_phaseb_regression.TestListSlots" name="test_student_sees_pro_slot" time="2.127" /><testcase classname="tests.test_iter30_phaseb_regression.TestBookFlow" name="test_book_consumes_free_use" time="2.516" /><testcase classname="tests.test_iter30_phaseb_regression.TestBookFlow" name="test_book_consumes_credits_when_no_free_uses" time="2.412" /><testcase classname="tests.test_iter30_phaseb_regression.TestJoinedAndComplete" name="test_joined_marks_user" time="2.519" /><testcase classname="tests.test_iter30_phaseb_regression.TestJoinedAndComplete" name="test_joined_strangers_forbidden" time="3.080" /><testcase classname="tests.test_iter30_phaseb_regression.TestApplyCanUseFree" name="test_apply_does_not_raise_nameerror" time="1.103" /><testcase classname="tests.test_iter30_phaseb_regression.TestApplyCanUseFree" name="test_apply_consumes_credits_when_no_free" time="1.095" /><testcase classname="tests.test_iter30_phaseb_regression.TestPhaseARegression" name="test_refer_validate_invalid" time="0.100" /><testcase classname="tests.test_iter30_phaseb_regression.TestPhaseARegression" name="test_refer_validate_empty" time="0.326" /><testcase classname="tests.test_iter30_phaseb_regression.TestPhaseARegression" name="test_refer_me_returns_user_code" time="1.066" /><testcase classname="tests.test_iter30_phaseb_regression.TestPhaseARegression" name="test_leaderboard_professionals" time="1.160" /><testcase classname="tests.test_iter30_phaseb_regression.TestPhaseARegression" name="test_leaderboard_students" time="1.150" /><testcase classname="tests.test_iter30_phaseb_regression.TestPhaseARegression" name="test_leaderboard_student_me_ranks" time="1.082" /><testcase classname="tests.test_iter30_phaseb_regression.TestPhaseARegression" name="test_leaderboard_pro_me_stats" time="1.084" /></testsuite></testsuites>