<?xml version="1.0" encoding="utf-8"?><testsuites name="pytest tests"><testsuite name="pytest" errors="0" failures="9" skipped="0" tests="24" time="27.290" timestamp="2026-07-01T16:59:01.805857+00:00" hostname="agent-env-376034b0-5444-43e2-97fc-f8b3c10d6b69"><testcase classname="tests.test_iteration14_jobs_photo.TestProfilePhoto" name="test_profile_photo_base64_persists" time="1.402" /><testcase classname="tests.test_iteration14_jobs_photo.TestJobPostingNewFields" name="test_post_job_with_all_new_fields" time="1.254"><failure message="AssertionError: {&quot;detail&quot;:&quot;Please add and verify your mobile number to continue. Go to Profile → Verify Mobile Number.&quot;}&#10;assert 403 == 200&#10; +  where 403 = &lt;Response [403]&gt;.status_code">E   AssertionError: {"detail":"Please add and verify your mobile number to continue. Go to Profile → Verify Mobile Number."}
    assert 403 == 200
     +  where 403 = &lt;Response [403]&gt;.status_code</failure></testcase><testcase classname="tests.test_iteration14_jobs_photo.TestJobPostingNewFields" name="test_post_job_category_intern" time="1.309"><failure message="AssertionError: {&quot;detail&quot;:&quot;Please add and verify your mobile number to continue. Go to Profile → Verify Mobile Number.&quot;}&#10;assert 403 == 200&#10; +  where 403 = &lt;Response [403]&gt;.status_code">E   AssertionError: {"detail":"Please add and verify your mobile number to continue. Go to Profile → Verify Mobile Number."}
    assert 403 == 200
     +  where 403 = &lt;Response [403]&gt;.status_code</failure></testcase><testcase classname="tests.test_iteration14_jobs_photo.TestJobPostingNewFields" name="test_post_job_industry_other_missing_specify" time="1.263"><failure message="AssertionError: {&quot;detail&quot;:&quot;Please add and verify your mobile number to continue. Go to Profile → Verify Mobile Number.&quot;}&#10;assert 403 == 400&#10; +  where 403 = &lt;Response [403]&gt;.status_code">E   AssertionError: {"detail":"Please add and verify your mobile number to continue. Go to Profile → Verify Mobile Number."}
    assert 403 == 400
     +  where 403 = &lt;Response [403]&gt;.status_code</failure></testcase><testcase classname="tests.test_iteration14_jobs_photo.TestJobPostingNewFields" name="test_post_job_location_other_missing_specify" time="1.359"><failure message="AssertionError: {&quot;detail&quot;:&quot;Please add and verify your mobile number to continue. Go to Profile → Verify Mobile Number.&quot;}&#10;assert 403 == 400&#10; +  where 403 = &lt;Response [403]&gt;.status_code">E   AssertionError: {"detail":"Please add and verify your mobile number to continue. Go to Profile → Verify Mobile Number."}
    assert 403 == 400
     +  where 403 = &lt;Response [403]&gt;.status_code</failure></testcase><testcase classname="tests.test_iteration14_jobs_photo.TestJobPostingNewFields" name="test_post_job_exp_max_less_than_min" time="1.247"><failure message="AssertionError: {&quot;detail&quot;:&quot;Please add and verify your mobile number to continue. Go to Profile → Verify Mobile Number.&quot;}&#10;assert 403 == 400&#10; +  where 403 = &lt;Response [403]&gt;.status_code">E   AssertionError: {"detail":"Please add and verify your mobile number to continue. Go to Profile → Verify Mobile Number."}
    assert 403 == 400
     +  where 403 = &lt;Response [403]&gt;.status_code</failure></testcase><testcase classname="tests.test_iteration14_jobs_photo.TestJobListing" name="test_sort_oldest_and_newest" time="3.590"><failure message="KeyError: 'id'">E   KeyError: 'id'</failure></testcase><testcase classname="tests.test_iteration14_jobs_photo.TestJobListing" name="test_applied_and_shortlisted_counts_on_all_jobs" time="2.340" /><testcase classname="tests.test_iteration14_jobs_photo.TestJobListing" name="test_overlap_experience_filter" time="2.612"><failure message="KeyError: 'id'">E   KeyError: 'id'</failure></testcase><testcase classname="tests.test_iteration14_jobs_photo.TestJobListing" name="test_category_intern_filter" time="2.511"><failure message="KeyError: 'id'">E   KeyError: 'id'</failure></testcase><testcase classname="tests.test_iteration14_jobs_photo.TestLegacyJobsCompat" name="test_legacy_job_no_new_fields_returned_safely" time="2.246"><failure message="AssertionError: Legacy job must surface in GET /jobs&#10;assert None is not None">E   AssertionError: Legacy job must surface in GET /jobs
    assert None is not None</failure></testcase><testcase classname="tests.test_iteration14_jobs_photo.TestSmokeRegression" name="test_auth_login_admin" time="0.385" /><testcase classname="tests.test_iteration14_jobs_photo.TestSmokeRegression" name="test_leaderboard_runs" time="1.194" /><testcase classname="tests.test_iteration17_filters.TestSkillFilter" name="test_skill_java_returns_only_java_jobs" time="2.119" /><testcase classname="tests.test_iteration17_filters.TestSkillFilter" name="test_skill_case_insensitive" time="0.284" /><testcase classname="tests.test_iteration17_filters.TestSkillFilter" name="test_skill_salesforce_returns_no_seeded_match" time="0.144" /><testcase classname="tests.test_iteration17_filters.TestIndustryFilter" name="test_industry_healthcare" time="0.146" /><testcase classname="tests.test_iteration17_filters.TestIndustryFilter" name="test_industry_software_services_it_url_encoded" time="0.285" /><testcase classname="tests.test_iteration17_filters.TestIndustryFilter" name="test_skill_and_industry_combined" time="0.296" /><testcase classname="tests.test_iteration17_filters.TestRegressions" name="test_auth_me" time="0.146" /><testcase classname="tests.test_iteration17_filters.TestRegressions" name="test_employer_login_and_jobs_list" time="0.144" /><testcase classname="tests.test_iteration17_filters.TestRegressions" name="test_profile_photo_base64_field_accepted" time="0.316" /><testcase classname="tests.test_iteration17_filters.TestRegressions" name="test_applications_list" time="0.162" /><testcase classname="tests.test_iteration17_filters.TestRegressions" name="test_interviews_list" time="0.430" /></testsuite></testsuites>