<?xml version="1.0" encoding="utf-8"?><testsuites name="pytest tests"><testsuite name="pytest" errors="0" failures="0" skipped="0" tests="21" time="6.022" timestamp="2026-07-06T05:21:18.840754+00:00" hostname="agent-env-376034b0-5444-43e2-97fc-f8b3c10d6b69"><testcase classname="backend.tests.test_iter53_wallet_router_refactor.TestWalletEndpoints" name="test_get_wallet_returns_required_fields" time="1.381" /><testcase classname="backend.tests.test_iter53_wallet_router_refactor.TestWalletEndpoints" name="test_get_wallet_unauthenticated_401" time="0.101" /><testcase classname="backend.tests.test_iter53_wallet_router_refactor.TestWalletEndpoints" name="test_subscription_plans_shape" time="0.100" /><testcase classname="backend.tests.test_iter53_wallet_router_refactor.TestWalletEndpoints" name="test_subscription_plans_unauth_401" time="0.099" /><testcase classname="backend.tests.test_iter53_wallet_router_refactor.TestDepositFlow" name="test_create_order_first_deposit_bonus" time="0.150" /><testcase classname="backend.tests.test_iter53_wallet_router_refactor.TestDepositFlow" name="test_confirm_deposit_credits_user" time="0.213" /><testcase classname="backend.tests.test_iter53_wallet_router_refactor.TestDepositFlow" name="test_confirm_deposit_invalid_order_404" time="0.111" /><testcase classname="backend.tests.test_iter53_wallet_router_refactor.TestDepositFlow" name="test_create_order_first_below_min_rejected" time="1.156" /><testcase classname="backend.tests.test_iter53_wallet_router_refactor.TestRedemption" name="test_get_my_redemptions_shape" time="0.423" /><testcase classname="backend.tests.test_iter53_wallet_router_refactor.TestRedemption" name="test_submit_redemption_deducts_and_locks" time="0.429" /><testcase classname="backend.tests.test_iter53_wallet_router_refactor.TestRedemption" name="test_submit_below_min_400" time="0.093" /><testcase classname="backend.tests.test_iter53_wallet_router_refactor.TestRedemption" name="test_submit_invalid_upi_400" time="0.099" /><testcase classname="backend.tests.test_iter53_wallet_router_refactor.TestRedemption" name="test_submit_role_gate_student_403" time="0.101" /><testcase classname="backend.tests.test_iter53_wallet_router_refactor.TestRedemption" name="test_my_redemptions_role_gate_student_403" time="0.099" /><testcase classname="backend.tests.test_iter53_wallet_router_refactor.TestRedemption" name="test_redemption_unauth_401" time="0.093" /><testcase classname="backend.tests.test_iter53_wallet_router_refactor.TestAdminRedemption" name="test_admin_list_and_counts" time="0.481" /><testcase classname="backend.tests.test_iter53_wallet_router_refactor.TestAdminRedemption" name="test_admin_reject_returns_credits" time="0.315" /><testcase classname="backend.tests.test_iter53_wallet_router_refactor.TestAdjacentEndpoints" name="test_auth_me_ok" time="0.098" /><testcase classname="backend.tests.test_iter53_wallet_router_refactor.TestAdjacentEndpoints" name="test_admin_transactions_search_ok" time="0.153" /><testcase classname="backend.tests.test_iter53_wallet_router_refactor.TestAdjacentEndpoints" name="test_jobs_apply_endpoint_reachable" time="0.108" /><testcase classname="backend.tests.test_iter53_wallet_router_refactor.TestAdjacentEndpoints" name="test_interviews_book_endpoint_reachable" time="0.097" /></testsuite></testsuites>